{"/Users/barathanaslan/Desktop/cmpe352/bounswe2025group3/practice-app/MobileApp/eslint.config.js": {"path":"/Users/barathanaslan/Desktop/cmpe352/bounswe2025group3/practice-app/MobileApp/eslint.config.js","statementMap":{"0":{"start":{"line":2,"column":25},"end":{"line":2,"column":49}},"1":{"start":{"line":3,"column":19},"end":{"line":3,"column":53}},"2":{"start":{"line":5,"column":0},"end":{"line":10,"column":3}}},"fnMap":{},"branchMap":{},"s":{"0":0,"1":0,"2":0},"f":{},"b":{}}
,"/Users/barathanaslan/Desktop/cmpe352/bounswe2025group3/practice-app/MobileApp/jest.config.js": {"path":"/Users/barathanaslan/Desktop/cmpe352/bounswe2025group3/practice-app/MobileApp/jest.config.js","statementMap":{"0":{"start":{"line":1,"column":0},"end":{"line":17,"column":2}}},"fnMap":{},"branchMap":{},"s":{"0":0},"f":{},"b":{}}
,"/Users/barathanaslan/Desktop/cmpe352/bounswe2025group3/practice-app/MobileApp/app/+not-found.tsx": {"path":"/Users/barathanaslan/Desktop/cmpe352/bounswe2025group3/practice-app/MobileApp/app/+not-found.tsx","statementMap":{"0":{"start":{"line":8,"column":2},"end":{"line":18,"column":4}},"1":{"start":{"line":21,"column":15},"end":{"line":32,"column":2}}},"fnMap":{"0":{"name":"NotFoundScreen","decl":{"start":{"line":7,"column":24},"end":{"line":7,"column":38}},"loc":{"start":{"line":7,"column":41},"end":{"line":19,"column":1}},"line":7}},"branchMap":{},"s":{"0":0,"1":0},"f":{"0":0},"b":{}}
,"/Users/barathanaslan/Desktop/cmpe352/bounswe2025group3/practice-app/MobileApp/app/UserContext.tsx": {"path":"/Users/barathanaslan/Desktop/cmpe352/bounswe2025group3/practice-app/MobileApp/app/UserContext.tsx","statementMap":{"0":{"start":{"line":26,"column":20},"end":{"line":26,"column":73}},"1":{"start":{"line":28,"column":23},"end":{"line":34,"column":1}},"2":{"start":{"line":29,"column":18},"end":{"line":29,"column":41}},"3":{"start":{"line":30,"column":2},"end":{"line":32,"column":3}},"4":{"start":{"line":31,"column":4},"end":{"line":31,"column":66}},"5":{"start":{"line":33,"column":2},"end":{"line":33,"column":17}},"6":{"start":{"line":36,"column":28},"end":{"line":102,"column":1}},"7":{"start":{"line":37,"column":26},"end":{"line":37,"column":60}},"8":{"start":{"line":38,"column":36},"end":{"line":38,"column":50}},"9":{"start":{"line":40,"column":27},"end":{"line":84,"column":3}},"10":{"start":{"line":41,"column":4},"end":{"line":41,"column":23}},"11":{"start":{"line":42,"column":4},"end":{"line":83,"column":5}},"12":{"start":{"line":43,"column":30},"end":{"line":43,"column":65}},"13":{"start":{"line":45,"column":6},"end":{"line":49,"column":7}},"14":{"start":{"line":46,"column":8},"end":{"line":46,"column":63}},"15":{"start":{"line":47,"column":8},"end":{"line":47,"column":22}},"16":{"start":{"line":48,"column":8},"end":{"line":48,"column":15}},"17":{"start":{"line":52,"column":24},"end":{"line":52,"column":65}},"18":{"start":{"line":53,"column":6},"end":{"line":53,"column":53}},"19":{"start":{"line":55,"column":6},"end":{"line":55,"column":46}},"20":{"start":{"line":56,"column":23},"end":{"line":56,"column":88}},"21":{"start":{"line":58,"column":6},"end":{"line":77,"column":7}},"22":{"start":{"line":59,"column":21},"end":{"line":59,"column":42}},"23":{"start":{"line":61,"column":8},"end":{"line":61,"column":74}},"24":{"start":{"line":62,"column":8},"end":{"line":62,"column":60}},"25":{"start":{"line":65,"column":8},"end":{"line":71,"column":9}},"26":{"start":{"line":66,"column":10},"end":{"line":66,"column":106}},"27":{"start":{"line":68,"column":10},"end":{"line":68,"column":43}},"28":{"start":{"line":69,"column":10},"end":{"line":69,"column":24}},"29":{"start":{"line":70,"column":10},"end":{"line":70,"column":17}},"30":{"start":{"line":73,"column":8},"end":{"line":73,"column":22}},"31":{"start":{"line":75,"column":8},"end":{"line":75,"column":72}},"32":{"start":{"line":76,"column":8},"end":{"line":76,"column":22}},"33":{"start":{"line":79,"column":6},"end":{"line":79,"column":59}},"34":{"start":{"line":80,"column":6},"end":{"line":80,"column":20}},"35":{"start":{"line":82,"column":6},"end":{"line":82,"column":26}},"36":{"start":{"line":86,"column":20},"end":{"line":88,"column":3}},"37":{"start":{"line":87,"column":4},"end":{"line":87,"column":18}},"38":{"start":{"line":90,"column":2},"end":{"line":92,"column":9}},"39":{"start":{"line":91,"column":4},"end":{"line":91,"column":23}},"40":{"start":{"line":94,"column":16},"end":{"line":99,"column":3}},"41":{"start":{"line":101,"column":2},"end":{"line":101,"column":79}}},"fnMap":{"0":{"name":"(anonymous_0)","decl":{"start":{"line":28,"column":23},"end":{"line":28,"column":24}},"loc":{"start":{"line":28,"column":29},"end":{"line":34,"column":1}},"line":28},"1":{"name":"(anonymous_1)","decl":{"start":{"line":36,"column":28},"end":{"line":36,"column":29}},"loc":{"start":{"line":36,"column":71},"end":{"line":102,"column":1}},"line":36},"2":{"name":"(anonymous_2)","decl":{"start":{"line":40,"column":27},"end":{"line":40,"column":28}},"loc":{"start":{"line":40,"column":39},"end":{"line":84,"column":3}},"line":40},"3":{"name":"(anonymous_3)","decl":{"start":{"line":86,"column":20},"end":{"line":86,"column":21}},"loc":{"start":{"line":86,"column":26},"end":{"line":88,"column":3}},"line":86},"4":{"name":"(anonymous_4)","decl":{"start":{"line":90,"column":12},"end":{"line":90,"column":13}},"loc":{"start":{"line":90,"column":18},"end":{"line":92,"column":3}},"line":90}},"branchMap":{"0":{"loc":{"start":{"line":30,"column":2},"end":{"line":32,"column":3}},"type":"if","locations":[{"start":{"line":30,"column":2},"end":{"line":32,"column":3}},{"start":{},"end":{}}],"line":30},"1":{"loc":{"start":{"line":45,"column":6},"end":{"line":49,"column":7}},"type":"if","locations":[{"start":{"line":45,"column":6},"end":{"line":49,"column":7}},{"start":{},"end":{}}],"line":45},"2":{"loc":{"start":{"line":58,"column":6},"end":{"line":77,"column":7}},"type":"if","locations":[{"start":{"line":58,"column":6},"end":{"line":77,"column":7}},{"start":{"line":74,"column":13},"end":{"line":77,"column":7}}],"line":58},"3":{"loc":{"start":{"line":65,"column":8},"end":{"line":71,"column":9}},"type":"if","locations":[{"start":{"line":65,"column":8},"end":{"line":71,"column":9}},{"start":{},"end":{}}],"line":65},"4":{"loc":{"start":{"line":65,"column":12},"end":{"line":65,"column":61}},"type":"binary-expr","locations":[{"start":{"line":65,"column":12},"end":{"line":65,"column":21}},{"start":{"line":65,"column":25},"end":{"line":65,"column":34}},{"start":{"line":65,"column":38},"end":{"line":65,"column":61}}],"line":65}},"s":{"0":0,"1":0,"2":0,"3":0,"4":0,"5":0,"6":0,"7":0,"8":0,"9":0,"10":0,"11":0,"12":0,"13":0,"14":0,"15":0,"16":0,"17":0,"18":0,"19":0,"20":0,"21":0,"22":0,"23":0,"24":0,"25":0,"26":0,"27":0,"28":0,"29":0,"30":0,"31":0,"32":0,"33":0,"34":0,"35":0,"36":0,"37":0,"38":0,"39":0,"40":0,"41":0},"f":{"0":0,"1":0,"2":0,"3":0,"4":0},"b":{"0":[0,0],"1":[0,0],"2":[0,0],"3":[0,0],"4":[0,0,0]}}
,"/Users/barathanaslan/Desktop/cmpe352/bounswe2025group3/practice-app/MobileApp/app/_layout.tsx": {"path":"/Users/barathanaslan/Desktop/cmpe352/bounswe2025group3/practice-app/MobileApp/app/_layout.tsx","statementMap":{"0":{"start":{"line":11,"column":0},"end":{"line":11,"column":36}},"1":{"start":{"line":14,"column":22},"end":{"line":14,"column":38}},"2":{"start":{"line":15,"column":19},"end":{"line":17,"column":4}},"3":{"start":{"line":19,"column":2},"end":{"line":23,"column":15}},"4":{"start":{"line":20,"column":4},"end":{"line":22,"column":5}},"5":{"start":{"line":21,"column":6},"end":{"line":21,"column":31}},"6":{"start":{"line":25,"column":2},"end":{"line":27,"column":3}},"7":{"start":{"line":26,"column":4},"end":{"line":26,"column":16}},"8":{"start":{"line":30,"column":2},"end":{"line":51,"column":4}}},"fnMap":{"0":{"name":"RootLayout","decl":{"start":{"line":13,"column":24},"end":{"line":13,"column":34}},"loc":{"start":{"line":13,"column":37},"end":{"line":52,"column":1}},"line":13},"1":{"name":"(anonymous_1)","decl":{"start":{"line":19,"column":12},"end":{"line":19,"column":13}},"loc":{"start":{"line":19,"column":18},"end":{"line":23,"column":3}},"line":19}},"branchMap":{"0":{"loc":{"start":{"line":20,"column":4},"end":{"line":22,"column":5}},"type":"if","locations":[{"start":{"line":20,"column":4},"end":{"line":22,"column":5}},{"start":{},"end":{}}],"line":20},"1":{"loc":{"start":{"line":25,"column":2},"end":{"line":27,"column":3}},"type":"if","locations":[{"start":{"line":25,"column":2},"end":{"line":27,"column":3}},{"start":{},"end":{}}],"line":25},"2":{"loc":{"start":{"line":32,"column":28},"end":{"line":32,"column":77}},"type":"cond-expr","locations":[{"start":{"line":32,"column":53},"end":{"line":32,"column":62}},{"start":{"line":32,"column":65},"end":{"line":32,"column":77}}],"line":32}},"s":{"0":0,"1":0,"2":0,"3":0,"4":0,"5":0,"6":0,"7":0,"8":0},"f":{"0":0,"1":0},"b":{"0":[0,0],"1":[0,0],"2":[0,0]}}
,"/Users/barathanaslan/Desktop/cmpe352/bounswe2025group3/practice-app/MobileApp/app/tokenManager.ts": {"path":"/Users/barathanaslan/Desktop/cmpe352/bounswe2025group3/practice-app/MobileApp/app/tokenManager.ts","statementMap":{"0":{"start":{"line":8,"column":4},"end":{"line":8,"column":22}},"1":{"start":{"line":12,"column":4},"end":{"line":12,"column":63}},"2":{"start":{"line":13,"column":4},"end":{"line":13,"column":65}},"3":{"start":{"line":17,"column":4},"end":{"line":17,"column":57}},"4":{"start":{"line":21,"column":24},"end":{"line":21,"column":51}},"5":{"start":{"line":22,"column":25},"end":{"line":22,"column":71}},"6":{"start":{"line":23,"column":4},"end":{"line":23,"column":43}},"7":{"start":{"line":27,"column":4},"end":{"line":34,"column":5}},"8":{"start":{"line":28,"column":6},"end":{"line":28,"column":38}},"9":{"start":{"line":29,"column":6},"end":{"line":29,"column":18}},"10":{"start":{"line":31,"column":6},"end":{"line":31,"column":52}},"11":{"start":{"line":32,"column":6},"end":{"line":32,"column":31}},"12":{"start":{"line":33,"column":6},"end":{"line":33,"column":19}},"13":{"start":{"line":38,"column":25},"end":{"line":38,"column":71}},"14":{"start":{"line":40,"column":4},"end":{"line":43,"column":5}},"15":{"start":{"line":41,"column":6},"end":{"line":41,"column":46}},"16":{"start":{"line":42,"column":6},"end":{"line":42,"column":48}},"17":{"start":{"line":45,"column":4},"end":{"line":79,"column":5}},"18":{"start":{"line":47,"column":30},"end":{"line":47,"column":50}},"19":{"start":{"line":48,"column":18},"end":{"line":48,"column":54}},"20":{"start":{"line":50,"column":23},"end":{"line":56,"column":8}},"21":{"start":{"line":58,"column":6},"end":{"line":62,"column":7}},"22":{"start":{"line":59,"column":26},"end":{"line":59,"column":65}},"23":{"start":{"line":59,"column":61},"end":{"line":59,"column":63}},"24":{"start":{"line":60,"column":8},"end":{"line":60,"column":58}},"25":{"start":{"line":61,"column":8},"end":{"line":61,"column":68}},"26":{"start":{"line":64,"column":19},"end":{"line":64,"column":40}},"27":{"start":{"line":66,"column":6},"end":{"line":69,"column":7}},"28":{"start":{"line":67,"column":8},"end":{"line":67,"column":55}},"29":{"start":{"line":68,"column":8},"end":{"line":68,"column":50}},"30":{"start":{"line":71,"column":6},"end":{"line":71,"column":65}},"31":{"start":{"line":72,"column":6},"end":{"line":72,"column":67}},"32":{"start":{"line":74,"column":6},"end":{"line":74,"column":25}},"33":{"start":{"line":76,"column":6},"end":{"line":76,"column":51}},"34":{"start":{"line":77,"column":6},"end":{"line":77,"column":31}},"35":{"start":{"line":78,"column":6},"end":{"line":78,"column":18}},"36":{"start":{"line":83,"column":24},"end":{"line":83,"column":69}},"37":{"start":{"line":84,"column":25},"end":{"line":84,"column":71}},"38":{"start":{"line":86,"column":4},"end":{"line":86,"column":52}},"39":{"start":{"line":86,"column":39},"end":{"line":86,"column":52}},"40":{"start":{"line":88,"column":4},"end":{"line":95,"column":5}},"41":{"start":{"line":90,"column":23},"end":{"line":90,"column":80}},"42":{"start":{"line":91,"column":6},"end":{"line":91,"column":25}},"43":{"start":{"line":93,"column":6},"end":{"line":93,"column":49}},"44":{"start":{"line":94,"column":6},"end":{"line":94,"column":19}},"45":{"start":{"line":99,"column":4},"end":{"line":99,"column":23}},"46":{"start":{"line":103,"column":4},"end":{"line":103,"column":22}},"47":{"start":{"line":107,"column":4},"end":{"line":107,"column":53}},"48":{"start":{"line":108,"column":4},"end":{"line":108,"column":54}},"49":{"start":{"line":109,"column":4},"end":{"line":109,"column":22}},"50":{"start":{"line":116,"column":22},"end":{"line":116,"column":49}},"51":{"start":{"line":118,"column":4},"end":{"line":120,"column":5}},"52":{"start":{"line":119,"column":6},"end":{"line":119,"column":76}},"53":{"start":{"line":122,"column":27},"end":{"line":178,"column":5}},"54":{"start":{"line":124,"column":28},"end":{"line":124,"column":87}},"55":{"start":{"line":125,"column":18},"end":{"line":125,"column":52}},"56":{"start":{"line":127,"column":6},"end":{"line":127,"column":47}},"57":{"start":{"line":130,"column":23},"end":{"line":136,"column":8}},"58":{"start":{"line":140,"column":6},"end":{"line":175,"column":7}},"59":{"start":{"line":141,"column":8},"end":{"line":141,"column":77}},"60":{"start":{"line":144,"column":8},"end":{"line":167,"column":9}},"61":{"start":{"line":145,"column":10},"end":{"line":150,"column":13}},"62":{"start":{"line":152,"column":13},"end":{"line":167,"column":9}},"63":{"start":{"line":153,"column":10},"end":{"line":158,"column":13}},"64":{"start":{"line":160,"column":13},"end":{"line":167,"column":9}},"65":{"start":{"line":161,"column":10},"end":{"line":166,"column":13}},"66":{"start":{"line":169,"column":8},"end":{"line":174,"column":11}},"67":{"start":{"line":177,"column":6},"end":{"line":177,"column":22}},"68":{"start":{"line":180,"column":19},"end":{"line":180,"column":52}},"69":{"start":{"line":182,"column":4},"end":{"line":202,"column":5}},"70":{"start":{"line":183,"column":6},"end":{"line":201,"column":7}},"71":{"start":{"line":185,"column":8},"end":{"line":185,"column":54}},"72":{"start":{"line":186,"column":8},"end":{"line":188,"column":9}},"73":{"start":{"line":187,"column":10},"end":{"line":187,"column":61}},"74":{"start":{"line":190,"column":8},"end":{"line":190,"column":53}},"75":{"start":{"line":192,"column":8},"end":{"line":196,"column":9}},"76":{"start":{"line":194,"column":10},"end":{"line":194,"column":35}},"77":{"start":{"line":195,"column":10},"end":{"line":195,"column":67}},"78":{"start":{"line":199,"column":8},"end":{"line":199,"column":33}},"79":{"start":{"line":200,"column":8},"end":{"line":200,"column":65}},"80":{"start":{"line":203,"column":4},"end":{"line":203,"column":20}},"81":{"start":{"line":207,"column":24},"end":{"line":207,"column":69}},"82":{"start":{"line":208,"column":25},"end":{"line":208,"column":71}},"83":{"start":{"line":209,"column":4},"end":{"line":209,"column":41}},"84":{"start":{"line":213,"column":4},"end":{"line":213,"column":29}},"85":{"start":{"line":214,"column":4},"end":{"line":214,"column":62}},"86":{"start":{"line":219,"column":4},"end":{"line":240,"column":5}},"87":{"start":{"line":220,"column":20},"end":{"line":220,"column":47}},"88":{"start":{"line":222,"column":6},"end":{"line":225,"column":7}},"89":{"start":{"line":223,"column":8},"end":{"line":223,"column":47}},"90":{"start":{"line":224,"column":8},"end":{"line":224,"column":20}},"91":{"start":{"line":228,"column":20},"end":{"line":228,"column":36}},"92":{"start":{"line":229,"column":6},"end":{"line":233,"column":7}},"93":{"start":{"line":230,"column":24},"end":{"line":230,"column":32}},"94":{"start":{"line":231,"column":31},"end":{"line":231,"column":82}},"95":{"start":{"line":232,"column":8},"end":{"line":232,"column":42}},"96":{"start":{"line":235,"column":6},"end":{"line":235,"column":44}},"97":{"start":{"line":236,"column":6},"end":{"line":236,"column":18}},"98":{"start":{"line":238,"column":6},"end":{"line":238,"column":52}},"99":{"start":{"line":239,"column":6},"end":{"line":239,"column":18}},"100":{"start":{"line":245,"column":4},"end":{"line":257,"column":5}},"101":{"start":{"line":246,"column":22},"end":{"line":246,"column":53}},"102":{"start":{"line":247,"column":6},"end":{"line":250,"column":7}},"103":{"start":{"line":248,"column":8},"end":{"line":248,"column":58}},"104":{"start":{"line":249,"column":8},"end":{"line":249,"column":28}},"105":{"start":{"line":252,"column":6},"end":{"line":252,"column":53}},"106":{"start":{"line":253,"column":6},"end":{"line":253,"column":18}},"107":{"start":{"line":255,"column":6},"end":{"line":255,"column":61}},"108":{"start":{"line":256,"column":6},"end":{"line":256,"column":18}},"109":{"start":{"line":266,"column":4},"end":{"line":349,"column":5}},"110":{"start":{"line":268,"column":26},"end":{"line":268,"column":53}},"111":{"start":{"line":269,"column":6},"end":{"line":277,"column":7}},"112":{"start":{"line":270,"column":8},"end":{"line":270,"column":47}},"113":{"start":{"line":271,"column":8},"end":{"line":276,"column":11}},"114":{"start":{"line":280,"column":24},"end":{"line":280,"column":57}},"115":{"start":{"line":281,"column":30},"end":{"line":281,"column":76}},"116":{"start":{"line":283,"column":6},"end":{"line":283,"column":64}},"117":{"start":{"line":284,"column":6},"end":{"line":284,"column":108}},"118":{"start":{"line":287,"column":6},"end":{"line":295,"column":7}},"119":{"start":{"line":288,"column":8},"end":{"line":288,"column":133}},"120":{"start":{"line":289,"column":8},"end":{"line":294,"column":11}},"121":{"start":{"line":298,"column":28},"end":{"line":298,"column":87}},"122":{"start":{"line":299,"column":18},"end":{"line":299,"column":52}},"123":{"start":{"line":301,"column":6},"end":{"line":301,"column":67}},"124":{"start":{"line":304,"column":23},"end":{"line":311,"column":8}},"125":{"start":{"line":314,"column":6},"end":{"line":342,"column":7}},"126":{"start":{"line":315,"column":8},"end":{"line":315,"column":73}},"127":{"start":{"line":317,"column":8},"end":{"line":341,"column":9}},"128":{"start":{"line":318,"column":33},"end":{"line":318,"column":64}},"129":{"start":{"line":319,"column":10},"end":{"line":321,"column":11}},"130":{"start":{"line":320,"column":12},"end":{"line":320,"column":52}},"131":{"start":{"line":324,"column":10},"end":{"line":331,"column":13}},"132":{"start":{"line":333,"column":10},"end":{"line":333,"column":77}},"133":{"start":{"line":334,"column":10},"end":{"line":334,"column":35}},"134":{"start":{"line":335,"column":10},"end":{"line":340,"column":13}},"135":{"start":{"line":344,"column":6},"end":{"line":344,"column":78}},"136":{"start":{"line":345,"column":6},"end":{"line":345,"column":22}},"137":{"start":{"line":347,"column":6},"end":{"line":347,"column":58}},"138":{"start":{"line":348,"column":6},"end":{"line":348,"column":18}}},"fnMap":{"0":{"name":"(anonymous_0)","decl":{"start":{"line":7,"column":2},"end":{"line":7,"column":3}},"loc":{"start":{"line":7,"column":16},"end":{"line":9,"column":3}},"line":7},"1":{"name":"(anonymous_1)","decl":{"start":{"line":11,"column":2},"end":{"line":11,"column":3}},"loc":{"start":{"line":11,"column":62},"end":{"line":14,"column":3}},"line":11},"2":{"name":"(anonymous_2)","decl":{"start":{"line":16,"column":2},"end":{"line":16,"column":3}},"loc":{"start":{"line":16,"column":25},"end":{"line":18,"column":3}},"line":16},"3":{"name":"(anonymous_3)","decl":{"start":{"line":20,"column":2},"end":{"line":20,"column":3}},"loc":{"start":{"line":20,"column":43},"end":{"line":24,"column":3}},"line":20},"4":{"name":"(anonymous_4)","decl":{"start":{"line":26,"column":2},"end":{"line":26,"column":3}},"loc":{"start":{"line":26,"column":41},"end":{"line":35,"column":3}},"line":26},"5":{"name":"(anonymous_5)","decl":{"start":{"line":37,"column":2},"end":{"line":37,"column":3}},"loc":{"start":{"line":37,"column":29},"end":{"line":80,"column":3}},"line":37},"6":{"name":"(anonymous_6)","decl":{"start":{"line":59,"column":54},"end":{"line":59,"column":55}},"loc":{"start":{"line":59,"column":61},"end":{"line":59,"column":63}},"line":59},"7":{"name":"(anonymous_7)","decl":{"start":{"line":82,"column":2},"end":{"line":82,"column":3}},"loc":{"start":{"line":82,"column":20},"end":{"line":96,"column":3}},"line":82},"8":{"name":"(anonymous_8)","decl":{"start":{"line":98,"column":2},"end":{"line":98,"column":3}},"loc":{"start":{"line":98,"column":39},"end":{"line":100,"column":3}},"line":98},"9":{"name":"(anonymous_9)","decl":{"start":{"line":102,"column":2},"end":{"line":102,"column":3}},"loc":{"start":{"line":102,"column":28},"end":{"line":104,"column":3}},"line":102},"10":{"name":"(anonymous_10)","decl":{"start":{"line":106,"column":2},"end":{"line":106,"column":3}},"loc":{"start":{"line":106,"column":22},"end":{"line":110,"column":3}},"line":106},"11":{"name":"(anonymous_11)","decl":{"start":{"line":112,"column":2},"end":{"line":112,"column":3}},"loc":{"start":{"line":115,"column":23},"end":{"line":204,"column":3}},"line":115},"12":{"name":"(anonymous_12)","decl":{"start":{"line":122,"column":27},"end":{"line":122,"column":28}},"loc":{"start":{"line":122,"column":52},"end":{"line":178,"column":5}},"line":122},"13":{"name":"(anonymous_13)","decl":{"start":{"line":206,"column":2},"end":{"line":206,"column":3}},"loc":{"start":{"line":206,"column":27},"end":{"line":210,"column":3}},"line":206},"14":{"name":"(anonymous_14)","decl":{"start":{"line":212,"column":2},"end":{"line":212,"column":3}},"loc":{"start":{"line":212,"column":26},"end":{"line":215,"column":3}},"line":212},"15":{"name":"(anonymous_15)","decl":{"start":{"line":218,"column":2},"end":{"line":218,"column":3}},"loc":{"start":{"line":218,"column":29},"end":{"line":241,"column":3}},"line":218},"16":{"name":"(anonymous_16)","decl":{"start":{"line":244,"column":2},"end":{"line":244,"column":3}},"loc":{"start":{"line":244,"column":31},"end":{"line":258,"column":3}},"line":244},"17":{"name":"(anonymous_17)","decl":{"start":{"line":261,"column":2},"end":{"line":261,"column":3}},"loc":{"start":{"line":265,"column":23},"end":{"line":350,"column":3}},"line":265}},"branchMap":{"0":{"loc":{"start":{"line":23,"column":14},"end":{"line":23,"column":41}},"type":"binary-expr","locations":[{"start":{"line":23,"column":14},"end":{"line":23,"column":25}},{"start":{"line":23,"column":29},"end":{"line":23,"column":41}}],"line":23},"1":{"loc":{"start":{"line":40,"column":4},"end":{"line":43,"column":5}},"type":"if","locations":[{"start":{"line":40,"column":4},"end":{"line":43,"column":5}},{"start":{},"end":{}}],"line":40},"2":{"loc":{"start":{"line":58,"column":6},"end":{"line":62,"column":7}},"type":"if","locations":[{"start":{"line":58,"column":6},"end":{"line":62,"column":7}},{"start":{},"end":{}}],"line":58},"3":{"loc":{"start":{"line":61,"column":24},"end":{"line":61,"column":66}},"type":"binary-expr","locations":[{"start":{"line":61,"column":24},"end":{"line":61,"column":40}},{"start":{"line":61,"column":44},"end":{"line":61,"column":66}}],"line":61},"4":{"loc":{"start":{"line":66,"column":6},"end":{"line":69,"column":7}},"type":"if","locations":[{"start":{"line":66,"column":6},"end":{"line":69,"column":7}},{"start":{},"end":{}}],"line":66},"5":{"loc":{"start":{"line":66,"column":10},"end":{"line":66,"column":39}},"type":"binary-expr","locations":[{"start":{"line":66,"column":10},"end":{"line":66,"column":22}},{"start":{"line":66,"column":26},"end":{"line":66,"column":39}}],"line":66},"6":{"loc":{"start":{"line":86,"column":4},"end":{"line":86,"column":52}},"type":"if","locations":[{"start":{"line":86,"column":4},"end":{"line":86,"column":52}},{"start":{},"end":{}}],"line":86},"7":{"loc":{"start":{"line":86,"column":8},"end":{"line":86,"column":37}},"type":"binary-expr","locations":[{"start":{"line":86,"column":8},"end":{"line":86,"column":20}},{"start":{"line":86,"column":24},"end":{"line":86,"column":37}}],"line":86},"8":{"loc":{"start":{"line":114,"column":4},"end":{"line":114,"column":29}},"type":"default-arg","locations":[{"start":{"line":114,"column":27},"end":{"line":114,"column":29}}],"line":114},"9":{"loc":{"start":{"line":118,"column":4},"end":{"line":120,"column":5}},"type":"if","locations":[{"start":{"line":118,"column":4},"end":{"line":120,"column":5}},{"start":{},"end":{}}],"line":118},"10":{"loc":{"start":{"line":124,"column":28},"end":{"line":124,"column":87}},"type":"cond-expr","locations":[{"start":{"line":124,"column":55},"end":{"line":124,"column":76}},{"start":{"line":124,"column":79},"end":{"line":124,"column":87}}],"line":124},"11":{"loc":{"start":{"line":140,"column":6},"end":{"line":175,"column":7}},"type":"if","locations":[{"start":{"line":140,"column":6},"end":{"line":175,"column":7}},{"start":{},"end":{}}],"line":140},"12":{"loc":{"start":{"line":144,"column":8},"end":{"line":167,"column":9}},"type":"if","locations":[{"start":{"line":144,"column":8},"end":{"line":167,"column":9}},{"start":{"line":152,"column":13},"end":{"line":167,"column":9}}],"line":144},"13":{"loc":{"start":{"line":152,"column":13},"end":{"line":167,"column":9}},"type":"if","locations":[{"start":{"line":152,"column":13},"end":{"line":167,"column":9}},{"start":{"line":160,"column":13},"end":{"line":167,"column":9}}],"line":152},"14":{"loc":{"start":{"line":160,"column":13},"end":{"line":167,"column":9}},"type":"if","locations":[{"start":{"line":160,"column":13},"end":{"line":167,"column":9}},{"start":{},"end":{}}],"line":160},"15":{"loc":{"start":{"line":160,"column":17},"end":{"line":160,"column":81}},"type":"binary-expr","locations":[{"start":{"line":160,"column":17},"end":{"line":160,"column":48}},{"start":{"line":160,"column":52},"end":{"line":160,"column":81}}],"line":160},"16":{"loc":{"start":{"line":182,"column":4},"end":{"line":202,"column":5}},"type":"if","locations":[{"start":{"line":182,"column":4},"end":{"line":202,"column":5}},{"start":{},"end":{}}],"line":182},"17":{"loc":{"start":{"line":186,"column":8},"end":{"line":188,"column":9}},"type":"if","locations":[{"start":{"line":186,"column":8},"end":{"line":188,"column":9}},{"start":{},"end":{}}],"line":186},"18":{"loc":{"start":{"line":192,"column":8},"end":{"line":196,"column":9}},"type":"if","locations":[{"start":{"line":192,"column":8},"end":{"line":196,"column":9}},{"start":{},"end":{}}],"line":192},"19":{"loc":{"start":{"line":222,"column":6},"end":{"line":225,"column":7}},"type":"if","locations":[{"start":{"line":222,"column":6},"end":{"line":225,"column":7}},{"start":{},"end":{}}],"line":222},"20":{"loc":{"start":{"line":229,"column":6},"end":{"line":233,"column":7}},"type":"if","locations":[{"start":{"line":229,"column":6},"end":{"line":233,"column":7}},{"start":{},"end":{}}],"line":229},"21":{"loc":{"start":{"line":247,"column":6},"end":{"line":250,"column":7}},"type":"if","locations":[{"start":{"line":247,"column":6},"end":{"line":250,"column":7}},{"start":{},"end":{}}],"line":247},"22":{"loc":{"start":{"line":247,"column":10},"end":{"line":247,"column":33}},"type":"binary-expr","locations":[{"start":{"line":247,"column":10},"end":{"line":247,"column":17}},{"start":{"line":247,"column":21},"end":{"line":247,"column":33}}],"line":247},"23":{"loc":{"start":{"line":264,"column":4},"end":{"line":264,"column":29}},"type":"default-arg","locations":[{"start":{"line":264,"column":27},"end":{"line":264,"column":29}}],"line":264},"24":{"loc":{"start":{"line":269,"column":6},"end":{"line":277,"column":7}},"type":"if","locations":[{"start":{"line":269,"column":6},"end":{"line":277,"column":7}},{"start":{},"end":{}}],"line":269},"25":{"loc":{"start":{"line":281,"column":30},"end":{"line":281,"column":76}},"type":"binary-expr","locations":[{"start":{"line":281,"column":30},"end":{"line":281,"column":39}},{"start":{"line":281,"column":43},"end":{"line":281,"column":76}}],"line":281},"26":{"loc":{"start":{"line":287,"column":6},"end":{"line":295,"column":7}},"type":"if","locations":[{"start":{"line":287,"column":6},"end":{"line":295,"column":7}},{"start":{},"end":{}}],"line":287},"27":{"loc":{"start":{"line":288,"column":70},"end":{"line":288,"column":92}},"type":"binary-expr","locations":[{"start":{"line":288,"column":70},"end":{"line":288,"column":79}},{"start":{"line":288,"column":83},"end":{"line":288,"column":92}}],"line":288},"28":{"loc":{"start":{"line":298,"column":28},"end":{"line":298,"column":87}},"type":"cond-expr","locations":[{"start":{"line":298,"column":55},"end":{"line":298,"column":76}},{"start":{"line":298,"column":79},"end":{"line":298,"column":87}}],"line":298},"29":{"loc":{"start":{"line":314,"column":6},"end":{"line":342,"column":7}},"type":"if","locations":[{"start":{"line":314,"column":6},"end":{"line":342,"column":7}},{"start":{},"end":{}}],"line":314},"30":{"loc":{"start":{"line":319,"column":10},"end":{"line":321,"column":11}},"type":"if","locations":[{"start":{"line":319,"column":10},"end":{"line":321,"column":11}},{"start":{},"end":{}}],"line":319}},"s":{"0":1,"1":1,"2":1,"3":6,"4":3,"5":3,"6":3,"7":0,"8":0,"9":0,"10":0,"11":0,"12":0,"13":3,"14":3,"15":1,"16":1,"17":2,"18":2,"19":2,"20":2,"21":2,"22":1,"23":0,"24":1,"25":1,"26":1,"27":1,"28":0,"29":0,"30":1,"31":1,"32":1,"33":1,"34":1,"35":1,"36":0,"37":0,"38":0,"39":0,"40":0,"41":0,"42":0,"43":0,"44":0,"45":0,"46":0,"47":2,"48":2,"49":2,"50":0,"51":0,"52":0,"53":0,"54":0,"55":0,"56":0,"57":0,"58":0,"59":0,"60":0,"61":0,"62":0,"63":0,"64":0,"65":0,"66":0,"67":0,"68":0,"69":0,"70":0,"71":0,"72":0,"73":0,"74":0,"75":0,"76":0,"77":0,"78":0,"79":0,"80":0,"81":0,"82":0,"83":0,"84":0,"85":0,"86":2,"87":2,"88":2,"89":1,"90":1,"91":1,"92":1,"93":1,"94":1,"95":1,"96":0,"97":0,"98":0,"99":0,"100":2,"101":2,"102":2,"103":1,"104":1,"105":1,"106":1,"107":0,"108":0,"109":0,"110":0,"111":0,"112":0,"113":0,"114":0,"115":0,"116":0,"117":0,"118":0,"119":0,"120":0,"121":0,"122":0,"123":0,"124":0,"125":0,"126":0,"127":0,"128":0,"129":0,"130":0,"131":0,"132":0,"133":0,"134":0,"135":0,"136":0,"137":0,"138":0},"f":{"0":1,"1":1,"2":6,"3":3,"4":0,"5":3,"6":0,"7":0,"8":0,"9":0,"10":2,"11":0,"12":0,"13":0,"14":0,"15":2,"16":2,"17":0},"b":{"0":[3,2],"1":[1,2],"2":[1,1],"3":[1,0],"4":[0,1],"5":[1,1],"6":[0,0],"7":[0,0],"8":[0],"9":[0,0],"10":[0,0],"11":[0,0],"12":[0,0],"13":[0,0],"14":[0,0],"15":[0,0],"16":[0,0],"17":[0,0],"18":[0,0],"19":[1,1],"20":[1,0],"21":[1,1],"22":[2,1],"23":[0],"24":[0,0],"25":[0,0],"26":[0,0],"27":[0,0],"28":[0,0],"29":[0,0],"30":[0,0]},"_coverageSchema":"1a1c01bbd47fc00a2c39e90264f33305004495a9","hash":"125be182af36a9539cc1e05c0b18b3a7a8554560"}
,"/Users/barathanaslan/Desktop/cmpe352/bounswe2025group3/practice-app/MobileApp/app/(tabs)/_layout.tsx": {"path":"/Users/barathanaslan/Desktop/cmpe352/bounswe2025group3/practice-app/MobileApp/app/(tabs)/_layout.tsx","statementMap":{"0":{"start":{"line":11,"column":23},"end":{"line":15,"column":1}},"1":{"start":{"line":18,"column":22},"end":{"line":18,"column":38}},"2":{"start":{"line":21,"column":24},"end":{"line":25,"column":4}},"3":{"start":{"line":21,"column":70},"end":{"line":25,"column":3}},"4":{"start":{"line":22,"column":50},"end":{"line":22,"column":104}},"5":{"start":{"line":27,"column":2},"end":{"line":60,"column":4}},"6":{"start":{"line":63,"column":15},"end":{"line":68,"column":2}}},"fnMap":{"0":{"name":"TabLayout","decl":{"start":{"line":17,"column":24},"end":{"line":17,"column":33}},"loc":{"start":{"line":17,"column":36},"end":{"line":61,"column":1}},"line":17},"1":{"name":"(anonymous_1)","decl":{"start":{"line":21,"column":24},"end":{"line":21,"column":25}},"loc":{"start":{"line":21,"column":70},"end":{"line":25,"column":3}},"line":21},"2":{"name":"(anonymous_2)","decl":{"start":{"line":22,"column":16},"end":{"line":22,"column":17}},"loc":{"start":{"line":22,"column":50},"end":{"line":22,"column":104}},"line":22}},"branchMap":{},"s":{"0":0,"1":0,"2":0,"3":0,"4":0,"5":0,"6":0},"f":{"0":0,"1":0,"2":0},"b":{}}
,"/Users/barathanaslan/Desktop/cmpe352/bounswe2025group3/practice-app/MobileApp/app/(tabs)/index.tsx": {"path":"/Users/barathanaslan/Desktop/cmpe352/bounswe2025group3/practice-app/MobileApp/app/(tabs)/index.tsx","statementMap":{"0":{"start":{"line":25,"column":16},"end":{"line":30,"column":1}},"1":{"start":{"line":33,"column":36},"end":{"line":33,"column":68}},"2":{"start":{"line":34,"column":38},"end":{"line":34,"column":62}},"3":{"start":{"line":35,"column":36},"end":{"line":35,"column":50}},"4":{"start":{"line":36,"column":38},"end":{"line":36,"column":53}},"5":{"start":{"line":37,"column":38},"end":{"line":37,"column":49}},"6":{"start":{"line":38,"column":17},"end":{"line":38,"column":28}},"7":{"start":{"line":40,"column":20},"end":{"line":61,"column":3}},"8":{"start":{"line":41,"column":4},"end":{"line":60,"column":5}},"9":{"start":{"line":43,"column":28},"end":{"line":43,"column":95}},"10":{"start":{"line":44,"column":6},"end":{"line":47,"column":7}},"11":{"start":{"line":45,"column":26},"end":{"line":45,"column":52}},"12":{"start":{"line":46,"column":8},"end":{"line":46,"column":32}},"13":{"start":{"line":50,"column":27},"end":{"line":50,"column":90}},"14":{"start":{"line":51,"column":6},"end":{"line":54,"column":7}},"15":{"start":{"line":52,"column":25},"end":{"line":52,"column":50}},"16":{"start":{"line":53,"column":8},"end":{"line":53,"column":52}},"17":{"start":{"line":56,"column":6},"end":{"line":56,"column":61}},"18":{"start":{"line":58,"column":6},"end":{"line":58,"column":26}},"19":{"start":{"line":59,"column":6},"end":{"line":59,"column":27}},"20":{"start":{"line":63,"column":20},"end":{"line":66,"column":8}},"21":{"start":{"line":64,"column":4},"end":{"line":64,"column":24}},"22":{"start":{"line":65,"column":4},"end":{"line":65,"column":16}},"23":{"start":{"line":68,"column":2},"end":{"line":79,"column":4}},"24":{"start":{"line":70,"column":6},"end":{"line":70,"column":18}},"25":{"start":{"line":73,"column":23},"end":{"line":75,"column":14}},"26":{"start":{"line":74,"column":8},"end":{"line":74,"column":61}},"27":{"start":{"line":74,"column":32},"end":{"line":74,"column":59}},"28":{"start":{"line":77,"column":6},"end":{"line":77,"column":43}},"29":{"start":{"line":77,"column":19},"end":{"line":77,"column":42}},"30":{"start":{"line":81,"column":24},"end":{"line":83,"column":3}},"31":{"start":{"line":82,"column":4},"end":{"line":82,"column":74}},"32":{"start":{"line":82,"column":28},"end":{"line":82,"column":72}},"33":{"start":{"line":85,"column":24},"end":{"line":87,"column":3}},"34":{"start":{"line":86,"column":4},"end":{"line":86,"column":57}},"35":{"start":{"line":86,"column":28},"end":{"line":86,"column":55}},"36":{"start":{"line":89,"column":2},"end":{"line":95,"column":3}},"37":{"start":{"line":90,"column":4},"end":{"line":94,"column":6}},"38":{"start":{"line":97,"column":2},"end":{"line":249,"column":4}},"39":{"start":{"line":144,"column":27},"end":{"line":144,"column":48}},"40":{"start":{"line":178,"column":45},"end":{"line":178,"column":66}},"41":{"start":{"line":186,"column":16},"end":{"line":206,"column":23}},"42":{"start":{"line":217,"column":31},"end":{"line":217,"column":56}},"43":{"start":{"line":252,"column":15},"end":{"line":545,"column":2}}},"fnMap":{"0":{"name":"HomeScreen","decl":{"start":{"line":32,"column":24},"end":{"line":32,"column":34}},"loc":{"start":{"line":32,"column":37},"end":{"line":250,"column":1}},"line":32},"1":{"name":"(anonymous_1)","decl":{"start":{"line":40,"column":20},"end":{"line":40,"column":21}},"loc":{"start":{"line":40,"column":32},"end":{"line":61,"column":3}},"line":40},"2":{"name":"(anonymous_2)","decl":{"start":{"line":63,"column":32},"end":{"line":63,"column":33}},"loc":{"start":{"line":63,"column":38},"end":{"line":66,"column":3}},"line":63},"3":{"name":"(anonymous_3)","decl":{"start":{"line":69,"column":16},"end":{"line":69,"column":17}},"loc":{"start":{"line":69,"column":22},"end":{"line":78,"column":5}},"line":69},"4":{"name":"(anonymous_4)","decl":{"start":{"line":73,"column":35},"end":{"line":73,"column":36}},"loc":{"start":{"line":73,"column":41},"end":{"line":75,"column":7}},"line":73},"5":{"name":"(anonymous_5)","decl":{"start":{"line":74,"column":22},"end":{"line":74,"column":23}},"loc":{"start":{"line":74,"column":32},"end":{"line":74,"column":59}},"line":74},"6":{"name":"(anonymous_6)","decl":{"start":{"line":77,"column":13},"end":{"line":77,"column":14}},"loc":{"start":{"line":77,"column":19},"end":{"line":77,"column":42}},"line":77},"7":{"name":"(anonymous_7)","decl":{"start":{"line":81,"column":24},"end":{"line":81,"column":25}},"loc":{"start":{"line":81,"column":30},"end":{"line":83,"column":3}},"line":81},"8":{"name":"(anonymous_8)","decl":{"start":{"line":82,"column":18},"end":{"line":82,"column":19}},"loc":{"start":{"line":82,"column":28},"end":{"line":82,"column":72}},"line":82},"9":{"name":"(anonymous_9)","decl":{"start":{"line":85,"column":24},"end":{"line":85,"column":25}},"loc":{"start":{"line":85,"column":30},"end":{"line":87,"column":3}},"line":85},"10":{"name":"(anonymous_10)","decl":{"start":{"line":86,"column":18},"end":{"line":86,"column":19}},"loc":{"start":{"line":86,"column":28},"end":{"line":86,"column":55}},"line":86},"11":{"name":"(anonymous_11)","decl":{"start":{"line":144,"column":21},"end":{"line":144,"column":22}},"loc":{"start":{"line":144,"column":27},"end":{"line":144,"column":48}},"line":144},"12":{"name":"(anonymous_12)","decl":{"start":{"line":178,"column":39},"end":{"line":178,"column":40}},"loc":{"start":{"line":178,"column":45},"end":{"line":178,"column":66}},"line":178},"13":{"name":"(anonymous_13)","decl":{"start":{"line":185,"column":30},"end":{"line":185,"column":31}},"loc":{"start":{"line":186,"column":16},"end":{"line":206,"column":23}},"line":186},"14":{"name":"(anonymous_14)","decl":{"start":{"line":217,"column":25},"end":{"line":217,"column":26}},"loc":{"start":{"line":217,"column":31},"end":{"line":217,"column":56}},"line":217}},"branchMap":{"0":{"loc":{"start":{"line":44,"column":6},"end":{"line":47,"column":7}},"type":"if","locations":[{"start":{"line":44,"column":6},"end":{"line":47,"column":7}},{"start":{},"end":{}}],"line":44},"1":{"loc":{"start":{"line":51,"column":6},"end":{"line":54,"column":7}},"type":"if","locations":[{"start":{"line":51,"column":6},"end":{"line":54,"column":7}},{"start":{},"end":{}}],"line":51},"2":{"loc":{"start":{"line":89,"column":2},"end":{"line":95,"column":3}},"type":"if","locations":[{"start":{"line":89,"column":2},"end":{"line":95,"column":3}},{"start":{},"end":{}}],"line":89},"3":{"loc":{"start":{"line":137,"column":17},"end":{"line":137,"column":90}},"type":"cond-expr","locations":[{"start":{"line":137,"column":42},"end":{"line":137,"column":82}},{"start":{"line":137,"column":85},"end":{"line":137,"column":90}}],"line":137},"4":{"loc":{"start":{"line":162,"column":17},"end":{"line":164,"column":57}},"type":"cond-expr","locations":[{"start":{"line":163,"column":20},"end":{"line":163,"column":71}},{"start":{"line":164,"column":20},"end":{"line":164,"column":57}}],"line":162},"5":{"loc":{"start":{"line":183,"column":11},"end":{"line":222,"column":11}},"type":"cond-expr","locations":[{"start":{"line":184,"column":12},"end":{"line":208,"column":19}},{"start":{"line":210,"column":12},"end":{"line":221,"column":19}}],"line":183}},"s":{"0":0,"1":0,"2":0,"3":0,"4":0,"5":0,"6":0,"7":0,"8":0,"9":0,"10":0,"11":0,"12":0,"13":0,"14":0,"15":0,"16":0,"17":0,"18":0,"19":0,"20":0,"21":0,"22":0,"23":0,"24":0,"25":0,"26":0,"27":0,"28":0,"29":0,"30":0,"31":0,"32":0,"33":0,"34":0,"35":0,"36":0,"37":0,"38":0,"39":0,"40":0,"41":0,"42":0,"43":0},"f":{"0":0,"1":0,"2":0,"3":0,"4":0,"5":0,"6":0,"7":0,"8":0,"9":0,"10":0,"11":0,"12":0,"13":0,"14":0},"b":{"0":[0,0],"1":[0,0],"2":[0,0],"3":[0,0],"4":[0,0],"5":[0,0]}}
,"/Users/barathanaslan/Desktop/cmpe352/bounswe2025group3/practice-app/MobileApp/app/(tabs)/admin/_layout.tsx": {"path":"/Users/barathanaslan/Desktop/cmpe352/bounswe2025group3/practice-app/MobileApp/app/(tabs)/admin/_layout.tsx","statementMap":{"0":{"start":{"line":6,"column":2},"end":{"line":30,"column":4}},"1":{"start":{"line":33,"column":15},"end":{"line":37,"column":2}}},"fnMap":{"0":{"name":"AdminLayout","decl":{"start":{"line":4,"column":24},"end":{"line":4,"column":35}},"loc":{"start":{"line":4,"column":38},"end":{"line":31,"column":1}},"line":4}},"branchMap":{},"s":{"0":0,"1":0},"f":{"0":0},"b":{}}
,"/Users/barathanaslan/Desktop/cmpe352/bounswe2025group3/practice-app/MobileApp/app/(tabs)/admin/category-requests.tsx": {"path":"/Users/barathanaslan/Desktop/cmpe352/bounswe2025group3/practice-app/MobileApp/app/(tabs)/admin/category-requests.tsx","statementMap":{"0":{"start":{"line":34,"column":34},"end":{"line":34,"column":65}},"1":{"start":{"line":35,"column":50},"end":{"line":35,"column":81}},"2":{"start":{"line":36,"column":40},"end":{"line":36,"column":52}},"3":{"start":{"line":37,"column":36},"end":{"line":37,"column":50}},"4":{"start":{"line":38,"column":38},"end":{"line":38,"column":53}},"5":{"start":{"line":39,"column":17},"end":{"line":39,"column":28}},"6":{"start":{"line":41,"column":24},"end":{"line":75,"column":3}},"7":{"start":{"line":42,"column":4},"end":{"line":74,"column":5}},"8":{"start":{"line":43,"column":6},"end":{"line":43,"column":25}},"9":{"start":{"line":44,"column":23},"end":{"line":46,"column":7}},"10":{"start":{"line":48,"column":6},"end":{"line":66,"column":7}},"11":{"start":{"line":49,"column":21},"end":{"line":49,"column":42}},"12":{"start":{"line":52,"column":29},"end":{"line":52,"column":49}},"13":{"start":{"line":54,"column":8},"end":{"line":61,"column":9}},"14":{"start":{"line":55,"column":10},"end":{"line":55,"column":36}},"15":{"start":{"line":56,"column":10},"end":{"line":56,"column":44}},"16":{"start":{"line":58,"column":10},"end":{"line":58,"column":79}},"17":{"start":{"line":59,"column":10},"end":{"line":59,"column":26}},"18":{"start":{"line":60,"column":10},"end":{"line":60,"column":34}},"19":{"start":{"line":63,"column":8},"end":{"line":63,"column":85}},"20":{"start":{"line":64,"column":8},"end":{"line":64,"column":24}},"21":{"start":{"line":65,"column":8},"end":{"line":65,"column":32}},"22":{"start":{"line":68,"column":6},"end":{"line":68,"column":64}},"23":{"start":{"line":69,"column":6},"end":{"line":69,"column":22}},"24":{"start":{"line":70,"column":6},"end":{"line":70,"column":30}},"25":{"start":{"line":72,"column":6},"end":{"line":72,"column":26}},"26":{"start":{"line":73,"column":6},"end":{"line":73,"column":27}},"27":{"start":{"line":77,"column":2},"end":{"line":81,"column":4}},"28":{"start":{"line":79,"column":6},"end":{"line":79,"column":22}},"29":{"start":{"line":83,"column":23},"end":{"line":98,"column":3}},"30":{"start":{"line":84,"column":4},"end":{"line":84,"column":25}},"31":{"start":{"line":86,"column":4},"end":{"line":89,"column":5}},"32":{"start":{"line":87,"column":6},"end":{"line":87,"column":36}},"33":{"start":{"line":88,"column":6},"end":{"line":88,"column":13}},"34":{"start":{"line":91,"column":21},"end":{"line":95,"column":5}},"35":{"start":{"line":92,"column":6},"end":{"line":94,"column":110}},"36":{"start":{"line":97,"column":4},"end":{"line":97,"column":34}},"37":{"start":{"line":100,"column":24},"end":{"line":103,"column":3}},"38":{"start":{"line":101,"column":4},"end":{"line":101,"column":24}},"39":{"start":{"line":102,"column":4},"end":{"line":102,"column":20}},"40":{"start":{"line":105,"column":24},"end":{"line":134,"column":3}},"41":{"start":{"line":106,"column":4},"end":{"line":133,"column":5}},"42":{"start":{"line":107,"column":23},"end":{"line":112,"column":7}},"43":{"start":{"line":114,"column":6},"end":{"line":129,"column":7}},"44":{"start":{"line":116,"column":32},"end":{"line":118,"column":9}},"45":{"start":{"line":117,"column":10},"end":{"line":117,"column":78}},"46":{"start":{"line":119,"column":8},"end":{"line":119,"column":37}},"47":{"start":{"line":120,"column":8},"end":{"line":124,"column":10}},"48":{"start":{"line":122,"column":12},"end":{"line":122,"column":80}},"49":{"start":{"line":126,"column":8},"end":{"line":126,"column":74}},"50":{"start":{"line":128,"column":8},"end":{"line":128,"column":67}},"51":{"start":{"line":131,"column":6},"end":{"line":131,"column":64}},"52":{"start":{"line":132,"column":6},"end":{"line":132,"column":76}},"53":{"start":{"line":136,"column":23},"end":{"line":165,"column":3}},"54":{"start":{"line":137,"column":4},"end":{"line":164,"column":5}},"55":{"start":{"line":138,"column":23},"end":{"line":143,"column":7}},"56":{"start":{"line":145,"column":6},"end":{"line":160,"column":7}},"57":{"start":{"line":147,"column":32},"end":{"line":149,"column":9}},"58":{"start":{"line":148,"column":10},"end":{"line":148,"column":78}},"59":{"start":{"line":150,"column":8},"end":{"line":150,"column":37}},"60":{"start":{"line":151,"column":8},"end":{"line":155,"column":10}},"61":{"start":{"line":153,"column":12},"end":{"line":153,"column":80}},"62":{"start":{"line":157,"column":8},"end":{"line":157,"column":74}},"63":{"start":{"line":159,"column":8},"end":{"line":159,"column":66}},"64":{"start":{"line":162,"column":6},"end":{"line":162,"column":64}},"65":{"start":{"line":163,"column":6},"end":{"line":163,"column":76}},"66":{"start":{"line":167,"column":28},"end":{"line":231,"column":3}},"67":{"start":{"line":168,"column":22},"end":{"line":168,"column":47}},"68":{"start":{"line":170,"column":4},"end":{"line":230,"column":6}},"69":{"start":{"line":214,"column":29},"end":{"line":214,"column":51}},"70":{"start":{"line":222,"column":29},"end":{"line":222,"column":50}},"71":{"start":{"line":233,"column":23},"end":{"line":240,"column":8}},"72":{"start":{"line":234,"column":4},"end":{"line":239,"column":11}},"73":{"start":{"line":242,"column":2},"end":{"line":248,"column":3}},"74":{"start":{"line":243,"column":4},"end":{"line":247,"column":6}},"75":{"start":{"line":250,"column":2},"end":{"line":289,"column":4}},"76":{"start":{"line":262,"column":43},"end":{"line":262,"column":59}},"77":{"start":{"line":272,"column":32},"end":{"line":272,"column":50}},"78":{"start":{"line":278,"column":10},"end":{"line":285,"column":17}},"79":{"start":{"line":292,"column":15},"end":{"line":442,"column":2}}},"fnMap":{"0":{"name":"CategoryRequestsScreen","decl":{"start":{"line":33,"column":24},"end":{"line":33,"column":46}},"loc":{"start":{"line":33,"column":49},"end":{"line":290,"column":1}},"line":33},"1":{"name":"(anonymous_1)","decl":{"start":{"line":41,"column":24},"end":{"line":41,"column":25}},"loc":{"start":{"line":41,"column":36},"end":{"line":75,"column":3}},"line":41},"2":{"name":"(anonymous_2)","decl":{"start":{"line":78,"column":16},"end":{"line":78,"column":17}},"loc":{"start":{"line":78,"column":22},"end":{"line":80,"column":5}},"line":78},"3":{"name":"(anonymous_3)","decl":{"start":{"line":83,"column":23},"end":{"line":83,"column":24}},"loc":{"start":{"line":83,"column":41},"end":{"line":98,"column":3}},"line":83},"4":{"name":"(anonymous_4)","decl":{"start":{"line":91,"column":37},"end":{"line":91,"column":38}},"loc":{"start":{"line":92,"column":6},"end":{"line":94,"column":110}},"line":92},"5":{"name":"(anonymous_5)","decl":{"start":{"line":100,"column":24},"end":{"line":100,"column":25}},"loc":{"start":{"line":100,"column":30},"end":{"line":103,"column":3}},"line":100},"6":{"name":"(anonymous_6)","decl":{"start":{"line":105,"column":24},"end":{"line":105,"column":25}},"loc":{"start":{"line":105,"column":53},"end":{"line":134,"column":3}},"line":105},"7":{"name":"(anonymous_7)","decl":{"start":{"line":116,"column":45},"end":{"line":116,"column":46}},"loc":{"start":{"line":117,"column":10},"end":{"line":117,"column":78}},"line":117},"8":{"name":"(anonymous_8)","decl":{"start":{"line":121,"column":31},"end":{"line":121,"column":32}},"loc":{"start":{"line":122,"column":12},"end":{"line":122,"column":80}},"line":122},"9":{"name":"(anonymous_9)","decl":{"start":{"line":136,"column":23},"end":{"line":136,"column":24}},"loc":{"start":{"line":136,"column":52},"end":{"line":165,"column":3}},"line":136},"10":{"name":"(anonymous_10)","decl":{"start":{"line":147,"column":45},"end":{"line":147,"column":46}},"loc":{"start":{"line":148,"column":10},"end":{"line":148,"column":78}},"line":148},"11":{"name":"(anonymous_11)","decl":{"start":{"line":152,"column":31},"end":{"line":152,"column":32}},"loc":{"start":{"line":153,"column":12},"end":{"line":153,"column":80}},"line":153},"12":{"name":"(anonymous_12)","decl":{"start":{"line":167,"column":28},"end":{"line":167,"column":29}},"loc":{"start":{"line":167,"column":69},"end":{"line":231,"column":3}},"line":167},"13":{"name":"(anonymous_13)","decl":{"start":{"line":214,"column":23},"end":{"line":214,"column":24}},"loc":{"start":{"line":214,"column":29},"end":{"line":214,"column":51}},"line":214},"14":{"name":"(anonymous_14)","decl":{"start":{"line":222,"column":23},"end":{"line":222,"column":24}},"loc":{"start":{"line":222,"column":29},"end":{"line":222,"column":50}},"line":222},"15":{"name":"(anonymous_15)","decl":{"start":{"line":233,"column":31},"end":{"line":233,"column":32}},"loc":{"start":{"line":234,"column":4},"end":{"line":239,"column":11}},"line":234},"16":{"name":"(anonymous_16)","decl":{"start":{"line":262,"column":37},"end":{"line":262,"column":38}},"loc":{"start":{"line":262,"column":43},"end":{"line":262,"column":59}},"line":262},"17":{"name":"(anonymous_17)","decl":{"start":{"line":272,"column":22},"end":{"line":272,"column":23}},"loc":{"start":{"line":272,"column":32},"end":{"line":272,"column":50}},"line":272},"18":{"name":"(anonymous_18)","decl":{"start":{"line":277,"column":28},"end":{"line":277,"column":29}},"loc":{"start":{"line":278,"column":10},"end":{"line":285,"column":17}},"line":278}},"branchMap":{"0":{"loc":{"start":{"line":48,"column":6},"end":{"line":66,"column":7}},"type":"if","locations":[{"start":{"line":48,"column":6},"end":{"line":66,"column":7}},{"start":{"line":62,"column":13},"end":{"line":66,"column":7}}],"line":48},"1":{"loc":{"start":{"line":52,"column":29},"end":{"line":52,"column":49}},"type":"binary-expr","locations":[{"start":{"line":52,"column":29},"end":{"line":52,"column":41}},{"start":{"line":52,"column":45},"end":{"line":52,"column":49}}],"line":52},"2":{"loc":{"start":{"line":54,"column":8},"end":{"line":61,"column":9}},"type":"if","locations":[{"start":{"line":54,"column":8},"end":{"line":61,"column":9}},{"start":{"line":57,"column":15},"end":{"line":61,"column":9}}],"line":54},"3":{"loc":{"start":{"line":86,"column":4},"end":{"line":89,"column":5}},"type":"if","locations":[{"start":{"line":86,"column":4},"end":{"line":89,"column":5}},{"start":{},"end":{}}],"line":86},"4":{"loc":{"start":{"line":92,"column":6},"end":{"line":94,"column":110}},"type":"binary-expr","locations":[{"start":{"line":92,"column":6},"end":{"line":92,"column":61}},{"start":{"line":93,"column":6},"end":{"line":93,"column":77}},{"start":{"line":94,"column":7},"end":{"line":94,"column":39}},{"start":{"line":94,"column":43},"end":{"line":94,"column":109}}],"line":92},"5":{"loc":{"start":{"line":93,"column":7},"end":{"line":93,"column":47}},"type":"binary-expr","locations":[{"start":{"line":93,"column":7},"end":{"line":93,"column":41}},{"start":{"line":93,"column":45},"end":{"line":93,"column":47}}],"line":93},"6":{"loc":{"start":{"line":114,"column":6},"end":{"line":129,"column":7}},"type":"if","locations":[{"start":{"line":114,"column":6},"end":{"line":129,"column":7}},{"start":{"line":127,"column":13},"end":{"line":129,"column":7}}],"line":114},"7":{"loc":{"start":{"line":117,"column":10},"end":{"line":117,"column":78}},"type":"cond-expr","locations":[{"start":{"line":117,"column":33},"end":{"line":117,"column":72}},{"start":{"line":117,"column":75},"end":{"line":117,"column":78}}],"line":117},"8":{"loc":{"start":{"line":122,"column":12},"end":{"line":122,"column":80}},"type":"cond-expr","locations":[{"start":{"line":122,"column":35},"end":{"line":122,"column":74}},{"start":{"line":122,"column":77},"end":{"line":122,"column":80}}],"line":122},"9":{"loc":{"start":{"line":145,"column":6},"end":{"line":160,"column":7}},"type":"if","locations":[{"start":{"line":145,"column":6},"end":{"line":160,"column":7}},{"start":{"line":158,"column":13},"end":{"line":160,"column":7}}],"line":145},"10":{"loc":{"start":{"line":148,"column":10},"end":{"line":148,"column":78}},"type":"cond-expr","locations":[{"start":{"line":148,"column":33},"end":{"line":148,"column":72}},{"start":{"line":148,"column":75},"end":{"line":148,"column":78}}],"line":148},"11":{"loc":{"start":{"line":153,"column":12},"end":{"line":153,"column":80}},"type":"cond-expr","locations":[{"start":{"line":153,"column":35},"end":{"line":153,"column":74}},{"start":{"line":153,"column":77},"end":{"line":153,"column":80}}],"line":153},"12":{"loc":{"start":{"line":176,"column":12},"end":{"line":178,"column":31}},"type":"cond-expr","locations":[{"start":{"line":176,"column":41},"end":{"line":176,"column":61}},{"start":{"line":177,"column":12},"end":{"line":178,"column":31}}],"line":176},"13":{"loc":{"start":{"line":177,"column":12},"end":{"line":178,"column":31}},"type":"cond-expr","locations":[{"start":{"line":177,"column":41},"end":{"line":177,"column":61}},{"start":{"line":178,"column":12},"end":{"line":178,"column":31}}],"line":177},"14":{"loc":{"start":{"line":190,"column":15},"end":{"line":190,"column":60}},"type":"binary-expr","locations":[{"start":{"line":190,"column":15},"end":{"line":190,"column":31}},{"start":{"line":190,"column":35},"end":{"line":190,"column":60}}],"line":190},"15":{"loc":{"start":{"line":197,"column":11},"end":{"line":207,"column":11}},"type":"binary-expr","locations":[{"start":{"line":197,"column":11},"end":{"line":197,"column":20}},{"start":{"line":198,"column":10},"end":{"line":206,"column":17}}],"line":197},"16":{"loc":{"start":{"line":201,"column":17},"end":{"line":204,"column":45}},"type":"cond-expr","locations":[{"start":{"line":202,"column":18},"end":{"line":202,"column":36}},{"start":{"line":203,"column":18},"end":{"line":204,"column":45}}],"line":201},"17":{"loc":{"start":{"line":201,"column":17},"end":{"line":201,"column":68}},"type":"binary-expr","locations":[{"start":{"line":201,"column":17},"end":{"line":201,"column":46}},{"start":{"line":201,"column":50},"end":{"line":201,"column":68}}],"line":201},"18":{"loc":{"start":{"line":203,"column":18},"end":{"line":204,"column":45}},"type":"cond-expr","locations":[{"start":{"line":204,"column":20},"end":{"line":204,"column":40}},{"start":{"line":204,"column":43},"end":{"line":204,"column":45}}],"line":203},"19":{"loc":{"start":{"line":210,"column":9},"end":{"line":228,"column":9}},"type":"binary-expr","locations":[{"start":{"line":210,"column":9},"end":{"line":210,"column":18}},{"start":{"line":211,"column":10},"end":{"line":227,"column":17}}],"line":210},"20":{"loc":{"start":{"line":242,"column":2},"end":{"line":248,"column":3}},"type":"if","locations":[{"start":{"line":242,"column":2},"end":{"line":248,"column":3}},{"start":{},"end":{}}],"line":242},"21":{"loc":{"start":{"line":242,"column":6},"end":{"line":242,"column":30}},"type":"binary-expr","locations":[{"start":{"line":242,"column":6},"end":{"line":242,"column":15}},{"start":{"line":242,"column":19},"end":{"line":242,"column":30}}],"line":242},"22":{"loc":{"start":{"line":261,"column":9},"end":{"line":265,"column":9}},"type":"binary-expr","locations":[{"start":{"line":261,"column":9},"end":{"line":261,"column":31}},{"start":{"line":262,"column":10},"end":{"line":264,"column":29}}],"line":261},"23":{"loc":{"start":{"line":281,"column":15},"end":{"line":283,"column":46}},"type":"cond-expr","locations":[{"start":{"line":282,"column":18},"end":{"line":282,"column":49}},{"start":{"line":283,"column":18},"end":{"line":283,"column":46}}],"line":281}},"s":{"0":0,"1":0,"2":0,"3":0,"4":0,"5":0,"6":0,"7":0,"8":0,"9":0,"10":0,"11":0,"12":0,"13":0,"14":0,"15":0,"16":0,"17":0,"18":0,"19":0,"20":0,"21":0,"22":0,"23":0,"24":0,"25":0,"26":0,"27":0,"28":0,"29":0,"30":0,"31":0,"32":0,"33":0,"34":0,"35":0,"36":0,"37":0,"38":0,"39":0,"40":0,"41":0,"42":0,"43":0,"44":0,"45":0,"46":0,"47":0,"48":0,"49":0,"50":0,"51":0,"52":0,"53":0,"54":0,"55":0,"56":0,"57":0,"58":0,"59":0,"60":0,"61":0,"62":0,"63":0,"64":0,"65":0,"66":0,"67":0,"68":0,"69":0,"70":0,"71":0,"72":0,"73":0,"74":0,"75":0,"76":0,"77":0,"78":0,"79":0},"f":{"0":0,"1":0,"2":0,"3":0,"4":0,"5":0,"6":0,"7":0,"8":0,"9":0,"10":0,"11":0,"12":0,"13":0,"14":0,"15":0,"16":0,"17":0,"18":0},"b":{"0":[0,0],"1":[0,0],"2":[0,0],"3":[0,0],"4":[0,0,0,0],"5":[0,0],"6":[0,0],"7":[0,0],"8":[0,0],"9":[0,0],"10":[0,0],"11":[0,0],"12":[0,0],"13":[0,0],"14":[0,0],"15":[0,0],"16":[0,0],"17":[0,0],"18":[0,0],"19":[0,0],"20":[0,0],"21":[0,0],"22":[0,0],"23":[0,0]}}
,"/Users/barathanaslan/Desktop/cmpe352/bounswe2025group3/practice-app/MobileApp/app/(tabs)/admin/index.tsx": {"path":"/Users/barathanaslan/Desktop/cmpe352/bounswe2025group3/practice-app/MobileApp/app/(tabs)/admin/index.tsx","statementMap":{"0":{"start":{"line":33,"column":36},"end":{"line":119,"column":2}},"1":{"start":{"line":50,"column":2},"end":{"line":118,"column":4}},"2":{"start":{"line":88,"column":25},"end":{"line":88,"column":62}},"3":{"start":{"line":104,"column":27},"end":{"line":104,"column":66}},"4":{"start":{"line":122,"column":28},"end":{"line":122,"column":61}},"5":{"start":{"line":123,"column":36},"end":{"line":123,"column":50}},"6":{"start":{"line":124,"column":17},"end":{"line":124,"column":28}},"7":{"start":{"line":126,"column":64},"end":{"line":126,"column":79}},"8":{"start":{"line":127,"column":28},"end":{"line":127,"column":63}},"9":{"start":{"line":128,"column":44},"end":{"line":128,"column":79}},"10":{"start":{"line":129,"column":50},"end":{"line":129,"column":62}},"11":{"start":{"line":130,"column":46},"end":{"line":130,"column":61}},"12":{"start":{"line":131,"column":52},"end":{"line":131,"column":67}},"13":{"start":{"line":132,"column":38},"end":{"line":132,"column":49}},"14":{"start":{"line":134,"column":21},"end":{"line":189,"column":3}},"15":{"start":{"line":135,"column":4},"end":{"line":135,"column":23}},"16":{"start":{"line":136,"column":4},"end":{"line":188,"column":5}},"17":{"start":{"line":138,"column":28},"end":{"line":140,"column":7}},"18":{"start":{"line":142,"column":6},"end":{"line":182,"column":7}},"19":{"start":{"line":143,"column":21},"end":{"line":143,"column":47}},"20":{"start":{"line":144,"column":26},"end":{"line":144,"column":44}},"21":{"start":{"line":146,"column":8},"end":{"line":146,"column":28}},"22":{"start":{"line":147,"column":8},"end":{"line":147,"column":36}},"23":{"start":{"line":149,"column":22},"end":{"line":154,"column":9}},"24":{"start":{"line":156,"column":8},"end":{"line":160,"column":11}},"25":{"start":{"line":157,"column":10},"end":{"line":159,"column":57}},"26":{"start":{"line":157,"column":36},"end":{"line":157,"column":56}},"27":{"start":{"line":158,"column":15},"end":{"line":159,"column":57}},"28":{"start":{"line":158,"column":46},"end":{"line":158,"column":65}},"29":{"start":{"line":159,"column":15},"end":{"line":159,"column":57}},"30":{"start":{"line":159,"column":42},"end":{"line":159,"column":57}},"31":{"start":{"line":163,"column":33},"end":{"line":165,"column":9}},"32":{"start":{"line":167,"column":8},"end":{"line":176,"column":9}},"33":{"start":{"line":168,"column":31},"end":{"line":168,"column":60}},"34":{"start":{"line":169,"column":31},"end":{"line":169,"column":57}},"35":{"start":{"line":171,"column":10},"end":{"line":175,"column":11}},"36":{"start":{"line":172,"column":12},"end":{"line":174,"column":21}},"37":{"start":{"line":173,"column":14},"end":{"line":173,"column":66}},"38":{"start":{"line":178,"column":8},"end":{"line":178,"column":24}},"39":{"start":{"line":180,"column":8},"end":{"line":180,"column":83}},"40":{"start":{"line":181,"column":8},"end":{"line":181,"column":60}},"41":{"start":{"line":184,"column":6},"end":{"line":184,"column":58}},"42":{"start":{"line":185,"column":6},"end":{"line":185,"column":75}},"43":{"start":{"line":187,"column":6},"end":{"line":187,"column":26}},"44":{"start":{"line":191,"column":25},"end":{"line":214,"column":3}},"45":{"start":{"line":192,"column":4},"end":{"line":192,"column":28}},"46":{"start":{"line":193,"column":4},"end":{"line":213,"column":5}},"47":{"start":{"line":195,"column":23},"end":{"line":197,"column":7}},"48":{"start":{"line":199,"column":6},"end":{"line":206,"column":7}},"49":{"start":{"line":200,"column":21},"end":{"line":200,"column":42}},"50":{"start":{"line":201,"column":8},"end":{"line":201,"column":37}},"51":{"start":{"line":202,"column":8},"end":{"line":202,"column":45}},"52":{"start":{"line":204,"column":8},"end":{"line":204,"column":78}},"53":{"start":{"line":205,"column":8},"end":{"line":205,"column":60}},"54":{"start":{"line":208,"column":6},"end":{"line":208,"column":57}},"55":{"start":{"line":209,"column":6},"end":{"line":209,"column":75}},"56":{"start":{"line":211,"column":6},"end":{"line":211,"column":31}},"57":{"start":{"line":212,"column":6},"end":{"line":212,"column":34}},"58":{"start":{"line":216,"column":2},"end":{"line":218,"column":9}},"59":{"start":{"line":217,"column":4},"end":{"line":217,"column":17}},"60":{"start":{"line":220,"column":2},"end":{"line":230,"column":4}},"61":{"start":{"line":222,"column":6},"end":{"line":225,"column":7}},"62":{"start":{"line":223,"column":6},"end":{"line":223,"column":25}},"63":{"start":{"line":224,"column":6},"end":{"line":224,"column":54}},"64":{"start":{"line":224,"column":33},"end":{"line":224,"column":52}},"65":{"start":{"line":226,"column":6},"end":{"line":228,"column":7}},"66":{"start":{"line":227,"column":8},"end":{"line":227,"column":25}},"67":{"start":{"line":232,"column":41},"end":{"line":238,"column":45}},"68":{"start":{"line":233,"column":26},"end":{"line":233,"column":50}},"69":{"start":{"line":234,"column":4},"end":{"line":234,"column":46}},"70":{"start":{"line":235,"column":4},"end":{"line":237,"column":5}},"71":{"start":{"line":236,"column":6},"end":{"line":236,"column":23}},"72":{"start":{"line":240,"column":27},"end":{"line":254,"column":13}},"73":{"start":{"line":241,"column":4},"end":{"line":241,"column":30}},"74":{"start":{"line":242,"column":4},"end":{"line":253,"column":5}},"75":{"start":{"line":243,"column":6},"end":{"line":243,"column":30}},"76":{"start":{"line":245,"column":29},"end":{"line":245,"column":47}},"77":{"start":{"line":246,"column":23},"end":{"line":251,"column":7}},"78":{"start":{"line":247,"column":8},"end":{"line":250,"column":81}},"79":{"start":{"line":252,"column":6},"end":{"line":252,"column":33}},"80":{"start":{"line":256,"column":28},"end":{"line":259,"column":3}},"81":{"start":{"line":257,"column":4},"end":{"line":257,"column":31}},"82":{"start":{"line":258,"column":4},"end":{"line":258,"column":21}},"83":{"start":{"line":261,"column":29},"end":{"line":294,"column":3}},"84":{"start":{"line":263,"column":4},"end":{"line":266,"column":5}},"85":{"start":{"line":264,"column":6},"end":{"line":264,"column":85}},"86":{"start":{"line":265,"column":6},"end":{"line":265,"column":13}},"87":{"start":{"line":268,"column":4},"end":{"line":293,"column":5}},"88":{"start":{"line":269,"column":24},"end":{"line":269,"column":39}},"89":{"start":{"line":270,"column":23},"end":{"line":277,"column":7}},"90":{"start":{"line":278,"column":6},"end":{"line":289,"column":7}},"91":{"start":{"line":279,"column":32},"end":{"line":279,"column":113}},"92":{"start":{"line":279,"column":60},"end":{"line":279,"column":113}},"93":{"start":{"line":280,"column":8},"end":{"line":280,"column":62}},"94":{"start":{"line":280,"column":30},"end":{"line":280,"column":60}},"95":{"start":{"line":281,"column":8},"end":{"line":281,"column":86}},"96":{"start":{"line":281,"column":46},"end":{"line":281,"column":84}},"97":{"start":{"line":284,"column":8},"end":{"line":284,"column":21}},"98":{"start":{"line":286,"column":8},"end":{"line":286,"column":109}},"99":{"start":{"line":288,"column":8},"end":{"line":288,"column":61}},"100":{"start":{"line":291,"column":6},"end":{"line":291,"column":65}},"101":{"start":{"line":292,"column":6},"end":{"line":292,"column":75}},"102":{"start":{"line":296,"column":27},"end":{"line":324,"column":3}},"103":{"start":{"line":298,"column":4},"end":{"line":301,"column":5}},"104":{"start":{"line":299,"column":6},"end":{"line":299,"column":81}},"105":{"start":{"line":300,"column":6},"end":{"line":300,"column":13}},"106":{"start":{"line":303,"column":4},"end":{"line":323,"column":5}},"107":{"start":{"line":304,"column":23},"end":{"line":310,"column":7}},"108":{"start":{"line":311,"column":6},"end":{"line":319,"column":7}},"109":{"start":{"line":312,"column":32},"end":{"line":312,"column":106}},"110":{"start":{"line":312,"column":60},"end":{"line":312,"column":106}},"111":{"start":{"line":313,"column":8},"end":{"line":313,"column":62}},"112":{"start":{"line":313,"column":30},"end":{"line":313,"column":60}},"113":{"start":{"line":314,"column":8},"end":{"line":314,"column":86}},"114":{"start":{"line":314,"column":46},"end":{"line":314,"column":84}},"115":{"start":{"line":315,"column":8},"end":{"line":315,"column":95}},"116":{"start":{"line":317,"column":26},"end":{"line":317,"column":103}},"117":{"start":{"line":317,"column":61},"end":{"line":317,"column":101}},"118":{"start":{"line":318,"column":8},"end":{"line":318,"column":79}},"119":{"start":{"line":321,"column":6},"end":{"line":321,"column":56}},"120":{"start":{"line":322,"column":6},"end":{"line":322,"column":73}},"121":{"start":{"line":326,"column":25},"end":{"line":391,"column":3}},"122":{"start":{"line":327,"column":20},"end":{"line":327,"column":41}},"123":{"start":{"line":329,"column":4},"end":{"line":390,"column":6}},"124":{"start":{"line":355,"column":29},"end":{"line":355,"column":53}},"125":{"start":{"line":363,"column":31},"end":{"line":363,"column":66}},"126":{"start":{"line":372,"column":31},"end":{"line":372,"column":61}},"127":{"start":{"line":394,"column":21},"end":{"line":404,"column":114}},"128":{"start":{"line":395,"column":4},"end":{"line":403,"column":6}},"129":{"start":{"line":406,"column":21},"end":{"line":424,"column":39}},"130":{"start":{"line":407,"column":4},"end":{"line":423,"column":12}},"131":{"start":{"line":411,"column":25},"end":{"line":411,"column":64}},"132":{"start":{"line":426,"column":4},"end":{"line":484,"column":4}},"133":{"start":{"line":437,"column":34},"end":{"line":437,"column":52}},"134":{"start":{"line":450,"column":12},"end":{"line":461,"column":13}},"135":{"start":{"line":487,"column":15},"end":{"line":601,"column":2}}},"fnMap":{"0":{"name":"(anonymous_0)","decl":{"start":{"line":33,"column":41},"end":{"line":33,"column":42}},"loc":{"start":{"line":49,"column":6},"end":{"line":119,"column":1}},"line":49},"1":{"name":"(anonymous_1)","decl":{"start":{"line":88,"column":19},"end":{"line":88,"column":20}},"loc":{"start":{"line":88,"column":25},"end":{"line":88,"column":62}},"line":88},"2":{"name":"(anonymous_2)","decl":{"start":{"line":104,"column":21},"end":{"line":104,"column":22}},"loc":{"start":{"line":104,"column":27},"end":{"line":104,"column":66}},"line":104},"3":{"name":"AdminDashboard","decl":{"start":{"line":121,"column":24},"end":{"line":121,"column":38}},"loc":{"start":{"line":121,"column":41},"end":{"line":485,"column":1}},"line":121},"4":{"name":"(anonymous_4)","decl":{"start":{"line":134,"column":21},"end":{"line":134,"column":22}},"loc":{"start":{"line":134,"column":33},"end":{"line":189,"column":3}},"line":134},"5":{"name":"(anonymous_5)","decl":{"start":{"line":156,"column":26},"end":{"line":156,"column":27}},"loc":{"start":{"line":156,"column":57},"end":{"line":160,"column":9}},"line":156},"6":{"name":"(anonymous_6)","decl":{"start":{"line":172,"column":66},"end":{"line":172,"column":67}},"loc":{"start":{"line":173,"column":14},"end":{"line":173,"column":66}},"line":173},"7":{"name":"(anonymous_7)","decl":{"start":{"line":191,"column":25},"end":{"line":191,"column":26}},"loc":{"start":{"line":191,"column":37},"end":{"line":214,"column":3}},"line":191},"8":{"name":"(anonymous_8)","decl":{"start":{"line":216,"column":12},"end":{"line":216,"column":13}},"loc":{"start":{"line":216,"column":18},"end":{"line":218,"column":3}},"line":216},"9":{"name":"(anonymous_9)","decl":{"start":{"line":221,"column":16},"end":{"line":221,"column":17}},"loc":{"start":{"line":221,"column":22},"end":{"line":229,"column":5}},"line":221},"10":{"name":"(anonymous_10)","decl":{"start":{"line":224,"column":27},"end":{"line":224,"column":28}},"loc":{"start":{"line":224,"column":33},"end":{"line":224,"column":52}},"line":224},"11":{"name":"(anonymous_11)","decl":{"start":{"line":232,"column":53},"end":{"line":232,"column":54}},"loc":{"start":{"line":232,"column":59},"end":{"line":238,"column":3}},"line":232},"12":{"name":"(anonymous_12)","decl":{"start":{"line":240,"column":39},"end":{"line":240,"column":40}},"loc":{"start":{"line":240,"column":57},"end":{"line":254,"column":3}},"line":240},"13":{"name":"(anonymous_13)","decl":{"start":{"line":246,"column":36},"end":{"line":246,"column":37}},"loc":{"start":{"line":247,"column":8},"end":{"line":250,"column":81}},"line":247},"14":{"name":"(anonymous_14)","decl":{"start":{"line":256,"column":28},"end":{"line":256,"column":29}},"loc":{"start":{"line":256,"column":34},"end":{"line":259,"column":3}},"line":256},"15":{"name":"(anonymous_15)","decl":{"start":{"line":261,"column":29},"end":{"line":261,"column":30}},"loc":{"start":{"line":261,"column":66},"end":{"line":294,"column":3}},"line":261},"16":{"name":"(anonymous_16)","decl":{"start":{"line":279,"column":32},"end":{"line":279,"column":33}},"loc":{"start":{"line":279,"column":60},"end":{"line":279,"column":113}},"line":279},"17":{"name":"(anonymous_17)","decl":{"start":{"line":280,"column":17},"end":{"line":280,"column":18}},"loc":{"start":{"line":280,"column":30},"end":{"line":280,"column":60}},"line":280},"18":{"name":"(anonymous_18)","decl":{"start":{"line":281,"column":25},"end":{"line":281,"column":26}},"loc":{"start":{"line":281,"column":46},"end":{"line":281,"column":84}},"line":281},"19":{"name":"(anonymous_19)","decl":{"start":{"line":296,"column":27},"end":{"line":296,"column":28}},"loc":{"start":{"line":296,"column":95},"end":{"line":324,"column":3}},"line":296},"20":{"name":"(anonymous_20)","decl":{"start":{"line":312,"column":32},"end":{"line":312,"column":33}},"loc":{"start":{"line":312,"column":60},"end":{"line":312,"column":106}},"line":312},"21":{"name":"(anonymous_21)","decl":{"start":{"line":313,"column":17},"end":{"line":313,"column":18}},"loc":{"start":{"line":313,"column":30},"end":{"line":313,"column":60}},"line":313},"22":{"name":"(anonymous_22)","decl":{"start":{"line":314,"column":25},"end":{"line":314,"column":26}},"loc":{"start":{"line":314,"column":46},"end":{"line":314,"column":84}},"line":314},"23":{"name":"(anonymous_23)","decl":{"start":{"line":317,"column":54},"end":{"line":317,"column":55}},"loc":{"start":{"line":317,"column":61},"end":{"line":317,"column":101}},"line":317},"24":{"name":"(anonymous_24)","decl":{"start":{"line":326,"column":25},"end":{"line":326,"column":26}},"loc":{"start":{"line":326,"column":70},"end":{"line":391,"column":3}},"line":326},"25":{"name":"(anonymous_25)","decl":{"start":{"line":355,"column":23},"end":{"line":355,"column":24}},"loc":{"start":{"line":355,"column":29},"end":{"line":355,"column":53}},"line":355},"26":{"name":"(anonymous_26)","decl":{"start":{"line":363,"column":25},"end":{"line":363,"column":26}},"loc":{"start":{"line":363,"column":31},"end":{"line":363,"column":66}},"line":363},"27":{"name":"(anonymous_27)","decl":{"start":{"line":372,"column":25},"end":{"line":372,"column":26}},"loc":{"start":{"line":372,"column":31},"end":{"line":372,"column":61}},"line":372},"28":{"name":"(anonymous_28)","decl":{"start":{"line":394,"column":29},"end":{"line":394,"column":30}},"loc":{"start":{"line":395,"column":4},"end":{"line":403,"column":6}},"line":395},"29":{"name":"(anonymous_29)","decl":{"start":{"line":406,"column":29},"end":{"line":406,"column":30}},"loc":{"start":{"line":407,"column":4},"end":{"line":423,"column":12}},"line":407},"30":{"name":"(anonymous_30)","decl":{"start":{"line":411,"column":19},"end":{"line":411,"column":20}},"loc":{"start":{"line":411,"column":25},"end":{"line":411,"column":64}},"line":411},"31":{"name":"(anonymous_31)","decl":{"start":{"line":437,"column":24},"end":{"line":437,"column":25}},"loc":{"start":{"line":437,"column":34},"end":{"line":437,"column":52}},"line":437},"32":{"name":"(anonymous_32)","decl":{"start":{"line":449,"column":30},"end":{"line":449,"column":31}},"loc":{"start":{"line":450,"column":12},"end":{"line":461,"column":13}},"line":450}},"branchMap":{"0":{"loc":{"start":{"line":39,"column":2},"end":{"line":39,"column":45}},"type":"default-arg","locations":[{"start":{"line":39,"column":40},"end":{"line":39,"column":45}}],"line":39},"1":{"loc":{"start":{"line":60,"column":49},"end":{"line":60,"column":72}},"type":"binary-expr","locations":[{"start":{"line":60,"column":49},"end":{"line":60,"column":67}},{"start":{"line":60,"column":71},"end":{"line":60,"column":72}}],"line":60},"2":{"loc":{"start":{"line":66,"column":49},"end":{"line":66,"column":71}},"type":"binary-expr","locations":[{"start":{"line":66,"column":49},"end":{"line":66,"column":66}},{"start":{"line":66,"column":70},"end":{"line":66,"column":71}}],"line":66},"3":{"loc":{"start":{"line":72,"column":49},"end":{"line":72,"column":67}},"type":"binary-expr","locations":[{"start":{"line":72,"column":49},"end":{"line":72,"column":62}},{"start":{"line":72,"column":66},"end":{"line":72,"column":67}}],"line":72},"4":{"loc":{"start":{"line":78,"column":49},"end":{"line":78,"column":86}},"type":"binary-expr","locations":[{"start":{"line":78,"column":49},"end":{"line":78,"column":81}},{"start":{"line":78,"column":85},"end":{"line":78,"column":86}}],"line":78},"5":{"loc":{"start":{"line":101,"column":9},"end":{"line":115,"column":9}},"type":"binary-expr","locations":[{"start":{"line":101,"column":10},"end":{"line":101,"column":45}},{"start":{"line":101,"column":49},"end":{"line":101,"column":73}},{"start":{"line":102,"column":10},"end":{"line":114,"column":29}}],"line":101},"6":{"loc":{"start":{"line":142,"column":6},"end":{"line":182,"column":7}},"type":"if","locations":[{"start":{"line":142,"column":6},"end":{"line":182,"column":7}},{"start":{"line":179,"column":13},"end":{"line":182,"column":7}}],"line":142},"7":{"loc":{"start":{"line":144,"column":26},"end":{"line":144,"column":44}},"type":"binary-expr","locations":[{"start":{"line":144,"column":26},"end":{"line":144,"column":38}},{"start":{"line":144,"column":42},"end":{"line":144,"column":44}}],"line":144},"8":{"loc":{"start":{"line":157,"column":10},"end":{"line":159,"column":57}},"type":"if","locations":[{"start":{"line":157,"column":10},"end":{"line":159,"column":57}},{"start":{"line":158,"column":15},"end":{"line":159,"column":57}}],"line":157},"9":{"loc":{"start":{"line":158,"column":15},"end":{"line":159,"column":57}},"type":"if","locations":[{"start":{"line":158,"column":15},"end":{"line":159,"column":57}},{"start":{"line":159,"column":15},"end":{"line":159,"column":57}}],"line":158},"10":{"loc":{"start":{"line":159,"column":15},"end":{"line":159,"column":57}},"type":"if","locations":[{"start":{"line":159,"column":15},"end":{"line":159,"column":57}},{"start":{},"end":{}}],"line":159},"11":{"loc":{"start":{"line":167,"column":8},"end":{"line":176,"column":9}},"type":"if","locations":[{"start":{"line":167,"column":8},"end":{"line":176,"column":9}},{"start":{},"end":{}}],"line":167},"12":{"loc":{"start":{"line":169,"column":31},"end":{"line":169,"column":57}},"type":"binary-expr","locations":[{"start":{"line":169,"column":31},"end":{"line":169,"column":51}},{"start":{"line":169,"column":55},"end":{"line":169,"column":57}}],"line":169},"13":{"loc":{"start":{"line":171,"column":10},"end":{"line":175,"column":11}},"type":"if","locations":[{"start":{"line":171,"column":10},"end":{"line":175,"column":11}},{"start":{},"end":{}}],"line":171},"14":{"loc":{"start":{"line":173,"column":14},"end":{"line":173,"column":66}},"type":"binary-expr","locations":[{"start":{"line":173,"column":14},"end":{"line":173,"column":24}},{"start":{"line":173,"column":28},"end":{"line":173,"column":66}}],"line":173},"15":{"loc":{"start":{"line":199,"column":6},"end":{"line":206,"column":7}},"type":"if","locations":[{"start":{"line":199,"column":6},"end":{"line":206,"column":7}},{"start":{"line":203,"column":13},"end":{"line":206,"column":7}}],"line":199},"16":{"loc":{"start":{"line":201,"column":17},"end":{"line":201,"column":35}},"type":"binary-expr","locations":[{"start":{"line":201,"column":17},"end":{"line":201,"column":29}},{"start":{"line":201,"column":33},"end":{"line":201,"column":35}}],"line":201},"17":{"loc":{"start":{"line":202,"column":25},"end":{"line":202,"column":43}},"type":"binary-expr","locations":[{"start":{"line":202,"column":25},"end":{"line":202,"column":37}},{"start":{"line":202,"column":41},"end":{"line":202,"column":43}}],"line":202},"18":{"loc":{"start":{"line":222,"column":6},"end":{"line":225,"column":7}},"type":"if","locations":[{"start":{"line":222,"column":6},"end":{"line":225,"column":7}},{"start":{},"end":{}}],"line":222},"19":{"loc":{"start":{"line":226,"column":6},"end":{"line":228,"column":7}},"type":"if","locations":[{"start":{"line":226,"column":6},"end":{"line":228,"column":7}},{"start":{},"end":{}}],"line":226},"20":{"loc":{"start":{"line":226,"column":10},"end":{"line":226,"column":55}},"type":"binary-expr","locations":[{"start":{"line":226,"column":10},"end":{"line":226,"column":33}},{"start":{"line":226,"column":37},"end":{"line":226,"column":55}}],"line":226},"21":{"loc":{"start":{"line":235,"column":4},"end":{"line":237,"column":5}},"type":"if","locations":[{"start":{"line":235,"column":4},"end":{"line":237,"column":5}},{"start":{},"end":{}}],"line":235},"22":{"loc":{"start":{"line":235,"column":8},"end":{"line":235,"column":43}},"type":"binary-expr","locations":[{"start":{"line":235,"column":8},"end":{"line":235,"column":21}},{"start":{"line":235,"column":25},"end":{"line":235,"column":43}}],"line":235},"23":{"loc":{"start":{"line":242,"column":4},"end":{"line":253,"column":5}},"type":"if","locations":[{"start":{"line":242,"column":4},"end":{"line":253,"column":5}},{"start":{"line":244,"column":11},"end":{"line":253,"column":5}}],"line":242},"24":{"loc":{"start":{"line":247,"column":8},"end":{"line":250,"column":81}},"type":"binary-expr","locations":[{"start":{"line":247,"column":8},"end":{"line":247,"column":60}},{"start":{"line":248,"column":8},"end":{"line":248,"column":57}},{"start":{"line":249,"column":9},"end":{"line":249,"column":24}},{"start":{"line":249,"column":28},"end":{"line":249,"column":82}},{"start":{"line":250,"column":9},"end":{"line":250,"column":23}},{"start":{"line":250,"column":27},"end":{"line":250,"column":80}}],"line":247},"25":{"loc":{"start":{"line":263,"column":4},"end":{"line":266,"column":5}},"type":"if","locations":[{"start":{"line":263,"column":4},"end":{"line":266,"column":5}},{"start":{},"end":{}}],"line":263},"26":{"loc":{"start":{"line":278,"column":6},"end":{"line":289,"column":7}},"type":"if","locations":[{"start":{"line":278,"column":6},"end":{"line":289,"column":7}},{"start":{"line":287,"column":13},"end":{"line":289,"column":7}}],"line":278},"27":{"loc":{"start":{"line":279,"column":60},"end":{"line":279,"column":113}},"type":"cond-expr","locations":[{"start":{"line":279,"column":79},"end":{"line":279,"column":109}},{"start":{"line":279,"column":112},"end":{"line":279,"column":113}}],"line":279},"28":{"loc":{"start":{"line":286,"column":65},"end":{"line":286,"column":104}},"type":"cond-expr","locations":[{"start":{"line":286,"column":77},"end":{"line":286,"column":88}},{"start":{"line":286,"column":91},"end":{"line":286,"column":104}}],"line":286},"29":{"loc":{"start":{"line":298,"column":4},"end":{"line":301,"column":5}},"type":"if","locations":[{"start":{"line":298,"column":4},"end":{"line":301,"column":5}},{"start":{},"end":{}}],"line":298},"30":{"loc":{"start":{"line":311,"column":6},"end":{"line":319,"column":7}},"type":"if","locations":[{"start":{"line":311,"column":6
[...]
lumn":30},"end":{"line":27,"column":31}},"loc":{"start":{"line":27,"column":42},"end":{"line":60,"column":3}},"line":27},"3":{"name":"(anonymous_3)","decl":{"start":{"line":48,"column":19},"end":{"line":48,"column":20}},"loc":{"start":{"line":48,"column":25},"end":{"line":51,"column":9}},"line":48},"4":{"name":"(anonymous_4)","decl":{"start":{"line":68,"column":35},"end":{"line":68,"column":36}},"loc":{"start":{"line":68,"column":41},"end":{"line":68,"column":54}},"line":68},"5":{"name":"(anonymous_5)","decl":{"start":{"line":111,"column":17},"end":{"line":111,"column":18}},"loc":{"start":{"line":111,"column":23},"end":{"line":111,"column":45}},"line":111}},"branchMap":{"0":{"loc":{"start":{"line":20,"column":53},"end":{"line":20,"column":88}},"type":"default-arg","locations":[{"start":{"line":20,"column":81},"end":{"line":20,"column":88}}],"line":20},"1":{"loc":{"start":{"line":28,"column":4},"end":{"line":31,"column":5}},"type":"if","locations":[{"start":{"line":28,"column":4},"end":{"line":31,"column":5}},{"start":{},"end":{}}],"line":28},"2":{"loc":{"start":{"line":42,"column":6},"end":{"line":54,"column":7}},"type":"if","locations":[{"start":{"line":42,"column":6},"end":{"line":54,"column":7}},{"start":{"line":52,"column":13},"end":{"line":54,"column":7}}],"line":42},"3":{"loc":{"start":{"line":65,"column":18},"end":{"line":65,"column":62}},"type":"cond-expr","locations":[{"start":{"line":65,"column":42},"end":{"line":65,"column":51}},{"start":{"line":65,"column":54},"end":{"line":65,"column":62}}],"line":65},"4":{"loc":{"start":{"line":99,"column":17},"end":{"line":99,"column":55}},"type":"cond-expr","locations":[{"start":{"line":99,"column":29},"end":{"line":99,"column":44}},{"start":{"line":99,"column":47},"end":{"line":99,"column":55}}],"line":99}},"s":{"0":0,"1":0,"2":0,"3":0,"4":0,"5":0,"6":0,"7":0,"8":0,"9":0,"10":0,"11":0,"12":0,"13":0,"14":0,"15":0,"16":0,"17":0,"18":0,"19":0,"20":0,"21":0,"22":0,"23":0,"24":0,"25":0,"26":0,"27":0,"28":0,"29":0,"30":0},"f":{"0":0,"1":0,"2":0,"3":0,"4":0,"5":0},"b":{"0":[0],"1":[0,0],"2":[0,0],"3":[0,0],"4":[0,0]}}
,"/Users/barathanaslan/Desktop/cmpe352/bounswe2025group3/practice-app/MobileApp/components/CustomAlert.tsx": {"path":"/Users/barathanaslan/Desktop/cmpe352/bounswe2025group3/practice-app/MobileApp/components/CustomAlert.tsx","statementMap":{"0":{"start":{"line":13,"column":2},"end":{"line":37,"column":4}},"1":{"start":{"line":40,"column":15},"end":{"line":101,"column":2}}},"fnMap":{"0":{"name":"CustomAlert","decl":{"start":{"line":12,"column":24},"end":{"line":12,"column":35}},"loc":{"start":{"line":12,"column":108},"end":{"line":38,"column":1}},"line":12}},"branchMap":{"0":{"loc":{"start":{"line":12,"column":72},"end":{"line":12,"column":86}},"type":"default-arg","locations":[{"start":{"line":12,"column":79},"end":{"line":12,"column":86}}],"line":12},"1":{"loc":{"start":{"line":22,"column":46},"end":{"line":22,"column":104}},"type":"cond-expr","locations":[{"start":{"line":22,"column":67},"end":{"line":22,"column":85}},{"start":{"line":22,"column":88},"end":{"line":22,"column":104}}],"line":22},"2":{"loc":{"start":{"line":24,"column":20},"end":{"line":24,"column":76}},"type":"cond-expr","locations":[{"start":{"line":24,"column":41},"end":{"line":24,"column":59}},{"start":{"line":24,"column":62},"end":{"line":24,"column":76}}],"line":24}},"s":{"0":0,"1":0},"f":{"0":0},"b":{"0":[0],"1":[0,0],"2":[0,0]}}
,"/Users/barathanaslan/Desktop/cmpe352/bounswe2025group3/practice-app/MobileApp/components/HapticTab.tsx": {"path":"/Users/barathanaslan/Desktop/cmpe352/bounswe2025group3/practice-app/MobileApp/components/HapticTab.tsx","statementMap":{"0":{"start":{"line":6,"column":2},"end":{"line":17,"column":4}},"1":{"start":{"line":10,"column":8},"end":{"line":13,"column":9}},"2":{"start":{"line":12,"column":10},"end":{"line":12,"column":65}},"3":{"start":{"line":14,"column":8},"end":{"line":14,"column":30}}},"fnMap":{"0":{"name":"HapticTab","decl":{"start":{"line":5,"column":16},"end":{"line":5,"column":25}},"loc":{"start":{"line":5,"column":58},"end":{"line":18,"column":1}},"line":5},"1":{"name":"(anonymous_1)","decl":{"start":{"line":9,"column":17},"end":{"line":9,"column":18}},"loc":{"start":{"line":9,"column":25},"end":{"line":15,"column":7}},"line":9}},"branchMap":{"0":{"loc":{"start":{"line":10,"column":8},"end":{"line":13,"column":9}},"type":"if","locations":[{"start":{"line":10,"column":8},"end":{"line":13,"column":9}},{"start":{},"end":{}}],"line":10}},"s":{"0":0,"1":0,"2":0,"3":0},"f":{"0":0,"1":0},"b":{"0":[0,0]}}
,"/Users/barathanaslan/Desktop/cmpe352/bounswe2025group3/practice-app/MobileApp/components/ThemedText.tsx": {"path":"/Users/barathanaslan/Desktop/cmpe352/bounswe2025group3/practice-app/MobileApp/components/ThemedText.tsx","statementMap":{"0":{"start":{"line":18,"column":16},"end":{"line":18,"column":77}},"1":{"start":{"line":20,"column":2},"end":{"line":33,"column":4}},"2":{"start":{"line":36,"column":15},"end":{"line":60,"column":2}}},"fnMap":{"0":{"name":"ThemedText","decl":{"start":{"line":11,"column":16},"end":{"line":11,"column":26}},"loc":{"start":{"line":17,"column":20},"end":{"line":34,"column":1}},"line":17}},"branchMap":{"0":{"loc":{"start":{"line":15,"column":2},"end":{"line":15,"column":18}},"type":"default-arg","locations":[{"start":{"line":15,"column":9},"end":{"line":15,"column":18}}],"line":15},"1":{"loc":{"start":{"line":24,"column":8},"end":{"line":24,"column":55}},"type":"cond-expr","locations":[{"start":{"line":24,"column":29},"end":{"line":24,"column":43}},{"start":{"line":24,"column":46},"end":{"line":24,"column":55}}],"line":24},"2":{"loc":{"start":{"line":25,"column":8},"end":{"line":25,"column":51}},"type":"cond-expr","locations":[{"start":{"line":25,"column":27},"end":{"line":25,"column":39}},{"start":{"line":25,"column":42},"end":{"line":25,"column":51}}],"line":25},"3":{"loc":{"start":{"line":26,"column":8},"end":{"line":26,"column":71}},"type":"cond-expr","locations":[{"start":{"line":26,"column":37},"end":{"line":26,"column":59}},{"start":{"line":26,"column":62},"end":{"line":26,"column":71}}],"line":26},"4":{"loc":{"start":{"line":27,"column":8},"end":{"line":27,"column":57}},"type":"cond-expr","locations":[{"start":{"line":27,"column":30},"end":{"line":27,"column":45}},{"start":{"line":27,"column":48},"end":{"line":27,"column":57}}],"line":27},"5":{"loc":{"start":{"line":28,"column":8},"end":{"line":28,"column":49}},"type":"cond-expr","locations":[{"start":{"line":28,"column":26},"end":{"line":28,"column":37}},{"start":{"line":28,"column":40},"end":{"line":28,"column":49}}],"line":28}},"s":{"0":0,"1":0,"2":0},"f":{"0":0},"b":{"0":[0],"1":[0,0],"2":[0,0],"3":[0,0],"4":[0,0],"5":[0,0]}}
,"/Users/barathanaslan/Desktop/cmpe352/bounswe2025group3/practice-app/MobileApp/components/ThemedView.tsx": {"path":"/Users/barathanaslan/Desktop/cmpe352/bounswe2025group3/practice-app/MobileApp/components/ThemedView.tsx","statementMap":{"0":{"start":{"line":11,"column":26},"end":{"line":11,"column":93}},"1":{"start":{"line":13,"column":2},"end":{"line":13,"column":71}}},"fnMap":{"0":{"name":"ThemedView","decl":{"start":{"line":10,"column":16},"end":{"line":10,"column":26}},"loc":{"start":{"line":10,"column":93},"end":{"line":14,"column":1}},"line":10}},"branchMap":{},"s":{"0":0,"1":0},"f":{"0":0},"b":{}}
,"/Users/barathanaslan/Desktop/cmpe352/bounswe2025group3/practice-app/MobileApp/components/ui/IconSymbol.tsx": {"path":"/Users/barathanaslan/Desktop/cmpe352/bounswe2025group3/practice-app/MobileApp/components/ui/IconSymbol.tsx","statementMap":{"0":{"start":{"line":9,"column":16},"end":{"line":28,"column":1}},"1":{"start":{"line":49,"column":2},"end":{"line":49,"column":89}}},"fnMap":{"0":{"name":"IconSymbol","decl":{"start":{"line":37,"column":16},"end":{"line":37,"column":26}},"loc":{"start":{"line":48,"column":3},"end":{"line":50,"column":1}},"line":48}},"branchMap":{"0":{"loc":{"start":{"line":39,"column":2},"end":{"line":39,"column":11}},"type":"default-arg","locations":[{"start":{"line":39,"column":9},"end":{"line":39,"column":11}}],"line":39}},"s":{"0":0,"1":0},"f":{"0":0},"b":{"0":[0]}}
,"/Users/barathanaslan/Desktop/cmpe352/bounswe2025group3/practice-app/MobileApp/components/ui/TabBarBackground.tsx": {"path":"/Users/barathanaslan/Desktop/cmpe352/bounswe2025group3/practice-app/MobileApp/components/ui/TabBarBackground.tsx","statementMap":{"0":{"start":{"line":5,"column":2},"end":{"line":5,"column":11}}},"fnMap":{"0":{"name":"useBottomTabOverflow","decl":{"start":{"line":4,"column":16},"end":{"line":4,"column":36}},"loc":{"start":{"line":4,"column":39},"end":{"line":6,"column":1}},"line":4}},"branchMap":{},"s":{"0":0},"f":{"0":0},"b":{}}
,"/Users/barathanaslan/Desktop/cmpe352/bounswe2025group3/practice-app/MobileApp/components/ui/styles.ts": {"path":"/Users/barathanaslan/Desktop/cmpe352/bounswe2025group3/practice-app/MobileApp/components/ui/styles.ts","statementMap":{"0":{"start":{"line":4,"column":15},"end":{"line":16,"column":1}},"1":{"start":{"line":18,"column":28},"end":{"line":225,"column":2}}},"fnMap":{},"branchMap":{},"s":{"0":0,"1":0},"f":{},"b":{}}
,"/Users/barathanaslan/Desktop/cmpe352/bounswe2025group3/practice-app/MobileApp/constants/Colors.ts": {"path":"/Users/barathanaslan/Desktop/cmpe352/bounswe2025group3/practice-app/MobileApp/constants/Colors.ts","statementMap":{"0":{"start":{"line":6,"column":23},"end":{"line":6,"column":32}},"1":{"start":{"line":7,"column":22},"end":{"line":7,"column":28}},"2":{"start":{"line":9,"column":22},"end":{"line":26,"column":1}}},"fnMap":{},"branchMap":{},"s":{"0":0,"1":0,"2":0},"f":{},"b":{}}
,"/Users/barathanaslan/Desktop/cmpe352/bounswe2025group3/practice-app/MobileApp/constants/api.ts": {"path":"/Users/barathanaslan/Desktop/cmpe352/bounswe2025group3/practice-app/MobileApp/constants/api.ts","statementMap":{"0":{"start":{"line":4,"column":28},"end":{"line":4,"column":50}},"1":{"start":{"line":8,"column":29},"end":{"line":71,"column":1}},"2":{"start":{"line":19,"column":6},"end":{"line":19,"column":57}},"3":{"start":{"line":27,"column":32},"end":{"line":27,"column":56}},"4":{"start":{"line":28,"column":39},"end":{"line":28,"column":81}},"5":{"start":{"line":35,"column":36},"end":{"line":35,"column":69}},"6":{"start":{"line":40,"column":39},"end":{"line":40,"column":75}},"7":{"start":{"line":44,"column":31},"end":{"line":44,"column":58}},"8":{"start":{"line":57,"column":8},"end":{"line":57,"column":64}},"9":{"start":{"line":59,"column":8},"end":{"line":59,"column":63}},"10":{"start":{"line":66,"column":27},"end":{"line":66,"column":55}},"11":{"start":{"line":68,"column":6},"end":{"line":68,"column":55}},"12":{"start":{"line":74,"column":29},"end":{"line":77,"column":2}},"13":{"start":{"line":74,"column":49},"end":{"line":77,"column":1}}},"fnMap":{"0":{"name":"(anonymous_0)","decl":{"start":{"line":18,"column":28},"end":{"line":18,"column":29}},"loc":{"start":{"line":19,"column":6},"end":{"line":19,"column":57}},"line":19},"1":{"name":"(anonymous_1)","decl":{"start":{"line":27,"column":16},"end":{"line":27,"column":17}},"loc":{"start":{"line":27,"column":32},"end":{"line":27,"column":56}},"line":27},"2":{"name":"(anonymous_2)","decl":{"start":{"line":28,"column":23},"end":{"line":28,"column":24}},"loc":{"start":{"line":28,"column":39},"end":{"line":28,"column":81}},"line":28},"3":{"name":"(anonymous_3)","decl":{"start":{"line":35,"column":20},"end":{"line":35,"column":21}},"loc":{"start":{"line":35,"column":36},"end":{"line":35,"column":69}},"line":35},"4":{"name":"(anonymous_4)","decl":{"start":{"line":40,"column":23},"end":{"line":40,"column":24}},"loc":{"start":{"line":40,"column":39},"end":{"line":40,"column":75}},"line":40},"5":{"name":"(anonymous_5)","decl":{"start":{"line":44,"column":15},"end":{"line":44,"column":16}},"loc":{"start":{"line":44,"column":31},"end":{"line":44,"column":58}},"line":44},"6":{"name":"(anonymous_6)","decl":{"start":{"line":56,"column":32},"end":{"line":56,"column":33}},"loc":{"start":{"line":57,"column":8},"end":{"line":57,"column":64}},"line":57},"7":{"name":"(anonymous_7)","decl":{"start":{"line":58,"column":31},"end":{"line":58,"column":32}},"loc":{"start":{"line":59,"column":8},"end":{"line":59,"column":63}},"line":59},"8":{"name":"(anonymous_8)","decl":{"start":{"line":66,"column":11},"end":{"line":66,"column":12}},"loc":{"start":{"line":66,"column":27},"end":{"line":66,"column":55}},"line":66},"9":{"name":"(anonymous_9)","decl":{"start":{"line":67,"column":26},"end":{"line":67,"column":27}},"loc":{"start":{"line":68,"column":6},"end":{"line":68,"column":55}},"line":68},"10":{"name":"(anonymous_10)","decl":{"start":{"line":74,"column":29},"end":{"line":74,"column":30}},"loc":{"start":{"line":74,"column":49},"end":{"line":77,"column":1}},"line":74}},"branchMap":{},"s":{"0":1,"1":1,"2":0,"3":0,"4":0,"5":0,"6":0,"7":0,"8":0,"9":0,"10":0,"11":0,"12":1,"13":0},"f":{"0":0,"1":0,"2":0,"3":0,"4":0,"5":0,"6":0,"7":0,"8":0,"9":0,"10":0},"b":{},"_coverageSchema":"1a1c01bbd47fc00a2c39e90264f33305004495a9","hash":"5b293ccb47c1bf6f63b09d340c5ff489d7d41118"}
,"/Users/barathanaslan/Desktop/cmpe352/bounswe2025group3/practice-app/MobileApp/hooks/useColorScheme.ts": {"path":"/Users/barathanaslan/Desktop/cmpe352/bounswe2025group3/practice-app/MobileApp/hooks/useColorScheme.ts","statementMap":{},"fnMap":{},"branchMap":{},"s":{},"f":{},"b":{}}
,"/Users/barathanaslan/Desktop/cmpe352/bounswe2025group3/practice-app/MobileApp/hooks/useColorScheme.web.ts": {"path":"/Users/barathanaslan/Desktop/cmpe352/bounswe2025group3/practice-app/MobileApp/hooks/useColorScheme.web.ts","statementMap":{"0":{"start":{"line":8,"column":40},"end":{"line":8,"column":55}},"1":{"start":{"line":10,"column":2},"end":{"line":12,"column":9}},"2":{"start":{"line":11,"column":4},"end":{"line":11,"column":25}},"3":{"start":{"line":14,"column":22},"end":{"line":14,"column":40}},"4":{"start":{"line":16,"column":2},"end":{"line":18,"column":3}},"5":{"start":{"line":17,"column":4},"end":{"line":17,"column":23}},"6":{"start":{"line":20,"column":2},"end":{"line":20,"column":17}}},"fnMap":{"0":{"name":"useColorScheme","decl":{"start":{"line":7,"column":16},"end":{"line":7,"column":30}},"loc":{"start":{"line":7,"column":33},"end":{"line":21,"column":1}},"line":7},"1":{"name":"(anonymous_1)","decl":{"start":{"line":10,"column":12},"end":{"line":10,"column":13}},"loc":{"start":{"line":10,"column":18},"end":{"line":12,"column":3}},"line":10}},"branchMap":{"0":{"loc":{"start":{"line":16,"column":2},"end":{"line":18,"column":3}},"type":"if","locations":[{"start":{"line":16,"column":2},"end":{"line":18,"column":3}},{"start":{},"end":{}}],"line":16}},"s":{"0":0,"1":0,"2":0,"3":0,"4":0,"5":0,"6":0},"f":{"0":0,"1":0},"b":{"0":[0,0]}}
,"/Users/barathanaslan/Desktop/cmpe352/bounswe2025group3/practice-app/MobileApp/hooks/useRoleProtection.ts": {"path":"/Users/barathanaslan/Desktop/cmpe352/bounswe2025group3/practice-app/MobileApp/hooks/useRoleProtection.ts","statementMap":{"0":{"start":{"line":14,"column":17},"end":{"line":14,"column":28}},"1":{"start":{"line":15,"column":36},"end":{"line":15,"column":65}},"2":{"start":{"line":16,"column":36},"end":{"line":16,"column":50}},"3":{"start":{"line":17,"column":42},"end":{"line":17,"column":57}},"4":{"start":{"line":20,"column":2},"end":{"line":59,"column":44}},"5":{"start":{"line":22,"column":6},"end":{"line":22,"column":25}},"6":{"start":{"line":23,"column":6},"end":{"line":55,"column":7}},"7":{"start":{"line":24,"column":21},"end":{"line":24,"column":62}},"8":{"start":{"line":25,"column":8},"end":{"line":25,"column":108}},"9":{"start":{"line":27,"column":8},"end":{"line":27,"column":27}},"10":{"start":{"line":29,"column":8},"end":{"line":42,"column":9}},"11":{"start":{"line":30,"column":10},"end":{"line":30,"column":85}},"12":{"start":{"line":31,"column":10},"end":{"line":31,"column":32}},"13":{"start":{"line":33,"column":10},"end":{"line":33,"column":125}},"14":{"start":{"line":34,"column":10},"end":{"line":34,"column":33}},"15":{"start":{"line":37,"column":10},"end":{"line":41,"column":12}},"16":{"start":{"line":40,"column":42},"end":{"line":40,"column":70}},"17":{"start":{"line":44,"column":8},"end":{"line":44,"column":79}},"18":{"start":{"line":45,"column":8},"end":{"line":45,"column":31}},"19":{"start":{"line":48,"column":8},"end":{"line":52,"column":10}},"20":{"start":{"line":51,"column":40},"end":{"line":51,"column":68}},"21":{"start":{"line":54,"column":8},"end":{"line":54,"column":28}},"22":{"start":{"line":58,"column":4},"end":{"line":58,"column":21}},"23":{"start":{"line":61,"column":2},"end":{"line":65,"column":4}}},"fnMap":{"0":{"name":"useRoleProtection","decl":{"start":{"line":13,"column":16},"end":{"line":13,"column":33}},"loc":{"start":{"line":13,"column":77},"end":{"line":66,"column":1}},"line":13},"1":{"name":"(anonymous_1)","decl":{"start":{"line":20,"column":12},"end":{"line":20,"column":13}},"loc":{"start":{"line":20,"column":18},"end":{"line":59,"column":3}},"line":20},"2":{"name":"checkTokenRole","decl":{"start":{"line":21,"column":19},"end":{"line":21,"column":33}},"loc":{"start":{"line":21,"column":36},"end":{"line":56,"column":5}},"line":21},"3":{"name":"(anonymous_3)","decl":{"start":{"line":40,"column":36},"end":{"line":40,"column":37}},"loc":{"start":{"line":40,"column":42},"end":{"line":40,"column":70}},"line":40},"4":{"name":"(anonymous_4)","decl":{"start":{"line":51,"column":34},"end":{"line":51,"column":35}},"loc":{"start":{"line":51,"column":40},"end":{"line":51,"column":68}},"line":51}},"branchMap":{"0":{"loc":{"start":{"line":13,"column":57},"end":{"line":13,"column":75}},"type":"default-arg","locations":[{"start":{"line":13,"column":72},"end":{"line":13,"column":75}}],"line":13},"1":{"loc":{"start":{"line":29,"column":8},"end":{"line":42,"column":9}},"type":"if","locations":[{"start":{"line":29,"column":8},"end":{"line":42,"column":9}},{"start":{"line":32,"column":15},"end":{"line":42,"column":9}}],"line":29},"2":{"loc":{"start":{"line":29,"column":12},"end":{"line":29,"column":56}},"type":"binary-expr","locations":[{"start":{"line":29,"column":12},"end":{"line":29,"column":16}},{"start":{"line":29,"column":20},"end":{"line":29,"column":56}}],"line":29},"3":{"loc":{"start":{"line":33,"column":67},"end":{"line":33,"column":84}},"type":"binary-expr","locations":[{"start":{"line":33,"column":67},"end":{"line":33,"column":71}},{"start":{"line":33,"column":75},"end":{"line":33,"column":84}}],"line":33}},"s":{"0":0,"1":0,"2":0,"3":0,"4":0,"5":0,"6":0,"7":0,"8":0,"9":0,"10":0,"11":0,"12":0,"13":0,"14":0,"15":0,"16":0,"17":0,"18":0,"19":0,"20":0,"21":0,"22":0,"23":0},"f":{"0":0,"1":0,"2":0,"3":0,"4":0},"b":{"0":[0],"1":[0,0],"2":[0,0],"3":[0,0]}}
,"/Users/barathanaslan/Desktop/cmpe352/bounswe2025group3/practice-app/MobileApp/hooks/useThemeColor.ts": {"path":"/Users/barathanaslan/Desktop/cmpe352/bounswe2025group3/practice-app/MobileApp/hooks/useThemeColor.ts","statementMap":{"0":{"start":{"line":13,"column":16},"end":{"line":13,"column":43}},"1":{"start":{"line":14,"column":25},"end":{"line":14,"column":37}},"2":{"start":{"line":16,"column":2},"end":{"line":20,"column":3}},"3":{"start":{"line":17,"column":4},"end":{"line":17,"column":26}},"4":{"start":{"line":19,"column":4},"end":{"line":19,"column":36}}},"fnMap":{"0":{"name":"useThemeColor","decl":{"start":{"line":9,"column":16},"end":{"line":9,"column":29}},"loc":{"start":{"line":12,"column":2},"end":{"line":21,"column":1}},"line":12}},"branchMap":{"0":{"loc":{"start":{"line":13,"column":16},"end":{"line":13,"column":43}},"type":"binary-expr","locations":[{"start":{"line":13,"column":16},"end":{"line":13,"column":32}},{"start":{"line":13,"column":36},"end":{"line":13,"column":43}}],"line":13},"1":{"loc":{"start":{"line":16,"column":2},"end":{"line":20,"column":3}},"type":"if","locations":[{"start":{"line":16,"column":2},"end":{"line":20,"column":3}},{"start":{"line":18,"column":9},"end":{"line":20,"column":3}}],"line":16}},"s":{"0":0,"1":0,"2":0,"3":0,"4":0},"f":{"0":0},"b":{"0":[0,0],"1":[0,0]}}
}
