TN:
SF:eslint.config.js
FNF:0
FNH:0
DA:2,0
DA:3,0
DA:5,0
LF:3
LH:0
BRF:0
BRH:0
end_of_record
TN:
SF:jest.config.js
FNF:0
FNH:0
DA:1,0
LF:1
LH:0
BRF:0
BRH:0
end_of_record
TN:
SF:app/+not-found.tsx
FN:7,NotFoundScreen
FNF:1
FNH:0
FNDA:0,NotFoundScreen
DA:8,0
DA:21,0
LF:2
LH:0
BRF:0
BRH:0
end_of_record
TN:
SF:app/UserContext.tsx
FN:28,(anonymous_0)
FN:36,(anonymous_1)
FN:40,(anonymous_2)
FN:86,(anonymous_3)
FN:90,(anonymous_4)
FNF:5
FNH:0
FNDA:0,(anonymous_0)
FNDA:0,(anonymous_1)
FNDA:0,(anonymous_2)
FNDA:0,(anonymous_3)
FNDA:0,(anonymous_4)
DA:26,0
DA:28,0
DA:29,0
DA:30,0
DA:31,0
DA:33,0
DA:36,0
DA:37,0
DA:38,0
DA:40,0
DA:41,0
DA:42,0
DA:43,0
DA:45,0
DA:46,0
DA:47,0
DA:48,0
DA:52,0
DA:53,0
DA:55,0
DA:56,0
DA:58,0
DA:59,0
DA:61,0
DA:62,0
DA:65,0
DA:66,0
DA:68,0
DA:69,0
DA:70,0
DA:73,0
DA:75,0
DA:76,0
DA:79,0
DA:80,0
DA:82,0
DA:86,0
DA:87,0
DA:90,0
DA:91,0
DA:94,0
DA:101,0
LF:42
LH:0
BRDA:30,0,0,0
BRDA:30,0,1,0
BRDA:45,1,0,0
BRDA:45,1,1,0
BRDA:58,2,0,0
BRDA:58,2,1,0
BRDA:65,3,0,0
BRDA:65,3,1,0
BRDA:65,4,0,0
BRDA:65,4,1,0
BRDA:65,4,2,0
BRF:11
BRH:0
end_of_record
TN:
SF:app/_layout.tsx
FN:13,RootLayout
FN:19,(anonymous_1)
FNF:2
FNH:0
FNDA:0,RootLayout
FNDA:0,(anonymous_1)
DA:11,0
DA:14,0
DA:15,0
DA:19,0
DA:20,0
DA:21,0
DA:25,0
DA:26,0
DA:30,0
LF:9
LH:0
BRDA:20,0,0,0
BRDA:20,0,1,0
BRDA:25,1,0,0
BRDA:25,1,1,0
BRDA:32,2,0,0
BRDA:32,2,1,0
BRF:6
BRH:0
end_of_record
TN:
SF:app/tokenManager.ts
FN:7,(anonymous_0)
FN:11,(anonymous_1)
FN:16,(anonymous_2)
FN:20,(anonymous_3)
FN:26,(anonymous_4)
FN:37,(anonymous_5)
FN:59,(anonymous_6)
FN:82,(anonymous_7)
FN:98,(anonymous_8)
FN:102,(anonymous_9)
FN:106,(anonymous_10)
FN:112,(anonymous_11)
FN:122,(anonymous_12)
FN:206,(anonymous_13)
FN:212,(anonymous_14)
FN:218,(anonymous_15)
FN:244,(anonymous_16)
FN:261,(anonymous_17)
FNF:18
FNH:8
FNDA:1,(anonymous_0)
FNDA:1,(anonymous_1)
FNDA:6,(anonymous_2)
FNDA:3,(anonymous_3)
FNDA:0,(anonymous_4)
FNDA:3,(anonymous_5)
FNDA:0,(anonymous_6)
FNDA:0,(anonymous_7)
FNDA:0,(anonymous_8)
FNDA:0,(anonymous_9)
FNDA:2,(anonymous_10)
FNDA:0,(anonymous_11)
FNDA:0,(anonymous_12)
FNDA:0,(anonymous_13)
FNDA:0,(anonymous_14)
FNDA:2,(anonymous_15)
FNDA:2,(anonymous_16)
FNDA:0,(anonymous_17)
DA:8,1
DA:12,1
DA:13,1
DA:17,6
DA:21,3
DA:22,3
DA:23,3
DA:27,0
DA:28,0
DA:29,0
DA:31,0
DA:32,0
DA:33,0
DA:38,3
DA:40,3
DA:41,1
DA:42,1
DA:45,2
DA:47,2
DA:48,2
DA:50,2
DA:58,2
DA:59,1
DA:60,1
DA:61,1
DA:64,1
DA:66,1
DA:67,0
DA:68,0
DA:71,1
DA:72,1
DA:74,1
DA:76,1
DA:77,1
DA:78,1
DA:83,0
DA:84,0
DA:86,0
DA:88,0
DA:90,0
DA:91,0
DA:93,0
DA:94,0
DA:99,0
DA:103,0
DA:107,2
DA:108,2
DA:109,2
DA:116,0
DA:118,0
DA:119,0
DA:122,0
DA:124,0
DA:125,0
DA:127,0
DA:130,0
DA:140,0
DA:141,0
DA:144,0
DA:145,0
DA:152,0
DA:153,0
DA:160,0
DA:161,0
DA:169,0
DA:177,0
DA:180,0
DA:182,0
DA:183,0
DA:185,0
DA:186,0
DA:187,0
DA:190,0
DA:192,0
DA:194,0
DA:195,0
DA:199,0
DA:200,0
DA:203,0
DA:207,0
DA:208,0
DA:209,0
DA:213,0
DA:214,0
DA:219,2
DA:220,2
DA:222,2
DA:223,1
DA:224,1
DA:228,1
DA:229,1
DA:230,1
DA:231,1
DA:232,1
DA:235,0
DA:236,0
DA:238,0
DA:239,0
DA:245,2
DA:246,2
DA:247,2
DA:248,1
DA:249,1
DA:252,1
DA:253,1
DA:255,0
DA:256,0
DA:266,0
DA:268,0
DA:269,0
DA:270,0
DA:271,0
DA:280,0
DA:281,0
DA:283,0
DA:284,0
DA:287,0
DA:288,0
DA:289,0
DA:298,0
DA:299,0
DA:301,0
DA:304,0
DA:314,0
DA:315,0
DA:317,0
DA:318,0
DA:319,0
DA:320,0
DA:324,0
DA:333,0
DA:334,0
DA:335,0
DA:344,0
DA:345,0
DA:347,0
DA:348,0
LF:137
LH:47
BRDA:23,0,0,3
BRDA:23,0,1,2
BRDA:40,1,0,1
BRDA:40,1,1,2
BRDA:58,2,0,1
BRDA:58,2,1,1
BRDA:61,3,0,1
BRDA:61,3,1,0
BRDA:66,4,0,0
BRDA:66,4,1,1
BRDA:66,5,0,1
BRDA:66,5,1,1
BRDA:86,6,0,0
BRDA:86,6,1,0
BRDA:86,7,0,0
BRDA:86,7,1,0
BRDA:114,8,0,0
BRDA:118,9,0,0
BRDA:118,9,1,0
BRDA:124,10,0,0
BRDA:124,10,1,0
BRDA:140,11,0,0
BRDA:140,11,1,0
BRDA:144,12,0,0
BRDA:144,12,1,0
BRDA:152,13,0,0
BRDA:152,13,1,0
BRDA:160,14,0,0
BRDA:160,14,1,0
BRDA:160,15,0,0
BRDA:160,15,1,0
BRDA:182,16,0,0
BRDA:182,16,1,0
BRDA:186,17,0,0
BRDA:186,17,1,0
BRDA:192,18,0,0
BRDA:192,18,1,0
BRDA:222,19,0,1
BRDA:222,19,1,1
BRDA:229,20,0,1
BRDA:229,20,1,0
BRDA:247,21,0,1
BRDA:247,21,1,1
BRDA:247,22,0,2
BRDA:247,22,1,1
BRDA:264,23,0,0
BRDA:269,24,0,0
BRDA:269,24,1,0
BRDA:281,25,0,0
BRDA:281,25,1,0
BRDA:287,26,0,0
BRDA:287,26,1,0
BRDA:288,27,0,0
BRDA:288,27,1,0
BRDA:298,28,0,0
BRDA:298,28,1,0
BRDA:314,29,0,0
BRDA:314,29,1,0
BRDA:319,30,0,0
BRDA:319,30,1,0
BRF:60
BRH:17
end_of_record
TN:
SF:app/(tabs)/_layout.tsx
FN:17,TabLayout
FN:21,(anonymous_1)
FN:22,(anonymous_2)
FNF:3
FNH:0
FNDA:0,TabLayout
FNDA:0,(anonymous_1)
FNDA:0,(anonymous_2)
DA:11,0
DA:18,0
DA:21,0
DA:22,0
DA:27,0
DA:63,0
LF:6
LH:0
BRF:0
BRH:0
end_of_record
TN:
SF:app/(tabs)/index.tsx
FN:32,HomeScreen
FN:40,(anonymous_1)
FN:63,(anonymous_2)
FN:69,(anonymous_3)
FN:73,(anonymous_4)
FN:74,(anonymous_5)
FN:77,(anonymous_6)
FN:81,(anonymous_7)
FN:82,(anonymous_8)
FN:85,(anonymous_9)
FN:86,(anonymous_10)
FN:144,(anonymous_11)
FN:178,(anonymous_12)
FN:185,(anonymous_13)
FN:217,(anonymous_14)
FNF:15
FNH:0
FNDA:0,HomeScreen
FNDA:0,(anonymous_1)
FNDA:0,(anonymous_2)
FNDA:0,(anonymous_3)
FNDA:0,(anonymous_4)
FNDA:0,(anonymous_5)
FNDA:0,(anonymous_6)
FNDA:0,(anonymous_7)
FNDA:0,(anonymous_8)
FNDA:0,(anonymous_9)
FNDA:0,(anonymous_10)
FNDA:0,(anonymous_11)
FNDA:0,(anonymous_12)
FNDA:0,(anonymous_13)
FNDA:0,(anonymous_14)
DA:25,0
DA:33,0
DA:34,0
DA:35,0
DA:36,0
DA:37,0
DA:38,0
DA:40,0
DA:41,0
DA:43,0
DA:44,0
DA:45,0
DA:46,0
DA:50,0
DA:51,0
DA:52,0
DA:53,0
DA:56,0
DA:58,0
DA:59,0
DA:63,0
DA:64,0
DA:65,0
DA:68,0
DA:70,0
DA:73,0
DA:74,0
DA:77,0
DA:81,0
DA:82,0
DA:85,0
DA:86,0
DA:89,0
DA:90,0
DA:97,0
DA:144,0
DA:178,0
DA:186,0
DA:217,0
DA:252,0
LF:40
LH:0
BRDA:44,0,0,0
BRDA:44,0,1,0
BRDA:51,1,0,0
BRDA:51,1,1,0
BRDA:89,2,0,0
BRDA:89,2,1,0
BRDA:137,3,0,0
BRDA:137,3,1,0
BRDA:162,4,0,0
BRDA:162,4,1,0
BRDA:183,5,0,0
BRDA:183,5,1,0
BRF:12
BRH:0
end_of_record
TN:
SF:app/(tabs)/admin/_layout.tsx
FN:4,AdminLayout
FNF:1
FNH:0
FNDA:0,AdminLayout
DA:6,0
DA:33,0
LF:2
LH:0
BRF:0
BRH:0
end_of_record
TN:
SF:app/(tabs)/admin/category-requests.tsx
FN:33,CategoryRequestsScreen
FN:41,(anonymous_1)
FN:78,(anonymous_2)
FN:83,(anonymous_3)
FN:91,(anonymous_4)
FN:100,(anonymous_5)
FN:105,(anonymous_6)
FN:116,(anonymous_7)
FN:121,(anonymous_8)
FN:136,(anonymous_9)
FN:147,(anonymous_10)
FN:152,(anonymous_11)
FN:167,(anonymous_12)
FN:214,(anonymous_13)
FN:222,(anonymous_14)
FN:233,(anonymous_15)
FN:262,(anonymous_16)
FN:272,(anonymous_17)
FN:277,(anonymous_18)
FNF:19
FNH:0
FNDA:0,CategoryRequestsScreen
FNDA:0,(anonymous_1)
FNDA:0,(anonymous_2)
FNDA:0,(anonymous_3)
FNDA:0,(anonymous_4)
FNDA:0,(anonymous_5)
FNDA:0,(anonymous_6)
FNDA:0,(anonymous_7)
FNDA:0,(anonymous_8)
FNDA:0,(anonymous_9)
FNDA:0,(anonymous_10)
FNDA:0,(anonymous_11)
FNDA:0,(anonymous_12)
FNDA:0,(anonymous_13)
FNDA:0,(anonymous_14)
FNDA:0,(anonymous_15)
FNDA:0,(anonymous_16)
FNDA:0,(anonymous_17)
FNDA:0,(anonymous_18)
DA:34,0
DA:35,0
DA:36,0
DA:37,0
DA:38,0
DA:39,0
DA:41,0
DA:42,0
DA:43,0
DA:44,0
DA:48,0
DA:49,0
DA:52,0
DA:54,0
DA:55,0
DA:56,0
DA:58,0
DA:59,0
DA:60,0
DA:63,0
DA:64,0
DA:65,0
DA:68,0
DA:69,0
DA:70,0
DA:72,0
DA:73,0
DA:77,0
DA:79,0
DA:83,0
DA:84,0
DA:86,0
DA:87,0
DA:88,0
DA:91,0
DA:92,0
DA:97,0
DA:100,0
DA:101,0
DA:102,0
DA:105,0
DA:106,0
DA:107,0
DA:114,0
DA:116,0
DA:117,0
DA:119,0
DA:120,0
DA:122,0
DA:126,0
DA:128,0
DA:131,0
DA:132,0
DA:136,0
DA:137,0
DA:138,0
DA:145,0
DA:147,0
DA:148,0
DA:150,0
DA:151,0
DA:153,0
DA:157,0
DA:159,0
DA:162,0
DA:163,0
DA:167,0
DA:168,0
DA:170,0
DA:214,0
DA:222,0
DA:233,0
DA:234,0
DA:242,0
DA:243,0
DA:250,0
DA:262,0
DA:272,0
DA:278,0
DA:292,0
LF:80
LH:0
BRDA:48,0,0,0
BRDA:48,0,1,0
BRDA:52,1,0,0
BRDA:52,1,1,0
BRDA:54,2,0,0
BRDA:54,2,1,0
BRDA:86,3,0,0
BRDA:86,3,1,0
BRDA:92,4,0,0
BRDA:92,4,1,0
BRDA:92,4,2,0
BRDA:92,4,3,0
BRDA:93,5,0,0
BRDA:93,5,1,0
BRDA:114,6,0,0
BRDA:114,6,1,0
BRDA:117,7,0,0
BRDA:117,7,1,0
BRDA:122,8,0,0
BRDA:122,8,1,0
BRDA:145,9,0,0
BRDA:145,9,1,0
BRDA:148,10,0,0
BRDA:148,10,1,0
BRDA:153,11,0,0
BRDA:153,11,1,0
BRDA:176,12,0,0
BRDA:176,12,1,0
BRDA:177,13,0,0
BRDA:177,13,1,0
BRDA:190,14,0,0
BRDA:190,14,1,0
BRDA:197,15,0,0
BRDA:197,15,1,0
BRDA:201,16,0,0
BRDA:201,16,1,0
BRDA:201,17,0,0
BRDA:201,17,1,0
BRDA:203,18,0,0
BRDA:203,18,1,0
BRDA:210,19,0,0
BRDA:210,19,1,0
BRDA:242,20,0,0
BRDA:242,20,1,0
BRDA:242,21,0,0
BRDA:242,21,1,0
BRDA:261,22,0,0
BRDA:261,22,1,0
BRDA:281,23,0,0
BRDA:281,23,1,0
BRF:50
BRH:0
end_of_record
TN:
SF:app/(tabs)/admin/index.tsx
FN:33,(anonymous_0)
FN:88,(anonymous_1)
FN:104,(anonymous_2)
FN:121,AdminDashboard
FN:134,(anonymous_4)
FN:156,(anonymous_5)
FN:172,(anonymous_6)
FN:191,(anonymous_7)
FN:216,(anonymous_8)
FN:221,(anonymous_9)
FN:224,(anonymous_10)
FN:232,(anonymous_11)
FN:240,(anonymous_12)
FN:246,(anonymous_13)
FN:256,(anonymous_14)
FN:261,(anonymous_15)
FN:279,(anonymous_16)
FN:280,(anonymous_17)
FN:281,(anonymous_18)
FN:296,(anonymous_19)
FN:312,(anonymous_20)
FN:313,(anonymous_21)
FN:314,(anonymous_22)
FN:317,(anonymous_23)
FN:326,(anonymous_24)
FN:355,(anonymous_25)
FN:363,(anonymous_26)
FN:372,(anonymous_27)
FN:394,(anonymous_28)
FN:406,(anonymous_29)
FN:411,(anonymous_30)
FN:437,(anonymous_31)
FN:449,(anonymous_32)
FNF:33
FNH:0
FNDA:0,(anonymous_0)
FNDA:0,(anonymous_1)
FNDA:0,(anonymous_2)
FNDA:0,AdminDashboard
FNDA:0,(anonymous_4)
FNDA:0,(anonymous_5)
FNDA:0,(anonymous_6)
FNDA:0,(anonymous_7)
FNDA:0,(anonymous_8)
FNDA:0,(anonymous_9)
FNDA:0,(anonymous_10)
FNDA:0,(anonymous_11)
FNDA:0,(anonymous_12)
FNDA:0,(anonymous_13)
FNDA:0,(anonymous_14)
FNDA:0,(anonymous_15)
FNDA:0,(anonymous_16)
FNDA:0,(anonymous_17)
FNDA:0,(anonymous_18)
FNDA:0,(anonymous_19)
FNDA:0,(anonymous_20)
FNDA:0,(anonymous_21)
FNDA:0,(anonymous_22)
FNDA:0,(anonymous_23)
FNDA:0,(anonymous_24)
FNDA:0,(anonymous_25)
FNDA:0,(anonymous_26)
FNDA:0,(anonymous_27)
FNDA:0,(anonymous_28)
FNDA:0,(anonymous_29)
FNDA:0,(anonymous_30)
FNDA:0,(anonymous_31)
FNDA:0,(anonymous_32)
DA:33,0
DA:50,0
DA:88,0
DA:104,0
DA:122,0
DA:123,0
DA:124,0
DA:126,0
DA:127,0
DA:128,0
DA:129,0
DA:130,0
DA:131,0
DA:132,0
DA:134,0
DA:135,0
DA:136,0
DA:138,0
DA:142,0
DA:143,0
DA:144,0
DA:146,0
DA:147,0
DA:149,0
DA:156,0
DA:157,0
DA:158,0
DA:159,0
DA:163,0
DA:167,0
DA:168,0
DA:169,0
DA:171,0
DA:172,0
DA:173,0
DA:178,0
DA:180,0
DA:181,0
DA:184,0
DA:185,0
DA:187,0
DA:191,0
DA:192,0
DA:193,0
DA:195,0
DA:199,0
DA:200,0
DA:201,0
DA:202,0
DA:204,0
DA:205,0
DA:208,0
DA:209,0
DA:211,0
DA:212,0
DA:216,0
DA:217,0
DA:220,0
DA:222,0
DA:223,0
DA:224,0
DA:226,0
DA:227,0
DA:232,0
DA:233,0
DA:234,0
DA:235,0
DA:236,0
DA:240,0
DA:241,0
DA:242,0
DA:243,0
DA:245,0
DA:246,0
DA:247,0
DA:252,0
DA:256,0
DA:257,0
DA:258,0
DA:261,0
DA:263,0
DA:264,0
DA:265,0
DA:268,0
DA:269,0
DA:270,0
DA:278,0
DA:279,0
DA:280,0
DA:281,0
DA:284,0
DA:286,0
DA:288,0
DA:291,0
DA:292,0
DA:296,0
DA:298,0
DA:299,0
DA:300,0
DA:303,0
DA:304,0
DA:311,0
DA:312,0
DA:313,0
DA:314,0
DA:315,0
DA:317,0
DA:318,0
DA:321,0
DA:322,0
DA:326,0
DA:327,0
DA:329,0
DA:355,0
DA:363,0
DA:372,0
DA:394,0
DA:395,0
DA:406,0
DA:407,0
DA:411,0
DA:426,0
DA:437,0
DA:450,0
DA:487,0
LF:125
LH:0
BRDA:39,0,0,0
BRDA:60,1,0,0
BRDA:60,1,1,0
BRDA:66,2,0,0
BRDA:66,2,1,0
BRDA:72,3,0,0
BRDA:72,3,1,0
BRDA:78,4,0,0
BRDA:78,4,1,0
BRDA:101,5,0,0
BRDA:101,5,1,0
BRDA:101,5,2,0
BRDA:142,6,0,0
BRDA:142,6,1,0
BRDA:144,7,0,0
BRDA:144,7,1,0
BRDA:157,8,0,0
BRDA:157,8,1,0
BRDA:158,9,0,0
BRDA:158,9,1,0
BRDA:159,10,0,0
BRDA:159,10,1,0
BRDA:167,11,0,0
BRDA:167,11,1,0
BRDA:169,12,0,0
BRDA:169,12,1,0
BRDA:171,13,0,0
BRDA:171,13,1,0
BRDA:173,14,0,0
BRDA:173,14,1,0
BRDA:199,15,0,0
BRDA:199,15,1,0
BRDA:201,16,0,0
BRDA:201,16,1,0
BRDA:202,17,0,0
BRDA:202,17,1,0
BRDA:222,18,0,0
BRDA:222,18,1,0
BRDA:226,19,0,0
BRDA:226,19,1,0
BRDA:226,20,0,0
BRDA:226,20,1,0
BRDA:235,21,0,0
BRDA:235,21,1,0
BRDA:235,22,0,0
BRDA:235,22,1,0
BRDA:242,23,0,0
BRDA:242,23,1,0
BRDA:247,24,0,0
BRDA:247,24,1,0
BRDA:247,24,2,0
BRDA:247,24,3,0
BRDA:247,24,4,0
BRDA:247,24,5,0
BRDA:263,25,0,0
BRDA:263,25,1,0
BRDA:278,26,0,0
BRDA:278,26,1,0
BRDA:279,27,0,0
BRDA:279,27,1,0
BRDA:286,28,0,0
BRDA:286,28,1,0
BRDA:298,29,0,0
BRDA:298,29,1,0
BRDA:311,30,0,0
BRDA:311,30,1,0
BRDA:312,31,0,0
BRDA:312,31,1,0
BRDA:318,32,0,0
BRDA:318,32,1,0
BRDA:339,33,0,0
BRDA:339,33,1,0
BRDA:340,34,0,0
BRDA:340,34,1,0
BRDA:345,35,0,0
BRDA:345,35,1,0
BRDA:351,36,0,0
BRDA:351,36,1,0
BRDA:354,37,0,0
BRDA:354,37,1,0
BRDA:357,38,0,0
BRDA:357,38,1,0
BRDA:358,39,0,0
BRDA:358,39,1,0
BRDA:360,40,0,0
BRDA:360,40,1,0
BRDA:369,41,0,0
BRDA:369,41,1,0
BRDA:381,42,0,0
BRDA:381,42,1,0
BRDA:407,43,0,0
BRDA:407,43,1,0
BRDA:428,44,0,0
BRDA:428,44,1,0
BRDA:432,45,0,0
BRDA:432,45,1,0
BRDA:435,46,0,0
BRDA:435,46,1,0
BRDA:450,47,0,0
BRDA:450,47,1,0
BRDA:458,48,0,0
BRDA:458,48,1,0
BRF:102
BRH:0
end_of_record
TN:
SF:app/(tabs)/admin/user-management.tsx
FN:24,UserManagementScreen
FN:32,(anonymous_1)
FN:61,(anonymous_2)
FN:66,(anonymous_3)
FN:75,(anonymous_4)
FN:84,(anonymous_5)
FN:89,(anonymous_6)
FN:106,(anonymous_7)
FN:107,(anonymous_8)
FN:108,(anonymous_9)
FN:119,(anonymous_10)
FN:134,(anonymous_11)
FN:135,(anonymous_12)
FN:136,(anonymous_13)
FN:139,(anonymous_14)
FN:148,(anonymous_15)
FN:204,(anonymous_16)
FN:214,(anonymous_17)
FN:269,(anonymous_18)
FN:279,(anonymous_19)
FN:283,(anonymous_20)
FNF:21
FNH:0
FNDA:0,UserManagementScreen
FNDA:0,(anonymous_1)
FNDA:0,(anonymous_2)
FNDA:0,(anonymous_3)
FNDA:0,(anonymous_4)
FNDA:0,(anonymous_5)
FNDA:0,(anonymous_6)
FNDA:0,(anonymous_7)
FNDA:0,(anonymous_8)
FNDA:0,(anonymous_9)
FNDA:0,(anonymous_10)
FNDA:0,(anonymous_11)
FNDA:0,(anonymous_12)
FNDA:0,(anonymous_13)
FNDA:0,(anonymous_14)
FNDA:0,(anonymous_15)
FNDA:0,(anonymous_16)
FNDA:0,(anonymous_17)
FNDA:0,(anonymous_18)
FNDA:0,(anonymous_19)
FNDA:0,(anonymous_20)
DA:25,0
DA:26,0
DA:27,0
DA:28,0
DA:29,0
DA:30,0
DA:32,0
DA:33,0
DA:34,0
DA:35,0
DA:39,0
DA:40,0
DA:41,0
DA:42,0
DA:44,0
DA:45,0
DA:46,0
DA:47,0
DA:50,0
DA:51,0
DA:52,0
DA:53,0
DA:55,0
DA:56,0
DA:60,0
DA:62,0
DA:66,0
DA:67,0
DA:69,0
DA:70,0
DA:71,0
DA:74,0
DA:75,0
DA:76,0
DA:81,0
DA:84,0
DA:85,0
DA:86,0
DA:89,0
DA:90,0
DA:91,0
DA:92,0
DA:95,0
DA:96,0
DA:97,0
DA:105,0
DA:106,0
DA:107,0
DA:108,0
DA:109,0
DA:111,0
DA:114,0
DA:115,0
DA:119,0
DA:120,0
DA:121,0
DA:122,0
DA:124,0
DA:125,0
DA:133,0
DA:134,0
DA:135,0
DA:136,0
DA:137,0
DA:139,0
DA:140,0
DA:143,0
DA:144,0
DA:148,0
DA:149,0
DA:151,0
DA:204,0
DA:215,0
DA:241,0
DA:242,0
DA:249,0
DA:269,0
DA:279,0
DA:284,0
DA:298,0
LF:80
LH:0
BRDA:39,0,0,0
BRDA:39,0,1,0
BRDA:41,1,0,0
BRDA:41,1,1,0
BRDA:42,2,0,0
BRDA:42,2,1,0
BRDA:69,3,0,0
BRDA:69,3,1,0
BRDA:76,4,0,0
BRDA:76,4,1,0
BRDA:76,4,2,0
BRDA:76,4,3,0
BRDA:76,4,4,0
BRDA:76,4,5,0
BRDA:90,5,0,0
BRDA:90,5,1,0
BRDA:105,6,0,0
BRDA:105,6,1,0
BRDA:106,7,0,0
BRDA:106,7,1,0
BRDA:109,8,0,0
BRDA:109,8,1,0
BRDA:120,9,0,0
BRDA:120,9,1,0
BRDA:133,10,0,0
BRDA:133,10,1,0
BRDA:134,11,0,0
BRDA:134,11,1,0
BRDA:140,12,0,0
BRDA:140,12,1,0
BRDA:155,13,0,0
BRDA:155,13,1,0
BRDA:161,14,0,0
BRDA:161,14,1,0
BRDA:162,15,0,0
BRDA:162,15,1,0
BRDA:167,16,0,0
BRDA:167,16,1,0
BRDA:179,17,0,0
BRDA:179,17,1,0
BRDA:179,18,0,0
BRDA:179,18,1,0
BRDA:180,19,0,0
BRDA:180,19,1,0
BRDA:180,20,0,0
BRDA:180,20,1,0
BRDA:184,21,0,0
BRDA:184,21,1,0
BRDA:190,22,0,0
BRDA:190,22,1,0
BRDA:190,22,2,0
BRDA:200,23,0,0
BRDA:200,23,1,0
BRDA:203,24,0,0
BRDA:203,24,1,0
BRDA:206,25,0,0
BRDA:206,25,1,0
BRDA:208,26,0,0
BRDA:208,26,1,0
BRDA:217,27,0,0
BRDA:217,27,1,0
BRDA:223,28,0,0
BRDA:223,28,1,0
BRDA:229,29,0,0
BRDA:229,29,1,0
BRDA:241,30,0,0
BRDA:241,30,1,0
BRDA:241,31,0,0
BRDA:241,31,1,0
BRDA:268,32,0,0
BRDA:268,32,1,0
BRDA:287,33,0,0
BRDA:287,33,1,0
BRF:73
BRH:0
end_of_record
TN:
SF:app/(tabs)/admin/users.tsx
FN:24,UserManagementScreen
FN:32,(anonymous_1)
FN:53,(anonymous_2)
FN:58,(anonymous_3)
FN:66,(anonymous_4)
FN:76,(anonymous_5)
FN:81,(anonymous_6)
FN:97,(anonymous_7)
FN:102,(anonymous_8)
FN:120,(anonymous_9)
FN:134,(anonymous_10)
FN:139,(anonymous_11)
FN:148,(anonymous_12)
FN:157,(anonymous_13)
FN:187,(anonymous_14)
FN:202,(anonymous_15)
FN:212,(anonymous_16)
FN:243,(anonymous_17)
FN:253,(anonymous_18)
FN:257,(anonymous_19)
FNF:20
FNH:0
FNDA:0,UserManagementScreen
FNDA:0,(anonymous_1)
FNDA:0,(anonymous_2)
FNDA:0,(anonymous_3)
FNDA:0,(anonymous_4)
FNDA:0,(anonymous_5)
FNDA:0,(anonymous_6)
FNDA:0,(anonymous_7)
FNDA:0,(anonymous_8)
FNDA:0,(anonymous_9)
FNDA:0,(anonymous_10)
FNDA:0,(anonymous_11)
FNDA:0,(anonymous_12)
FNDA:0,(anonymous_13)
FNDA:0,(anonymous_14)
FNDA:0,(anonymous_15)
FNDA:0,(anonymous_16)
FNDA:0,(anonymous_17)
FNDA:0,(anonymous_18)
FNDA:0,(anonymous_19)
DA:25,0
DA:26,0
DA:27,0
DA:28,0
DA:29,0
DA:30,0
DA:32,0
DA:33,0
DA:34,0
DA:35,0
DA:37,0
DA:38,0
DA:39,0
DA:40,0
DA:42,0
DA:45,0
DA:47,0
DA:48,0
DA:52,0
DA:54,0
DA:58,0
DA:59,0
DA:61,0
DA:62,0
DA:63,0
DA:66,0
DA:67,0
DA:73,0
DA:76,0
DA:77,0
DA:78,0
DA:81,0
DA:82,0
DA:83,0
DA:84,0
DA:95,0
DA:97,0
DA:98,0
DA:100,0
DA:101,0
DA:103,0
DA:107,0
DA:112,0
DA:115,0
DA:116,0
DA:120,0
DA:121,0
DA:122,0
DA:133,0
DA:134,0
DA:135,0
DA:137,0
DA:138,0
DA:140,0
DA:143,0
DA:148,0
DA:149,0
DA:152,0
DA:153,0
DA:157,0
DA:158,0
DA:187,0
DA:202,0
DA:212,0
DA:223,0
DA:224,0
DA:231,0
DA:243,0
DA:253,0
DA:258,0
DA:272,0
LF:71
LH:0
BRDA:37,0,0,0
BRDA:37,0,1,0
BRDA:61,1,0,0
BRDA:61,1,1,0
BRDA:67,2,0,0
BRDA:67,2,1,0
BRDA:67,2,2,0
BRDA:67,2,3,0
BRDA:67,2,4,0
BRDA:67,2,5,0
BRDA:95,3,0,0
BRDA:95,3,1,0
BRDA:98,4,0,0
BRDA:98,4,1,0
BRDA:103,5,0,0
BRDA:103,5,1,0
BRDA:109,6,0,0
BRDA:109,6,1,0
BRDA:133,7,0,0
BRDA:133,7,1,0
BRDA:135,8,0,0
BRDA:135,8,1,0
BRDA:140,9,0,0
BRDA:140,9,1,0
BRDA:149,10,0,0
BRDA:149,10,1,0
BRDA:169,11,0,0
BRDA:169,11,1,0
BRDA:170,12,0,0
BRDA:170,12,1,0
BRDA:176,13,0,0
BRDA:176,13,1,0
BRDA:186,14,0,0
BRDA:186,14,1,0
BRDA:190,15,0,0
BRDA:190,15,1,0
BRDA:195,16,0,0
BRDA:195,16,1,0
BRDA:199,17,0,0
BRDA:199,17,1,0
BRDA:209,18,0,0
BRDA:209,18,1,0
BRDA:223,19,0,0
BRDA:223,19,1,0
BRDA:223,20,0,0
BRDA:223,20,1,0
BRDA:242,21,0,0
BRDA:242,21,1,0
BRDA:261,22,0,0
BRDA:261,22,1,0
BRF:50
BRH:0
end_of_record
TN:
SF:app/(tabs)/forum/_layout.tsx
FN:4,ForumLayout
FNF:1
FNH:0
FNDA:0,ForumLayout
DA:5,0
DA:6,0
DA:8,0
LF:3
LH:0
BRF:0
BRH:0
end_of_record
TN:
SF:app/(tabs)/forum/index.tsx
FN:6,ForumScreen
FNF:1
FNH:0
FNDA:0,ForumScreen
DA:7,0
DA:20,0
LF:2
LH:0
BRF:0
BRH:0
end_of_record
TN:
SF:app/(tabs)/goals/[id].tsx
FN:41,GoalDetailsScreen
FN:54,(anonymous_1)
FN:66,(anonymous_2)
FN:85,(anonymous_3)
FN:90,(anonymous_4)
FN:102,(anonymous_5)
FN:122,(anonymous_6)
FN:130,(anonymous_7)
FN:146,(anonymous_8)
FN:150,(anonymous_9)
FN:226,(anonymous_10)
FN:231,(anonymous_11)
FN:321,(anonymous_12)
FN:337,(anonymous_13)
FN:341,(anonymous_14)
FN:362,(anonymous_15)
FNF:16
FNH:0
FNDA:0,GoalDetailsScreen
FNDA:0,(anonymous_1)
FNDA:0,(anonymous_2)
FNDA:0,(anonymous_3)
FNDA:0,(anonymous_4)
FNDA:0,(anonymous_5)
FNDA:0,(anonymous_6)
FNDA:0,(anonymous_7)
FNDA:0,(anonymous_8)
FNDA:0,(anonymous_9)
FNDA:0,(anonymous_10)
FNDA:0,(anonymous_11)
FNDA:0,(anonymous_12)
FNDA:0,(anonymous_13)
FNDA:0,(anonymous_14)
FNDA:0,(anonymous_15)
DA:42,0
DA:43,0
DA:44,0
DA:45,0
DA:46,0
DA:47,0
DA:48,0
DA:49,0
DA:50,0
DA:51,0
DA:52,0
DA:54,0
DA:55,0
DA:56,0
DA:57,0
DA:58,0
DA:59,0
DA:62,0
DA:66,0
DA:67,0
DA:68,0
DA:71,0
DA:72,0
DA:73,0
DA:74,0
DA:75,0
DA:76,0
DA:79,0
DA:81,0
DA:85,0
DA:86,0
DA:87,0
DA:90,0
DA:91,0
DA:103,0
DA:104,0
DA:110,0
DA:111,0
DA:114,0
DA:122,0
DA:123,0
DA:124,0
DA:125,0
DA:130,0
DA:131,0
DA:132,0
DA:134,0
DA:135,0
DA:137,0
DA:138,0
DA:140,0
DA:141,0
DA:143,0
DA:146,0
DA:147,0
DA:150,0
DA:151,0
DA:154,0
DA:155,0
DA:156,0
DA:157,0
DA:159,0
DA:160,0
DA:161,0
DA:164,0
DA:166,0
DA:167,0
DA:168,0
DA:185,0
DA:186,0
DA:188,0
DA:189,0
DA:190,0
DA:192,0
DA:193,0
DA:194,0
DA:196,0
DA:200,0
DA:201,0
DA:203,0
DA:207,0
DA:208,0
DA:215,0
DA:216,0
DA:223,0
DA:226,0
DA:231,0
DA:321,0
DA:338,0
DA:341,0
DA:362,0
DA:376,0
LF:92
LH:0
BRDA:57,0,0,0
BRDA:57,0,1,0
BRDA:71,1,0,0
BRDA:71,1,1,0
BRDA:110,2,0,0
BRDA:110,2,1,0
BRDA:124,3,0,0
BRDA:124,3,1,0
BRDA:132,4,0,0
BRDA:132,4,1,0
BRDA:132,4,2,0
BRDA:151,5,0,0
BRDA:151,5,1,0
BRDA:151,6,0,0
BRDA:151,6,1,0
BRDA:151,6,2,0
BRDA:159,7,0,0
BRDA:159,7,1,0
BRDA:188,8,0,0
BRDA:188,8,1,0
BRDA:194,9,0,0
BRDA:194,9,1,0
BRDA:207,10,0,0
BRDA:207,10,1,0
BRDA:215,11,0,0
BRDA:215,11,1,0
BRDA:245,12,0,0
BRDA:245,12,1,0
BRDA:284,13,0,0
BRDA:284,13,1,0
BRDA:293,14,0,0
BRDA:293,14,1,0
BRDA:301,15,0,0
BRDA:301,15,1,0
BRDA:325,16,0,0
BRDA:325,16,1,0
BRDA:340,17,0,0
BRDA:340,17,1,0
BRDA:366,18,0,0
BRDA:366,18,1,0
BRF:40
BRH:0
end_of_record
TN:
SF:app/(tabs)/goals/_layout.tsx
FN:4,GoalsLayout
FNF:1
FNH:0
FNDA:0,GoalsLayout
DA:5,0
DA:6,0
DA:8,0
LF:3
LH:0
BRF:0
BRH:0
end_of_record
TN:
SF:app/(tabs)/goals/add.tsx
FN:32,AddGoalScreen
FN:45,(anonymous_1)
FN:57,(anonymous_2)
FN:71,(anonymous_3)
FN:77,(anonymous_4)
FN:93,(anonymous_5)
FN:100,(anonymous_6)
FN:104,(anonymous_7)
FN:157,(anonymous_8)
FN:169,(anonymous_9)
FN:176,(anonymous_10)
FN:199,(anonymous_11)
FN:220,(anonymous_12)
FN:242,(anonymous_13)
FN:249,(anonymous_14)
FN:273,(anonymous_15)
FNF:16
FNH:0
FNDA:0,AddGoalScreen
FNDA:0,(anonymous_1)
FNDA:0,(anonymous_2)
FNDA:0,(anonymous_3)
FNDA:0,(anonymous_4)
FNDA:0,(anonymous_5)
FNDA:0,(anonymous_6)
FNDA:0,(anonymous_7)
FNDA:0,(anonymous_8)
FNDA:0,(anonymous_9)
FNDA:0,(anonymous_10)
FNDA:0,(anonymous_11)
FNDA:0,(anonymous_12)
FNDA:0,(anonymous_13)
FNDA:0,(anonymous_14)
FNDA:0,(anonymous_15)
DA:33,0
DA:34,0
DA:35,0
DA:36,0
DA:37,0
DA:38,0
DA:39,0
DA:40,0
DA:41,0
DA:42,0
DA:43,0
DA:45,0
DA:46,0
DA:47,0
DA:48,0
DA:49,0
DA:50,0
DA:53,0
DA:57,0
DA:58,0
DA:59,0
DA:60,0
DA:61,0
DA:62,0
DA:65,0
DA:67,0
DA:71,0
DA:72,0
DA:73,0
DA:77,0
DA:78,0
DA:79,0
DA:81,0
DA:82,0
DA:84,0
DA:85,0
DA:87,0
DA:88,0
DA:90,0
DA:93,0
DA:94,0
DA:95,0
DA:96,0
DA:100,0
DA:101,0
DA:104,0
DA:105,0
DA:107,0
DA:109,0
DA:110,0
DA:111,0
DA:131,0
DA:132,0
DA:134,0
DA:135,0
DA:136,0
DA:139,0
DA:140,0
DA:142,0
DA:146,0
DA:147,0
DA:154,0
DA:157,0
DA:170,0
DA:176,0
DA:199,0
DA:220,0
DA:243,0
DA:249,0
DA:273,0
DA:322,0
LF:71
LH:0
BRDA:48,0,0,0
BRDA:48,0,1,0
BRDA:60,1,0,0
BRDA:60,1,1,0
BRDA:79,2,0,0
BRDA:79,2,1,0
BRDA:79,2,2,0
BRDA:95,3,0,0
BRDA:95,3,1,0
BRDA:105,4,0,0
BRDA:105,4,1,0
BRDA:105,5,0,0
BRDA:105,5,1,0
BRDA:105,5,2,0
BRDA:131,6,0,0
BRDA:131,6,1,0
BRDA:136,7,0,0
BRDA:136,7,1,0
BRDA:146,8,0,0
BRDA:146,8,1,0
BRDA:174,9,0,0
BRDA:174,9,1,0
BRDA:181,10,0,0
BRDA:181,10,1,0
BRDA:197,11,0,0
BRDA:197,11,1,0
BRDA:204,12,0,0
BRDA:204,12,1,0
BRDA:209,13,0,0
BRDA:209,13,1,0
BRDA:218,14,0,0
BRDA:218,14,1,0
BRDA:225,15,0,0
BRDA:225,15,1,0
BRDA:230,16,0,0
BRDA:230,16,1,0
BRDA:247,17,0,0
BRDA:247,17,1,0
BRDA:254,18,0,0
BRDA:254,18,1,0
BRDA:277,19,0,0
BRDA:277,19,1,0
BRDA:306,20,0,0
BRDA:306,20,1,0
BRDA:306,20,2,0
BRDA:309,21,0,0
BRDA:309,21,1,0
BRDA:309,21,2,0
BRDA:311,22,0,0
BRDA:311,22,1,0
BRF:50
BRH:0
end_of_record
TN:
SF:app/(tabs)/goals/index.tsx
FN:38,GoalsScreen
FN:43,(anonymous_1)
FN:58,(anonymous_2)
FN:63,(anonymous_3)
FN:66,(anonymous_4)
FN:148,(anonymous_5)
FN:154,(anonymous_6)
FN:172,(anonymous_7)
FNF:8
FNH:0
FNDA:0,GoalsScreen
FNDA:0,(anonymous_1)
FNDA:0,(anonymous_2)
FNDA:0,(anonymous_3)
FNDA:0,(anonymous_4)
FNDA:0,(anonymous_5)
FNDA:0,(anonymous_6)
FNDA:0,(anonymous_7)
DA:39,0
DA:40,0
DA:41,0
DA:43,0
DA:44,0
DA:45,0
DA:46,0
DA:47,0
DA:48,0
DA:51,0
DA:53,0
DA:57,0
DA:59,0
DA:63,0
DA:64,0
DA:66,0
DA:133,0
DA:134,0
DA:141,0
DA:148,0
DA:154,0
DA:172,0
DA:180,0
LF:23
LH:0
BRDA:46,0,0,0
BRDA:46,0,1,0
BRDA:75,1,0,0
BRDA:75,1,1,0
BRDA:86,2,0,0
BRDA:86,2,1,0
BRDA:133,3,0,0
BRDA:133,3,1,0
BRDA:161,4,0,0
BRDA:161,4,1,0
BRF:10
BRH:0
end_of_record
TN:
SF:app/(tabs)/goals/templates.tsx
FN:26,GoalTemplatesScreen
FN:32,(anonymous_1)
FN:46,(anonymous_2)
FN:50,(anonymous_3)
FN:75,(anonymous_4)
FN:90,(anonymous_5)
FN:111,(anonymous_6)
FN:120,(anonymous_7)
FNF:8
FNH:0
FNDA:0,GoalTemplatesScreen
FNDA:0,(anonymous_1)
FNDA:0,(anonymous_2)
FNDA:0,(anonymous_3)
FNDA:0,(anonymous_4)
FNDA:0,(anonymous_5)
FNDA:0,(anonymous_6)
FNDA:0,(anonymous_7)
DA:27,0
DA:28,0
DA:29,0
DA:30,0
DA:32,0
DA:33,0
DA:34,0
DA:35,0
DA:36,0
DA:37,0
DA:40,0
DA:42,0
DA:46,0
DA:47,0
DA:50,0
DA:51,0
DA:52,0
DA:53,0
DA:61,0
DA:62,0
DA:63,0
DA:65,0
DA:66,0
DA:69,0
DA:71,0
DA:75,0
DA:76,0
DA:90,0
DA:100,0
DA:101,0
DA:108,0
DA:111,0
DA:120,0
DA:127,0
LF:34
LH:0
BRDA:35,0,0,0
BRDA:35,0,1,0
BRDA:61,1,0,0
BRDA:61,1,1,0
BRDA:66,2,0,0
BRDA:66,2,1,0
BRDA:94,3,0,0
BRDA:94,3,1,0
BRDA:100,4,0,0
BRDA:100,4,1,0
BRF:10
BRH:0
end_of_record
TN:
SF:app/(tabs)/moderator/_layout.tsx
FN:3,ModeratorLayout
FNF:1
FNH:0
FNDA:0,ModeratorLayout
DA:4,0
LF:1
LH:0
BRF:0
BRH:0
end_of_record
TN:
SF:app/(tabs)/moderator/category-requests.tsx
FN:33,ModeratorCategoryRequestsScreen
FN:41,(anonymous_1)
FN:79,(anonymous_2)
FN:84,(anonymous_3)
FN:92,(anonymous_4)
FN:101,(anonymous_5)
FN:106,(anonymous_6)
FN:117,(anonymous_7)
FN:122,(anonymous_8)
FN:137,(anonymous_9)
FN:148,(anonymous_10)
FN:153,(anonymous_11)
FN:168,(anonymous_12)
FN:215,(anonymous_13)
FN:223,(anonymous_14)
FN:234,(anonymous_15)
FN:263,(anonymous_16)
FN:273,(anonymous_17)
FN:278,(anonymous_18)
FNF:19
FNH:0
FNDA:0,ModeratorCategoryRequestsScreen
FNDA:0,(anonymous_1)
FNDA:0,(anonymous_2)
FNDA:0,(anonymous_3)
FNDA:0,(anonymous_4)
FNDA:0,(anonymous_5)
FNDA:0,(anonymous_6)
FNDA:0,(anonymous_7)
FNDA:0,(anonymous_8)
FNDA:0,(anonymous_9)
FNDA:0,(anonymous_10)
FNDA:0,(anonymous_11)
FNDA:0,(anonymous_12)
FNDA:0,(anonymous_13)
FNDA:0,(anonymous_14)
FNDA:0,(anonymous_15)
FNDA:0,(anonymous_16)
FNDA:0,(anonymous_17)
FNDA:0,(anonymous_18)
DA:34,0
DA:35,0
DA:36,0
DA:37,0
DA:38,0
DA:39,0
DA:41,0
DA:42,0
DA:43,0
DA:45,0
DA:49,0
DA:50,0
DA:53,0
DA:55,0
DA:56,0
DA:57,0
DA:59,0
DA:60,0
DA:61,0
DA:64,0
DA:65,0
DA:66,0
DA:69,0
DA:70,0
DA:71,0
DA:73,0
DA:74,0
DA:78,0
DA:80,0
DA:84,0
DA:85,0
DA:87,0
DA:88,0
DA:89,0
DA:92,0
DA:93,0
DA:98,0
DA:101,0
DA:102,0
DA:103,0
DA:106,0
DA:107,0
DA:108,0
DA:115,0
DA:117,0
DA:118,0
DA:120,0
DA:121,0
DA:123,0
DA:127,0
DA:129,0
DA:132,0
DA:133,0
DA:137,0
DA:138,0
DA:139,0
DA:146,0
DA:148,0
DA:149,0
DA:151,0
DA:152,0
DA:154,0
DA:158,0
DA:160,0
DA:163,0
DA:164,0
DA:168,0
DA:169,0
DA:171,0
DA:215,0
DA:223,0
DA:234,0
DA:235,0
DA:243,0
DA:244,0
DA:251,0
DA:263,0
DA:273,0
DA:279,0
DA:293,0
LF:80
LH:0
BRDA:49,0,0,0
BRDA:49,0,1,0
BRDA:53,1,0,0
BRDA:53,1,1,0
BRDA:55,2,0,0
BRDA:55,2,1,0
BRDA:87,3,0,0
BRDA:87,3,1,0
BRDA:93,4,0,0
BRDA:93,4,1,0
BRDA:93,4,2,0
BRDA:93,4,3,0
BRDA:94,5,0,0
BRDA:94,5,1,0
BRDA:115,6,0,0
BRDA:115,6,1,0
BRDA:118,7,0,0
BRDA:118,7,1,0
BRDA:123,8,0,0
BRDA:123,8,1,0
BRDA:146,9,0,0
BRDA:146,9,1,0
BRDA:149,10,0,0
BRDA:149,10,1,0
BRDA:154,11,0,0
BRDA:154,11,1,0
BRDA:177,12,0,0
BRDA:177,12,1,0
BRDA:178,13,0,0
BRDA:178,13,1,0
BRDA:191,14,0,0
BRDA:191,14,1,0
BRDA:198,15,0,0
BRDA:198,15,1,0
BRDA:202,16,0,0
BRDA:202,16,1,0
BRDA:202,17,0,0
BRDA:202,17,1,0
BRDA:204,18,0,0
BRDA:204,18,1,0
BRDA:211,19,0,0
BRDA:211,19,1,0
BRDA:243,20,0,0
BRDA:243,20,1,0
BRDA:243,21,0,0
BRDA:243,21,1,0
BRDA:262,22,0,0
BRDA:262,22,1,0
BRDA:282,23,0,0
BRDA:282,23,1,0
BRF:50
BRH:0
end_of_record
TN:
SF:app/(tabs)/moderator/index.tsx
FN:16,ModeratorDashboard
FN:22,(anonymous_1)
FN:26,(anonymous_2)
FN:30,(anonymous_3)
FN:44,(anonymous_4)
FN:63,(anonymous_5)
FN:89,(anonymous_6)
FN:94,(anonymous_7)
FN:128,(anonymous_8)
FNF:9
FNH:0
FNDA:0,ModeratorDashboard
FNDA:0,(anonymous_1)
FNDA:0,(anonymous_2)
FNDA:0,(anonymous_3)
FNDA:0,(anonymous_4)
FNDA:0,(anonymous_5)
FNDA:0,(anonymous_6)
FNDA:0,(anonymous_7)
FNDA:0,(anonymous_8)
DA:17,0
DA:18,0
DA:19,0
DA:22,0
DA:23,0
DA:26,0
DA:27,0
DA:30,0
DA:31,0
DA:32,0
DA:34,0
DA:38,0
DA:39,0
DA:40,0
DA:42,0
DA:43,0
DA:44,0
DA:45,0
DA:49,0
DA:53,0
DA:57,0
DA:58,0
DA:59,0
DA:61,0
DA:62,0
DA:63,0
DA:66,0
DA:69,0
DA:72,0
DA:77,0
DA:79,0
DA:84,0
DA:88,0
DA:90,0
DA:94,0
DA:113,0
DA:114,0
DA:121,0
DA:129,0
DA:157,0
LF:40
LH:0
BRDA:39,0,0,0
BRDA:39,0,1,0
BRDA:42,1,0,0
BRDA:42,1,1,0
BRDA:43,2,0,0
BRDA:43,2,1,0
BRDA:45,3,0,0
BRDA:45,3,1,0
BRDA:58,4,0,0
BRDA:58,4,1,0
BRDA:61,5,0,0
BRDA:61,5,1,0
BRDA:61,6,0,0
BRDA:61,6,1,0
BRDA:66,7,0,0
BRDA:66,7,1,0
BRDA:97,8,0,0
BRDA:97,8,1,0
BRDA:105,9,0,0
BRDA:105,9,1,0
BRDA:113,10,0,0
BRDA:113,10,1,0
BRF:22
BRH:0
end_of_record
TN:
SF:app/(tabs)/moderator/user-management.tsx
FN:24,ModeratorUserManagementScreen
FN:32,(anonymous_1)
FN:44,(anonymous_2)
FN:67,(anonymous_3)
FN:72,(anonymous_4)
FN:81,(anonymous_5)
FN:90,(anonymous_6)
FN:95,(anonymous_7)
FN:107,(anonymous_8)
FN:108,(anonymous_9)
FN:109,(anonymous_10)
FN:120,(anonymous_11)
FN:168,(anonymous_12)
FN:180,(anonymous_13)
FN:210,(anonymous_14)
FN:220,(anonymous_15)
FN:225,(anonymous_16)
FNF:17
FNH:0
FNDA:0,ModeratorUserManagementScreen
FNDA:0,(anonymous_1)
FNDA:0,(anonymous_2)
FNDA:0,(anonymous_3)
FNDA:0,(anonymous_4)
FNDA:0,(anonymous_5)
FNDA:0,(anonymous_6)
FNDA:0,(anonymous_7)
FNDA:0,(anonymous_8)
FNDA:0,(anonymous_9)
FNDA:0,(anonymous_10)
FNDA:0,(anonymous_11)
FNDA:0,(anonymous_12)
FNDA:0,(anonymous_13)
FNDA:0,(anonymous_14)
FNDA:0,(anonymous_15)
FNDA:0,(anonymous_16)
DA:25,0
DA:26,0
DA:27,0
DA:28,0
DA:29,0
DA:30,0
DA:32,0
DA:33,0
DA:34,0
DA:35,0
DA:39,0
DA:40,0
DA:43,0
DA:44,0
DA:47,0
DA:48,0
DA:50,0
DA:51,0
DA:52,0
DA:53,0
DA:56,0
DA:57,0
DA:58,0
DA:59,0
DA:61,0
DA:62,0
DA:66,0
DA:68,0
DA:72,0
DA:73,0
DA:75,0
DA:76,0
DA:77,0
DA:80,0
DA:81,0
DA:82,0
DA:87,0
DA:90,0
DA:91,0
DA:92,0
DA:95,0
DA:96,0
DA:97,0
DA:98,0
DA:106,0
DA:107,0
DA:108,0
DA:109,0
DA:110,0
DA:112,0
DA:115,0
DA:116,0
DA:120,0
DA:121,0
DA:168,0
DA:180,0
DA:181,0
DA:190,0
DA:191,0
DA:198,0
DA:210,0
DA:220,0
DA:226,0
DA:240,0
LF:64
LH:0
BRDA:39,0,0,0
BRDA:39,0,1,0
BRDA:43,1,0,0
BRDA:43,1,1,0
BRDA:75,2,0,0
BRDA:75,2,1,0
BRDA:82,3,0,0
BRDA:82,3,1,0
BRDA:82,3,2,0
BRDA:82,3,3,0
BRDA:82,3,4,0
BRDA:82,3,5,0
BRDA:106,4,0,0
BRDA:106,4,1,0
BRDA:107,5,0,0
BRDA:107,5,1,0
BRDA:110,6,0,0
BRDA:110,6,1,0
BRDA:125,7,0,0
BRDA:125,7,1,0
BRDA:132,8,0,0
BRDA:132,8,1,0
BRDA:144,9,0,0
BRDA:144,9,1,0
BRDA:144,10,0,0
BRDA:144,10,1,0
BRDA:145,11,0,0
BRDA:145,11,1,0
BRDA:145,12,0,0
BRDA:145,12,1,0
BRDA:149,13,0,0
BRDA:149,13,1,0
BRDA:155,14,0,0
BRDA:155,14,1,0
BRDA:155,14,2,0
BRDA:167,15,0,0
BRDA:167,15,1,0
BRDA:170,16,0,0
BRDA:170,16,1,0
BRDA:172,17,0,0
BRDA:172,17,1,0
BRDA:190,18,0,0
BRDA:190,18,1,0
BRDA:190,19,0,0
BRDA:190,19,1,0
BRDA:209,20,0,0
BRDA:209,20,1,0
BRDA:229,21,0,0
BRDA:229,21,1,0
BRF:49
BRH:0
end_of_record
TN:
SF:app/(tabs)/profile/_layout.tsx
FN:15,ProfileLayout
FNF:1
FNH:0
FNDA:0,ProfileLayout
DA:6,0
DA:16,0
DA:18,0
DA:55,0
LF:4
LH:0
BRF:0
BRH:0
end_of_record
TN:
SF:app/(tabs)/profile/admin-diagnostics.tsx
FN:16,AdminDiagnostics
FN:22,(anonymous_1)
FN:23,fetchDiagnosticInfo
FN:58,(anonymous_3)
FN:66,(anonymous_4)
FNF:5
FNH:0
FNDA:0,AdminDiagnostics
FNDA:0,(anonymous_1)
FNDA:0,fetchDiagnosticInfo
FNDA:0,(anonymous_3)
FNDA:0,(anonymous_4)
DA:17,0
DA:18,0
DA:19,0
DA:20,0
DA:22,0
DA:24,0
DA:25,0
DA:28,0
DA:29,0
DA:30,0
DA:32,0
DA:33,0
DA:34,0
DA:36,0
DA:39,0
DA:49,0
DA:51,0
DA:55,0
DA:58,0
DA:59,0
DA:60,0
DA:62,0
DA:66,0
DA:67,0
DA:68,0
DA:70,0
DA:74,0
DA:75,0
DA:83,0
DA:138,0
LF:30
LH:0
BRDA:32,0,0,0
BRDA:32,0,1,0
BRDA:34,1,0,0
BRDA:34,1,1,0
BRDA:49,2,0,0
BRDA:49,2,1,0
BRDA:62,3,0,0
BRDA:62,3,1,0
BRDA:70,4,0,0
BRDA:70,4,1,0
BRDA:74,5,0,0
BRDA:74,5,1,0
BRDA:88,6,0,0
BRDA:88,6,1,0
BRDA:97,7,0,0
BRDA:97,7,1,0
BRF:16
BRH:0
end_of_record
TN:
SF:app/(tabs)/profile/admin-endpoints-test.tsx
FN:16,AdminEndpointsTest
FN:21,(anonymous_1)
FN:26,(anonymous_2)
FN:62,(anonymous_3)
FN:144,(anonymous_4)
FNF:5
FNH:0
FNDA:0,AdminEndpointsTest
FNDA:0,(anonymous_1)
FNDA:0,(anonymous_2)
FNDA:0,(anonymous_3)
FNDA:0,(anonymous_4)
DA:17,0
DA:18,0
DA:19,0
DA:21,0
DA:23,0
DA:26,0
DA:27,0
DA:28,0
DA:29,0
DA:31,0
DA:37,0
DA:38,0
DA:39,0
DA:40,0
DA:41,0
DA:43,0
DA:44,0
DA:45,0
DA:48,0
DA:50,0
DA:51,0
DA:58,0
DA:62,0
DA:63,0
DA:64,0
DA:65,0
DA:68,0
DA:73,0
DA:74,0
DA:75,0
DA:76,0
DA:78,0
DA:84,0
DA:85,0
DA:86,0
DA:87,0
DA:89,0
DA:90,0
DA:91,0
DA:94,0
DA:96,0
DA:97,0
DA:106,0
DA:108,0
DA:110,0
DA:114,0
DA:115,0
DA:123,0
DA:145,0
DA:178,0
LF:50
LH:0
BRDA:37,0,0,0
BRDA:37,0,1,0
BRDA:55,1,0,0
BRDA:55,1,1,0
BRDA:84,2,0,0
BRDA:84,2,1,0
BRDA:101,3,0,0
BRDA:101,3,1,0
BRDA:114,4,0,0
BRDA:114,4,1,0
BRDA:135,5,0,0
BRDA:135,5,1,0
BRDA:147,6,0,0
BRDA:147,6,1,0
BRDA:151,7,0,0
BRDA:151,7,1,0
BRDA:154,8,0,0
BRDA:154,8,1,0
BRDA:165,9,0,0
BRDA:165,9,1,0
BRF:20
BRH:0
end_of_record
TN:
SF:app/(tabs)/profile/change-password.tsx
FN:11,ChangePasswordScreen
FN:27,(anonymous_1)
FN:34,(anonymous_2)
FN:86,(anonymous_3)
FN:100,(anonymous_4)
FN:101,(anonymous_5)
FN:113,(anonymous_6)
FN:132,(anonymous_7)
FN:155,(anonymous_8)
FN:178,(anonymous_9)
FN:207,(anonymous_10)
FNF:11
FNH:0
FNDA:0,ChangePasswordScreen
FNDA:0,(anonymous_1)
FNDA:0,(anonymous_2)
FNDA:0,(anonymous_3)
FNDA:0,(anonymous_4)
FNDA:0,(anonymous_5)
FNDA:0,(anonymous_6)
FNDA:0,(anonymous_7)
FNDA:0,(anonymous_8)
FNDA:0,(anonymous_9)
FNDA:0,(anonymous_10)
DA:12,0
DA:13,0
DA:14,0
DA:15,0
DA:16,0
DA:21,0
DA:22,0
DA:23,0
DA:24,0
DA:25,0
DA:27,0
DA:28,0
DA:29,0
DA:30,0
DA:31,0
DA:34,0
DA:36,0
DA:37,0
DA:38,0
DA:41,0
DA:42,0
DA:43,0
DA:46,0
DA:47,0
DA:48,0
DA:51,0
DA:52,0
DA:54,0
DA:65,0
DA:66,0
DA:67,0
DA:68,0
DA:72,0
DA:84,0
DA:85,0
DA:86,0
DA:87,0
DA:90,0
DA:91,0
DA:94,0
DA:96,0
DA:100,0
DA:101,0
DA:107,0
DA:113,0
DA:132,0
DA:155,0
DA:178,0
DA:207,0
DA:213,0
LF:50
LH:0
BRDA:27,0,0,0
BRDA:36,1,0,0
BRDA:36,1,1,0
BRDA:36,2,0,0
BRDA:36,2,1,0
BRDA:36,2,2,0
BRDA:41,3,0,0
BRDA:41,3,1,0
BRDA:46,4,0,0
BRDA:46,4,1,0
BRDA:65,5,0,0
BRDA:65,5,1,0
BRDA:84,6,0,0
BRDA:84,6,1,0
BRDA:91,7,0,0
BRDA:91,7,1,0
BRDA:136,8,0,0
BRDA:136,8,1,0
BRDA:159,9,0,0
BRDA:159,9,1,0
BRDA:182,10,0,0
BRDA:182,10,1,0
BRDA:191,11,0,0
BRDA:191,11,1,0
BRDA:196,12,0,0
BRDA:196,12,1,0
BRF:26
BRH:0
end_of_record
TN:
SF:app/(tabs)/profile/edit.tsx
FN:35,EditProfileScreen
FN:45,(anonymous_1)
FN:49,(anonymous_2)
FN:63,(anonymous_3)
FN:70,(anonymous_4)
FN:92,(anonymous_5)
FN:130,(anonymous_6)
FN:143,(anonymous_7)
FN:153,(anonymous_8)
FN:163,(anonymous_9)
FN:175,(anonymous_10)
FN:185,(anonymous_11)
FN:209,(anonymous_12)
FNF:13
FNH:0
FNDA:0,EditProfileScreen
FNDA:0,(anonymous_1)
FNDA:0,(anonymous_2)
FNDA:0,(anonymous_3)
FNDA:0,(anonymous_4)
FNDA:0,(anonymous_5)
FNDA:0,(anonymous_6)
FNDA:0,(anonymous_7)
FNDA:0,(anonymous_8)
FNDA:0,(anonymous_9)
FNDA:0,(anonymous_10)
FNDA:0,(anonymous_11)
FNDA:0,(anonymous_12)
DA:36,0
DA:37,0
DA:38,0
DA:39,0
DA:40,0
DA:41,0
DA:42,0
DA:43,0
DA:45,0
DA:46,0
DA:49,0
DA:50,0
DA:51,0
DA:52,0
DA:53,0
DA:54,0
DA:57,0
DA:59,0
DA:63,0
DA:64,0
DA:65,0
DA:66,0
DA:67,0
DA:70,0
DA:71,0
DA:73,0
DA:74,0
DA:75,0
DA:90,0
DA:91,0
DA:92,0
DA:93,0
DA:96,0
DA:97,0
DA:100,0
DA:102,0
DA:106,0
DA:107,0
DA:114,0
DA:130,0
DA:143,0
DA:153,0
DA:163,0
DA:175,0
DA:185,0
DA:209,0
DA:215,0
LF:47
LH:0
BRDA:52,0,0,0
BRDA:52,0,1,0
BRDA:63,1,0,0
BRDA:71,2,0,0
BRDA:71,2,1,0
BRDA:90,3,0,0
BRDA:90,3,1,0
BRDA:97,4,0,0
BRDA:97,4,1,0
BRDA:106,5,0,0
BRDA:106,5,1,0
BRDA:106,6,0,0
BRDA:106,6,1,0
BRDA:116,7,0,0
BRDA:116,7,1,0
BRDA:162,8,0,0
BRDA:162,8,1,0
BRDA:174,9,0,0
BRDA:174,9,1,0
BRDA:184,10,0,0
BRDA:184,10,1,0
BRDA:191,11,0,0
BRDA:191,11,1,0
BRDA:196,12,0,0
BRDA:196,12,1,0
BRF:25
BRH:0
end_of_record
TN:
SF:app/(tabs)/profile/index.tsx
FN:41,ProfileScreen
FN:47,(anonymous_1)
FN:63,(anonymous_2)
FN:70,(anonymous_3)
FN:75,(anonymous_4)
FN:184,(anonymous_5)
FN:195,(anonymous_6)
FN:206,(anonymous_7)
FNF:8
FNH:0
FNDA:0,ProfileScreen
FNDA:0,(anonymous_1)
FNDA:0,(anonymous_2)
FNDA:0,(anonymous_3)
FNDA:0,(anonymous_4)
FNDA:0,(anonymous_5)
FNDA:0,(anonymous_6)
FNDA:0,(anonymous_7)
DA:12,0
DA:42,0
DA:43,0
DA:44,0
DA:45,0
DA:47,0
DA:48,0
DA:49,0
DA:51,0
DA:52,0
DA:53,0
DA:56,0
DA:58,0
DA:59,0
DA:63,0
DA:64,0
DA:65,0
DA:69,0
DA:71,0
DA:75,0
DA:76,0
DA:77,0
DA:78,0
DA:81,0
DA:82,0
DA:89,0
DA:184,0
DA:195,0
DA:206,0
DA:232,0
LF:30
LH:0
BRDA:51,0,0,0
BRDA:51,0,1,0
BRDA:81,1,0,0
BRDA:81,1,1,0
BRDA:133,2,0,0
BRDA:133,2,1,0
BRDA:133,3,0,0
BRDA:133,3,1,0
BRDA:149,4,0,0
BRDA:149,4,1,0
BRDA:157,5,0,0
BRDA:157,5,1,0
BRDA:163,6,0,0
BRDA:163,6,1,0
BRF:14
BRH:0
end_of_record
TN:
SF:app/(tabs)/profile/jwt-debug.tsx
FN:8,JWTDebugScreen
FN:13,(anonymous_1)
FN:14,getTokens
FN:62,(anonymous_3)
FNF:4
FNH:0
FNDA:0,JWTDebugScreen
FNDA:0,(anonymous_1)
FNDA:0,getTokens
FNDA:0,(anonymous_3)
DA:9,0
DA:10,0
DA:11,0
DA:13,0
DA:15,0
DA:16,0
DA:17,0
DA:19,0
DA:21,0
DA:22,0
DA:23,0
DA:24,0
DA:25,0
DA:29,0
DA:31,0
DA:35,0
DA:38,0
DA:39,0
DA:46,0
DA:63,0
DA:80,0
LF:21
LH:0
BRDA:19,0,0,0
BRDA:19,0,1,0
BRDA:22,1,0,0
BRDA:22,1,1,0
BRDA:38,2,0,0
BRDA:38,2,1,0
BRDA:54,3,0,0
BRDA:54,3,1,0
BRDA:60,4,0,0
BRDA:60,4,1,0
BRDA:66,5,0,0
BRDA:66,5,1,0
BRF:12
BRH:0
end_of_record
TN:
SF:app/(tabs)/profile/role-test.tsx
FN:18,RoleTestScreen
FN:24,(anonymous_1)
FN:57,(anonymous_2)
FN:73,(anonymous_3)
FN:83,(anonymous_4)
FN:130,(anonymous_5)
FN:137,(anonymous_6)
FNF:7
FNH:0
FNDA:0,RoleTestScreen
FNDA:0,(anonymous_1)
FNDA:0,(anonymous_2)
FNDA:0,(anonymous_3)
FNDA:0,(anonymous_4)
FNDA:0,(anonymous_5)
FNDA:0,(anonymous_6)
DA:19,0
DA:20,0
DA:21,0
DA:22,0
DA:24,0
DA:25,0
DA:26,0
DA:27,0
DA:30,0
DA:32,0
DA:34,0
DA:42,0
DA:43,0
DA:45,0
DA:47,0
DA:48,0
DA:51,0
DA:57,0
DA:63,0
DA:66,0
DA:67,0
DA:69,0
DA:73,0
DA:74,0
DA:75,0
DA:76,0
DA:78,0
DA:79,0
DA:83,0
DA:84,0
DA:85,0
DA:86,0
DA:88,0
DA:89,0
DA:93,0
DA:130,0
DA:137,0
DA:154,0
LF:38
LH:0
BRDA:25,0,0,0
BRDA:25,0,1,0
BRDA:25,1,0,0
BRDA:25,1,1,0
BRDA:45,2,0,0
BRDA:45,2,1,0
BRDA:45,3,0,0
BRDA:45,3,1,0
BRDA:45,3,2,0
BRDA:53,4,0,0
BRDA:53,4,1,0
BRDA:63,5,0,0
BRDA:63,5,1,0
BRDA:74,6,0,0
BRDA:74,6,1,0
BRDA:120,7,0,0
BRDA:120,7,1,0
BRF:17
BRH:0
end_of_record
TN:
SF:app/(tabs)/waste/[id].tsx
FN:21,WasteLogDetailsScreen
FN:35,(anonymous_1)
FN:39,(anonymous_2)
FN:57,(anonymous_3)
FN:64,(anonymous_4)
FN:72,(anonymous_5)
FN:83,(anonymous_6)
FN:109,(anonymous_7)
FN:226,(anonymous_8)
FN:248,(anonymous_9)
FNF:10
FNH:0
FNDA:0,WasteLogDetailsScreen
FNDA:0,(anonymous_1)
FNDA:0,(anonymous_2)
FNDA:0,(anonymous_3)
FNDA:0,(anonymous_4)
FNDA:0,(anonymous_5)
FNDA:0,(anonymous_6)
FNDA:0,(anonymous_7)
FNDA:0,(anonymous_8)
FNDA:0,(anonymous_9)
DA:22,0
DA:23,0
DA:24,0
DA:25,0
DA:26,0
DA:27,0
DA:28,0
DA:29,0
DA:30,0
DA:31,0
DA:32,0
DA:33,0
DA:35,0
DA:36,0
DA:39,0
DA:40,0
DA:41,0
DA:43,0
DA:44,0
DA:45,0
DA:46,0
DA:47,0
DA:48,0
DA:51,0
DA:53,0
DA:57,0
DA:58,0
DA:59,0
DA:60,0
DA:61,0
DA:64,0
DA:65,0
DA:66,0
DA:70,0
DA:71,0
DA:72,0
DA:73,0
DA:76,0
DA:79,0
DA:83,0
DA:84,0
DA:85,0
DA:97,0
DA:98,0
DA:99,0
DA:100,0
DA:102,0
DA:105,0
DA:109,0
DA:110,0
DA:111,0
DA:112,0
DA:113,0
DA:116,0
DA:117,0
DA:124,0
DA:125,0
DA:132,0
DA:226,0
DA:248,0
DA:254,0
LF:61
LH:0
BRDA:43,0,0,0
BRDA:43,0,1,0
BRDA:47,1,0,0
BRDA:47,1,1,0
BRDA:48,2,0,0
BRDA:48,2,1,0
BRDA:57,3,0,0
BRDA:70,4,0,0
BRDA:70,4,1,0
BRDA:97,5,0,0
BRDA:97,5,1,0
BRDA:111,6,0,0
BRDA:111,6,1,0
BRDA:112,7,0,0
BRDA:112,7,1,0
BRDA:113,8,0,0
BRDA:113,8,1,0
BRDA:116,9,0,0
BRDA:116,9,1,0
BRDA:124,10,0,0
BRDA:124,10,1,0
BRDA:144,11,0,0
BRDA:144,11,1,0
BRDA:170,12,0,0
BRDA:170,12,1,0
BRDA:179,13,0,0
BRDA:179,13,1,0
BRDA:190,14,0,0
BRDA:190,14,1,0
BRDA:198,15,0,0
BRDA:198,15,1,0
BRDA:205,16,0,0
BRDA:205,16,1,0
BRF:33
BRH:0
end_of_record
TN:
SF:app/(tabs)/waste/_layout.tsx
FN:15,WasteLayout
FNF:1
FNH:0
FNDA:0,WasteLayout
DA:6,0
DA:16,0
DA:18,0
DA:64,0
LF:4
LH:0
BRF:0
BRH:0
end_of_record
TN:
SF:app/(tabs)/waste/add.tsx
FN:36,AddWasteScreen
FN:52,(anonymous_1)
FN:56,(anonymous_2)
FN:76,(anonymous_3)
FN:94,(anonymous_4)
FN:101,(anonymous_5)
FN:108,(anonymous_6)
FN:113,(anonymous_7)
FN:137,(anonymous_8)
FN:152,(anonymous_9)
FN:179,(anonymous_10)
FN:186,(anonymous_11)
FN:204,(anonymous_12)
FN:217,(anonymous_13)
FN:224,(anonymous_14)
FN:255,(anonymous_15)
FN:308,(anonymous_16)
FNF:17
FNH:0
FNDA:0,AddWasteScreen
FNDA:0,(anonymous_1)
FNDA:0,(anonymous_2)
FNDA:0,(anonymous_3)
FNDA:0,(anonymous_4)
FNDA:0,(anonymous_5)
FNDA:0,(anonymous_6)
FNDA:0,(anonymous_7)
FNDA:0,(anonymous_8)
FNDA:0,(anonymous_9)
FNDA:0,(anonymous_10)
FNDA:0,(anonymous_11)
FNDA:0,(anonymous_12)
FNDA:0,(anonymous_13)
FNDA:0,(anonymous_14)
FNDA:0,(anonymous_15)
FNDA:0,(anonymous_16)
DA:37,0
DA:38,0
DA:39,0
DA:40,0
DA:41,0
DA:42,0
DA:43,0
DA:44,0
DA:45,0
DA:46,0
DA:47,0
DA:48,0
DA:49,0
DA:50,0
DA:52,0
DA:53,0
DA:56,0
DA:57,0
DA:58,0
DA:60,0
DA:61,0
DA:62,0
DA:63,0
DA:64,0
DA:67,0
DA:68,0
DA:70,0
DA:73,0
DA:76,0
DA:77,0
DA:78,0
DA:80,0
DA:81,0
DA:82,0
DA:84,0
DA:85,0
DA:88,0
DA:90,0
DA:94,0
DA:95,0
DA:96,0
DA:97,0
DA:98,0
DA:101,0
DA:102,0
DA:103,0
DA:104,0
DA:108,0
DA:109,0
DA:110,0
DA:113,0
DA:114,0
DA:115,0
DA:116,0
DA:119,0
DA:120,0
DA:121,0
DA:134,0
DA:135,0
DA:136,0
DA:137,0
DA:138,0
DA:141,0
DA:142,0
DA:145,0
DA:147,0
DA:151,0
DA:152,0
DA:155,0
DA:156,0
DA:163,0
DA:180,0
DA:187,0
DA:188,0
DA:204,0
DA:218,0
DA:224,0
DA:255,0
DA:308,0
DA:314,0
LF:80
LH:0
BRDA:62,0,0,0
BRDA:62,0,1,0
BRDA:64,1,0,0
BRDA:64,1,1,0
BRDA:67,2,0,0
BRDA:67,2,1,0
BRDA:80,3,0,0
BRDA:80,3,1,0
BRDA:82,4,0,0
BRDA:82,4,1,0
BRDA:94,5,0,0
BRDA:103,6,0,0
BRDA:103,6,1,0
BRDA:109,7,0,0
BRDA:109,7,1,0
BRDA:109,8,0,0
BRDA:109,8,1,0
BRDA:114,9,0,0
BRDA:114,9,1,0
BRDA:114,10,0,0
BRDA:114,10,1,0
BRDA:130,11,0,0
BRDA:130,11,1,0
BRDA:134,12,0,0
BRDA:134,12,1,0
BRDA:142,13,0,0
BRDA:142,13,1,0
BRDA:151,14,0,0
BRDA:151,14,1,0
BRDA:155,15,0,0
BRDA:155,15,1,0
BRDA:165,16,0,0
BRDA:165,16,1,0
BRDA:184,17,0,0
BRDA:184,17,1,0
BRDA:194,18,0,0
BRDA:194,18,1,0
BRDA:213,19,0,0
BRDA:213,19,1,0
BRDA:222,20,0,0
BRDA:222,20,1,0
BRDA:229,21,0,0
BRDA:229,21,1,0
BRDA:241,22,0,0
BRDA:241,22,1,0
BRDA:259,23,0,0
BRDA:259,23,1,0
BRDA:280,24,0,0
BRDA:280,24,1,0
BRDA:280,24,2,0
BRDA:290,25,0,0
BRDA:290,25,1,0
BRDA:290,25,2,0
BRDA:293,26,0,0
BRDA:293,26,1,0
BRDA:293,26,2,0
BRDA:296,27,0,0
BRDA:296,27,1,0
BRF:58
BRH:0
end_of_record
TN:
SF:app/(tabs)/waste/custom_category_request.tsx
FN:11,CustomCategoryRequestScreen
FN:22,(anonymous_1)
FN:29,(anonymous_2)
FN:51,(anonymous_3)
FN:71,(anonymous_4)
FN:143,(anonymous_5)
FNF:6
FNH:0
FNDA:0,CustomCategoryRequestScreen
FNDA:0,(anonymous_1)
FNDA:0,(anonymous_2)
FNDA:0,(anonymous_3)
FNDA:0,(anonymous_4)
FNDA:0,(anonymous_5)
DA:12,0
DA:13,0
DA:14,0
DA:15,0
DA:16,0
DA:17,0
DA:18,0
DA:19,0
DA:20,0
DA:22,0
DA:23,0
DA:24,0
DA:25,0
DA:26,0
DA:29,0
DA:30,0
DA:31,0
DA:32,0
DA:35,0
DA:36,0
DA:37,0
DA:49,0
DA:50,0
DA:51,0
DA:52,0
DA:55,0
DA:56,0
DA:59,0
DA:61,0
DA:65,0
DA:71,0
DA:143,0
DA:150,0
LF:33
LH:0
BRDA:22,0,0,0
BRDA:30,1,0,0
BRDA:30,1,1,0
BRDA:30,2,0,0
BRDA:30,2,1,0
BRDA:49,3,0,0
BRDA:49,3,1,0
BRDA:56,4,0,0
BRDA:56,4,1,0
BRDA:126,5,0,0
BRDA:126,5,1,0
BRDA:126,5,2,0
BRDA:126,5,3,0
BRDA:129,6,0,0
BRDA:129,6,1,0
BRDA:129,6,2,0
BRDA:132,7,0,0
BRDA:132,7,1,0
BRF:18
BRH:0
end_of_record
TN:
SF:app/(tabs)/waste/index.tsx
FN:48,WasteLogsScreen
FN:59,(anonymous_1)
FN:72,(anonymous_2)
FN:85,(anonymous_3)
FN:98,(anonymous_4)
FN:114,(anonymous_5)
FN:121,(anonymous_6)
FN:126,(anonymous_7)
FN:127,(anonymous_8)
FN:184,(anonymous_9)
FN:195,(anonymous_10)
FN:204,(anonymous_11)
FN:208,(anonymous_12)
FNF:13
FNH:0
FNDA:0,WasteLogsScreen
FNDA:0,(anonymous_1)
FNDA:0,(anonymous_2)
FNDA:0,(anonymous_3)
FNDA:0,(anonymous_4)
FNDA:0,(anonymous_5)
FNDA:0,(anonymous_6)
FNDA:0,(anonymous_7)
FNDA:0,(anonymous_8)
FNDA:0,(anonymous_9)
FNDA:0,(anonymous_10)
FNDA:0,(anonymous_11)
FNDA:0,(anonymous_12)
DA:12,0
DA:49,0
DA:50,0
DA:51,0
DA:55,0
DA:56,0
DA:57,0
DA:59,0
DA:60,0
DA:61,0
DA:67,0
DA:68,0
DA:72,0
DA:73,0
DA:74,0
DA:76,0
DA:77,0
DA:78,0
DA:81,0
DA:85,0
DA:86,0
DA:87,0
DA:89,0
DA:90,0
DA:91,0
DA:94,0
DA:98,0
DA:99,0
DA:100,0
DA:102,0
DA:103,0
DA:104,0
DA:110,0
DA:114,0
DA:115,0
DA:116,0
DA:120,0
DA:122,0
DA:126,0
DA:127,0
DA:128,0
DA:131,0
DA:132,0
DA:139,0
DA:184,0
DA:195,0
DA:205,0
DA:208,0
DA:260,0
LF:49
LH:0
BRDA:76,0,0,0
BRDA:76,0,1,0
BRDA:78,1,0,0
BRDA:78,1,1,0
BRDA:89,2,0,0
BRDA:89,2,1,0
BRDA:91,3,0,0
BRDA:91,3,1,0
BRDA:102,4,0,0
BRDA:102,4,1,0
BRDA:105,5,0,0
BRDA:105,5,1,0
BRDA:106,6,0,0
BRDA:106,6,1,0
BRDA:128,7,0,0
BRDA:128,7,1,0
BRDA:131,8,0,0
BRDA:131,8,1,0
BRDA:169,9,0,0
BRDA:169,9,1,0
BRDA:203,10,0,0
BRDA:203,10,1,0
BRDA:232,11,0,0
BRDA:232,11,1,0
BRF:24
BRH:0
end_of_record
TN:
SF:app/(welcome)/_layout.tsx
FN:7,RootLayout
FN:11,(anonymous_1)
FN:15,(anonymous_2)
FNF:3
FNH:0
FNDA:0,RootLayout
FNDA:0,(anonymous_1)
FNDA:0,(anonymous_2)
DA:8,0
DA:9,0
DA:11,0
DA:12,0
DA:15,0
DA:16,0
DA:18,0
DA:20,0
DA:22,0
DA:24,0
DA:26,0
DA:27,0
DA:30,0
DA:31,0
DA:32,0
DA:33,0
DA:38,0
DA:40,0
DA:44,0
DA:45,0
DA:52,0
DA:78,0
LF:22
LH:0
BRDA:20,0,0,0
BRDA:20,0,1,0
BRDA:24,1,0,0
BRDA:24,1,1,0
BRDA:31,2,0,0
BRDA:31,2,1,0
BRDA:44,3,0,0
BRDA:44,3,1,0
BRF:8
BRH:0
end_of_record
TN:
SF:app/(welcome)/index.tsx
FN:7,Index
FN:11,(anonymous_1)
FN:15,(anonymous_2)
FNF:3
FNH:0
FNDA:0,Index
FNDA:0,(anonymous_1)
FNDA:0,(anonymous_2)
DA:8,0
DA:9,0
DA:11,0
DA:12,0
DA:15,0
DA:16,0
DA:19,0
DA:83,0
LF:8
LH:0
BRF:0
BRH:0
end_of_record
TN:
SF:app/(welcome)/login.tsx
FN:13,LoginScreen
FN:24,(anonymous_1)
FN:31,(anonymous_2)
FN:71,(anonymous_3)
FN:86,(anonymous_4)
FN:124,(anonymous_5)
FN:149,(anonymous_6)
FN:163,(anonymous_7)
FNF:8
FNH:0
FNDA:0,LoginScreen
FNDA:0,(anonymous_1)
FNDA:0,(anonymous_2)
FNDA:0,(anonymous_3)
FNDA:0,(anonymous_4)
FNDA:0,(anonymous_5)
FNDA:0,(anonymous_6)
FNDA:0,(anonymous_7)
DA:14,0
DA:15,0
DA:16,0
DA:17,0
DA:18,0
DA:19,0
DA:20,0
DA:21,0
DA:22,0
DA:24,0
DA:25,0
DA:26,0
DA:27,0
DA:28,0
DA:31,0
DA:32,0
DA:33,0
DA:34,0
DA:37,0
DA:38,0
DA:39,0
DA:50,0
DA:51,0
DA:52,0
DA:53,0
DA:54,0
DA:55,0
DA:56,0
DA:57,0
DA:59,0
DA:62,0
DA:65,0
DA:67,0
DA:71,0
DA:72,0
DA:75,0
DA:86,0
DA:124,0
DA:149,0
DA:163,0
DA:169,0
LF:41
LH:0
BRDA:24,0,0,0
BRDA:32,1,0,0
BRDA:32,1,1,0
BRDA:32,2,0,0
BRDA:32,2,1,0
BRDA:50,3,0,0
BRDA:50,3,1,0
BRDA:52,4,0,0
BRDA:52,4,1,0
BRDA:83,5,0,0
BRDA:83,5,1,0
BRDA:125,6,0,0
BRDA:125,6,1,0
BRDA:130,7,0,0
BRDA:130,7,1,0
BRDA:136,8,0,0
BRDA:136,8,1,0
BRF:17
BRH:0
end_of_record
TN:
SF:app/(welcome)/register.tsx
FN:11,RegisterScreen
FN:26,(anonymous_1)
FN:33,(anonymous_2)
FN:61,(anonymous_3)
FN:96,(anonymous_4)
FN:137,(anonymous_5)
FN:152,(anonymous_6)
FN:176,(anonymous_7)
FNF:8
FNH:0
FNDA:0,RegisterScreen
FNDA:0,(anonymous_1)
FNDA:0,(anonymous_2)
FNDA:0,(anonymous_3)
FNDA:0,(anonymous_4)
FNDA:0,(anonymous_5)
FNDA:0,(anonymous_6)
FNDA:0,(anonymous_7)
DA:12,0
DA:13,0
DA:14,0
DA:15,0
DA:16,0
DA:17,0
DA:18,0
DA:19,0
DA:20,0
DA:21,0
DA:22,0
DA:23,0
DA:24,0
DA:26,0
DA:27,0
DA:28,0
DA:29,0
DA:30,0
DA:33,0
DA:34,0
DA:35,0
DA:36,0
DA:39,0
DA:40,0
DA:41,0
DA:44,0
DA:45,0
DA:46,0
DA:59,0
DA:60,0
DA:61,0
DA:62,0
DA:63,0
DA:72,0
DA:73,0
DA:74,0
DA:75,0
DA:76,0
DA:77,0
DA:78,0
DA:80,0
DA:84,0
DA:86,0
DA:90,0
DA:96,0
DA:137,0
DA:152,0
DA:176,0
DA:182,0
LF:49
LH:0
BRDA:26,0,0,0
BRDA:34,1,0,0
BRDA:34,1,1,0
BRDA:34,2,0,0
BRDA:34,2,1,0
BRDA:34,2,2,0
BRDA:34,2,3,0
BRDA:39,3,0,0
BRDA:39,3,1,0
BRDA:59,4,0,0
BRDA:59,4,1,0
BRDA:73,5,0,0
BRDA:73,5,1,0
BRDA:75,6,0,0
BRDA:75,6,1,0
BRDA:77,7,0,0
BRDA:77,7,1,0
BRDA:93,8,0,0
BRDA:93,8,1,0
BRDA:138,9,0,0
BRDA:138,9,1,0
BRDA:153,10,0,0
BRDA:153,10,1,0
BRDA:158,11,0,0
BRDA:158,11,1,0
BRDA:164,12,0,0
BRDA:164,12,1,0
BRF:27
BRH:0
end_of_record
TN:
SF:app/(welcome)/reset-password.tsx
FN:11,ResetPasswordScreen
FN:20,(anonymous_1)
FN:27,(anonymous_2)
FN:48,(anonymous_3)
FN:68,(anonymous_4)
FN:111,(anonymous_5)
FNF:6
FNH:0
FNDA:0,ResetPasswordScreen
FNDA:0,(anonymous_1)
FNDA:0,(anonymous_2)
FNDA:0,(anonymous_3)
FNDA:0,(anonymous_4)
FNDA:0,(anonymous_5)
DA:12,0
DA:13,0
DA:14,0
DA:15,0
DA:16,0
DA:17,0
DA:18,0
DA:20,0
DA:21,0
DA:22,0
DA:23,0
DA:24,0
DA:27,0
DA:28,0
DA:29,0
DA:30,0
DA:33,0
DA:34,0
DA:35,0
DA:42,0
DA:43,0
DA:48,0
DA:49,0
DA:50,0
DA:53,0
DA:56,0
DA:58,0
DA:62,0
DA:68,0
DA:111,0
DA:117,0
LF:31
LH:0
BRDA:20,0,0,0
BRDA:28,1,0,0
BRDA:28,1,1,0
BRDA:42,2,0,0
BRDA:42,2,1,0
BRDA:65,3,0,0
BRDA:65,3,1,0
BRDA:99,4,0,0
BRDA:99,4,1,0
BRF:9
BRH:0
end_of_record
TN:
SF:components/CustomAlert.tsx
FN:12,CustomAlert
FNF:1
FNH:0
FNDA:0,CustomAlert
DA:13,0
DA:40,0
LF:2
LH:0
BRDA:12,0,0,0
BRDA:22,1,0,0
BRDA:22,1,1,0
BRDA:24,2,0,0
BRDA:24,2,1,0
BRF:5
BRH:0
end_of_record
TN:
SF:components/HapticTab.tsx
FN:5,HapticTab
FN:9,(anonymous_1)
FNF:2
FNH:0
FNDA:0,HapticTab
FNDA:0,(anonymous_1)
DA:6,0
DA:10,0
DA:12,0
DA:14,0
LF:4
LH:0
BRDA:10,0,0,0
BRDA:10,0,1,0
BRF:2
BRH:0
end_of_record
TN:
SF:components/ThemedText.tsx
FN:11,ThemedText
FNF:1
FNH:0
FNDA:0,ThemedText
DA:18,0
DA:20,0
DA:36,0
LF:3
LH:0
BRDA:15,0,0,0
BRDA:24,1,0,0
BRDA:24,1,1,0
BRDA:25,2,0,0
BRDA:25,2,1,0
BRDA:26,3,0,0
BRDA:26,3,1,0
BRDA:27,4,0,0
BRDA:27,4,1,0
BRDA:28,5,0,0
BRDA:28,5,1,0
BRF:11
BRH:0
end_of_record
TN:
SF:components/ThemedView.tsx
FN:10,ThemedView
FNF:1
FNH:0
FNDA:0,ThemedView
DA:11,0
DA:13,0
LF:2
LH:0
BRF:0
BRH:0
end_of_record
TN:
SF:components/ui/IconSymbol.tsx
FN:37,IconSymbol
FNF:1
FNH:0
FNDA:0,IconSymbol
DA:9,0
DA:49,0
LF:2
LH:0
BRDA:39,0,0,0
BRF:1
BRH:0
end_of_record
TN:
SF:components/ui/TabBarBackground.tsx
FN:4,useBottomTabOverflow
FNF:1
FNH:0
FNDA:0,useBottomTabOverflow
DA:5,0
LF:1
LH:0
BRF:0
BRH:0
end_of_record
TN:
SF:components/ui/styles.ts
FNF:0
FNH:0
DA:4,0
DA:18,0
LF:2
LH:0
BRF:0
BRH:0
end_of_record
TN:
SF:constants/Colors.ts
FNF:0
FNH:0
DA:6,0
DA:7,0
DA:9,0
LF:3
LH:0
BRF:0
BRH:0
end_of_record
TN:
SF:constants/api.ts
FN:18,(anonymous_0)
FN:27,(anonymous_1)
FN:28,(anonymous_2)
FN:35,(anonymous_3)
FN:40,(anonymous_4)
FN:44,(anonymous_5)
FN:56,(anonymous_6)
FN:58,(anonymous_7)
FN:66,(anonymous_8)
FN:67,(anonymous_9)
FN:74,(anonymous_10)
FNF:11
FNH:0
FNDA:0,(anonymous_0)
FNDA:0,(anonymous_1)
FNDA:0,(anonymous_2)
FNDA:0,(anonymous_3)
FNDA:0,(anonymous_4)
FNDA:0,(anonymous_5)
FNDA:0,(anonymous_6)
FNDA:0,(anonymous_7)
FNDA:0,(anonymous_8)
FNDA:0,(anonymous_9)
FNDA:0,(anonymous_10)
DA:4,1
DA:8,1
DA:19,0
DA:27,0
DA:28,0
DA:35,0
DA:40,0
DA:44,0
DA:57,0
DA:59,0
DA:66,0
DA:68,0
DA:74,1
LF:13
LH:3
BRF:0
BRH:0
end_of_record
TN:
SF:hooks/useColorScheme.ts
FNF:0
FNH:0
LF:0
LH:0
BRF:0
BRH:0
end_of_record
TN:
SF:hooks/useColorScheme.web.ts
FN:7,useColorScheme
FN:10,(anonymous_1)
FNF:2
FNH:0
FNDA:0,useColorScheme
FNDA:0,(anonymous_1)
DA:8,0
DA:10,0
DA:11,0
DA:14,0
DA:16,0
DA:17,0
DA:20,0
LF:7
LH:0
BRDA:16,0,0,0
BRDA:16,0,1,0
BRF:2
BRH:0
end_of_record
TN:
SF:hooks/useRoleProtection.ts
FN:13,useRoleProtection
FN:20,(anonymous_1)
FN:21,checkTokenRole
FN:40,(anonymous_3)
FN:51,(anonymous_4)
FNF:5
FNH:0
FNDA:0,useRoleProtection
FNDA:0,(anonymous_1)
FNDA:0,checkTokenRole
FNDA:0,(anonymous_3)
FNDA:0,(anonymous_4)
DA:14,0
DA:15,0
DA:16,0
DA:17,0
DA:20,0
DA:22,0
DA:23,0
DA:24,0
DA:25,0
DA:27,0
DA:29,0
DA:30,0
DA:31,0
DA:33,0
DA:34,0
DA:37,0
DA:40,0
DA:44,0
DA:45,0
DA:48,0
DA:51,0
DA:54,0
DA:58,0
DA:61,0
LF:24
LH:0
BRDA:13,0,0,0
BRDA:29,1,0,0
BRDA:29,1,1,0
BRDA:29,2,0,0
BRDA:29,2,1,0
BRDA:33,3,0,0
BRDA:33,3,1,0
BRF:7
BRH:0
end_of_record
TN:
SF:hooks/useThemeColor.ts
FN:9,useThemeColor
FNF:1
FNH:0
FNDA:0,useThemeColor
DA:13,0
DA:14,0
DA:16,0
DA:17,0
DA:19,0
LF:5
LH:0
BRDA:13,0,0,0
BRDA:13,0,1,0
BRDA:16,1,0,0
BRDA:16,1,1,0
BRF:4
BRH:0
end_of_record
