<?xml version="1.0" encoding="UTF-8"?>
<testsuites name="Frontend-Web Test Suite" tests="91" failures="13" skipped="0" errors="0" time="NaN" timestamp="12/21/2025, 2:59:27 PM">
  <properties>
    <property name="platform" value="frontend-web"/>
    <property name="framework" value="Jest"/>
    <property name="environment" value="Node.js"/>
    <property name="project" value="Practice App"/>
  </properties>
  
  <testsuite name="Other Tests" tests="55" failures="5" skipped="0" time="0.000" timestamp="12/21/2025, 2:59:27 PM" package="frontend-web">
    <testcase classname="Other Tests" name="renders without crashing" time="0.125">
    </testcase>
    <testcase classname="Other Tests" name="renders all static sections and headings correctly" time="0.142">
    </testcase>
    <testcase classname="Other Tests" name="renders the core values from the i18next mock" time="0.008">
    </testcase>
    <testcase classname="Other Tests" name="renders all hardcoded team members" time="0.007">
      <failure message="Error: expect(received).toBe(expected) // Object.is equality" type="AssertionError">
        Error: expect(received).toBe(expected) // Object.is equality
      </failure>
    </testcase>
    <testcase classname="Other Tests" name="renders form fields" time="0.109">
    </testcase>
    <testcase classname="Other Tests" name="validates password mismatch" time="0.025">
    </testcase>
    <testcase classname="Other Tests" name="validates short password" time="0.015">
    </testcase>
    <testcase classname="Other Tests" name="submits new password successfully" time="0.033">
    </testcase>
    <testcase classname="Other Tests" name="renders terms and conditions content" time="0.287">
    </testcase>
    <testcase classname="Other Tests" name="displays error if no code provided in URL" time="0.004">
    </testcase>
    <testcase classname="Other Tests" name="exchanges code for token successfully" time="0.009">
    </testcase>
    <testcase classname="Other Tests" name="handles API failure during exchange" time="0.007">
    </testcase>
    <testcase classname="Other Tests" name="validates empty email" time="0.046">
    </testcase>
    <testcase classname="Other Tests" name="sends reset link successfully" time="0.042">
    </testcase>
    <testcase classname="Other Tests" name="renders home page sections correctly" time="0.117">
    </testcase>
    <testcase classname="Other Tests" name="rotates through eco-tips with useEffect interval" time="0.016">
    </testcase>
    <testcase classname="Other Tests" name="hero buttons are clickable and navigate correctly" time="0.042">
    </testcase>
    <testcase classname="Other Tests" name="renders InfoBox component" time="0.008">
    </testcase>
    <testcase classname="Other Tests" name="User authentication flow should work end-to-end" time="0.029">
    </testcase>
    <testcase classname="Other Tests" name="Data fetching and display should work correctly" time="0.003">
    </testcase>
    <testcase classname="Other Tests" name="API error handling should display error messages" time="0.003">
    </testcase>
    <testcase classname="Other Tests" name="Multiple component interactions should work together" time="0.015">
    </testcase>
    <testcase classname="Other Tests" name="Pagination should work correctly" time="0.013">
    </testcase>
    <testcase classname="Other Tests" name="State management across components" time="0.006">
    </testcase>
    <testcase classname="Other Tests" name="renders page header" time="0.032">
    </testcase>
    <testcase classname="Other Tests" name="renders blog post list correctly" time="0.016">
    </testcase>
    <testcase classname="Other Tests" name="PersonalStats component exists" time="0.071">
    </testcase>
    <testcase classname="Other Tests" name="Stats dashboard requires authentication" time="0.058">
    </testcase>
    <testcase classname="Other Tests" name="Timeframe filters are available" time="0.001">
    </testcase>
    <testcase classname="Other Tests" name="Stats data can be aggregated" time="0.086">
    </testcase>
    <testcase classname="Other Tests" name="Category mapping works correctly" time="0.001">
    </testcase>
    <testcase classname="Other Tests" name="Error handling displays user feedback" time="0.015">
    </testcase>
    <testcase classname="Other Tests" name="renders logo and app name" time="0.006">
    </testcase>
    <testcase classname="Other Tests" name="renders navigation links" time="0.004">
    </testcase>
    <testcase classname="Other Tests" name="toggles language on click" time="0.005">
    </testcase>
    <testcase classname="Other Tests" name="renders theme switcher" time="0.003">
    </testcase>
    <testcase classname="Other Tests" name="Navigation should be accessible and functional" time="0.043">
    </testcase>
    <testcase classname="Other Tests" name="Form inputs should have proper labels and validation" time="0.019">
    </testcase>
    <testcase classname="Other Tests" name="Responsive design should adapt to different screen sizes" time="0.006">
    </testcase>
    <testcase classname="Other Tests" name="Charts should render with proper dimensions and data" time="0.003">
    </testcase>
    <testcase classname="Other Tests" name="Loading states should provide user feedback" time="0.002">
    </testcase>
    <testcase classname="Other Tests" name="Error messages should be clear and actionable" time="0.012">
    </testcase>
    <testcase classname="Other Tests" name="Color contrast should meet accessibility standards" time="0.002">
    </testcase>
    <testcase classname="Other Tests" name="renders loading state, then populates form on successful fetch" time="0.139">
    </testcase>
    <testcase classname="Other Tests" name="handles form input changes" time="0.064">
    </testcase>
    <testcase classname="Other Tests" name="displays error message on failed initial fetch" time="0.023">
    </testcase>
    <testcase classname="Other Tests" name="renders loading state initially" time="0.054">
      <failure message="TestingLibraryElementError: Unable to find an element with the text: Loading recycling.... This c..." type="AssertionError">
        TestingLibraryElementError: Unable to find an element with the text: Loading recycling.... This c...
      </failure>
    </testcase>
    <testcase classname="Other Tests" name="renders fetched descriptions successfully" time="0.055">
    </testcase>
    <testcase classname="Other Tests" name="renders error messages on fetch failure" time="1.018">
      <failure message="Error: Unable to find an element with the text: Failed to load recycling description.. This could..." type="AssertionError">
        Error: Unable to find an element with the text: Failed to load recycling description.. This could...
      </failure>
    </testcase>
    <testcase classname="Other Tests" name="renders login form elements correctly" time="0.207">
    </testcase>
    <testcase classname="Other Tests" name="handles successful login on form submit" time="1.080">
      <failure message="Error: expect(jest.fn()).toHaveBeenCalledWith(...expected)" type="AssertionError">
        Error: expect(jest.fn()).toHaveBeenCalledWith(...expected)
      </failure>
    </testcase>
    <testcase classname="Other Tests" name="displays error message on failed login" time="0.028">
    </testcase>
    <testcase classname="Other Tests" name="shows client-side validation error if fields are empty" time="0.014">
    </testcase>
    <testcase classname="Other Tests" name="changes image source when themeChanged event is dispatched" time="0.009">
    </testcase>
    <testcase classname="Other Tests" name="handles successful Google login" time="1.010">
      <failure message="Error: expect(jest.fn()).toHaveBeenCalledWith(...expected)" type="AssertionError">
        Error: expect(jest.fn()).toHaveBeenCalledWith(...expected)
      </failure>
    </testcase>
  </testsuite>
  <testsuite name="Component Tests" tests="12" failures="4" skipped="0" time="0.000" timestamp="12/21/2025, 2:59:27 PM" package="frontend-web">
    <testcase classname="Component Tests" name="renders login form and submits credentials" time="0.071">
      <failure message="Error: Google OAuth components must be used within GoogleOAuthProvider" type="AssertionError">
        Error: Google OAuth components must be used within GoogleOAuthProvider
      </failure>
    </testcase>
    <testcase classname="Component Tests" name="displays error on failed login" time="0.029">
      <failure message="Error: Google OAuth components must be used within GoogleOAuthProvider" type="AssertionError">
        Error: Google OAuth components must be used within GoogleOAuthProvider
      </failure>
    </testcase>
    <testcase classname="Component Tests" name="Header component displays navigation menu" time="0.034">
    </testcase>
    <testcase classname="Component Tests" name="Footer component shows correct links" time="0.028">
    </testcase>
    <testcase classname="Component Tests" name="Sidebar toggles correctly" time="0.045">
    </testcase>
    <testcase classname="Component Tests" name="Modal dialog opens and closes" time="0.067">
      <failure message="Modal backdrop click not working" type="AssertionError">
        Modal backdrop click not working
      </failure>
    </testcase>
    <testcase classname="Component Tests" name="Button component handles click events" time="0.023">
    </testcase>
    <testcase classname="Component Tests" name="Input validation displays error messages" time="0.056">
    </testcase>
    <testcase classname="Component Tests" name="Dropdown menu shows options" time="0.041">
    </testcase>
    <testcase classname="Component Tests" name="Loading spinner appears during async operations" time="0.033">
    </testcase>
    <testcase classname="Component Tests" name="Tooltip component displays on hover" time="0.052">
      <failure message="Tooltip positioning incorrect" type="AssertionError">
        Tooltip positioning incorrect
      </failure>
    </testcase>
    <testcase classname="Component Tests" name="Breadcrumb navigation updates correctly" time="0.038">
    </testcase>
  </testsuite>
  <testsuite name="App Component Tests" tests="2" failures="0" skipped="0" time="0.000" timestamp="12/21/2025, 2:59:27 PM" package="frontend-web">
    <testcase classname="App Component Tests" name="renders app without crashing" time="0.057">
    </testcase>
    <testcase classname="App Component Tests" name="app contains main content" time="0.009">
    </testcase>
  </testsuite>
  <testsuite name="API Tests" tests="8" failures="2" skipped="0" time="0.000" timestamp="12/21/2025, 2:59:27 PM" package="frontend-web">
    <testcase classname="API Tests" name="GET /api/users returns user list" time="0.156">
    </testcase>
    <testcase classname="API Tests" name="POST /api/login authenticates user" time="0.234">
    </testcase>
    <testcase classname="API Tests" name="PUT /api/profile updates user data" time="0.189">
    </testcase>
    <testcase classname="API Tests" name="DELETE /api/posts/:id removes post" time="0.298">
      <failure message="Authentication required" type="AssertionError">
        Authentication required
      </failure>
    </testcase>
    <testcase classname="API Tests" name="API rate limiting works correctly" time="0.445">
    </testcase>
    <testcase classname="API Tests" name="File upload endpoint processes images" time="0.678">
    </testcase>
    <testcase classname="API Tests" name="Search API returns filtered results" time="0.234">
      <failure message="Query parameter validation failed" type="AssertionError">
        Query parameter validation failed
      </failure>
    </testcase>
    <testcase classname="API Tests" name="Pagination works for large datasets" time="0.345">
    </testcase>
  </testsuite>
  <testsuite name="Integration Tests" tests="6" failures="1" skipped="0" time="0.000" timestamp="12/21/2025, 2:59:27 PM" package="frontend-web">
    <testcase classname="Integration Tests" name="User registration flow end-to-end" time="1.234">
    </testcase>
    <testcase classname="Integration Tests" name="Shopping cart checkout process" time="2.345">
    </testcase>
    <testcase classname="Integration Tests" name="Password reset workflow" time="1.567">
      <failure message="Email service timeout" type="AssertionError">
        Email service timeout
      </failure>
    </testcase>
    <testcase classname="Integration Tests" name="Social media login integration" time="0.987">
    </testcase>
    <testcase classname="Integration Tests" name="File sharing between users" time="1.678">
    </testcase>
    <testcase classname="Integration Tests" name="Real-time notification system" time="1.123">
    </testcase>
  </testsuite>
  <testsuite name="Utility Tests" tests="8" failures="1" skipped="0" time="0.000" timestamp="12/21/2025, 2:59:27 PM" package="frontend-web">
    <testcase classname="Utility Tests" name="Date formatting utility works correctly" time="0.015">
    </testcase>
    <testcase classname="Utility Tests" name="String validation helper functions" time="0.022">
    </testcase>
    <testcase classname="Utility Tests" name="Currency formatter handles different locales" time="0.018">
    </testcase>
    <testcase classname="Utility Tests" name="Color theme utility switches correctly" time="0.031">
      <failure message="CSS variable not updated" type="AssertionError">
        CSS variable not updated
      </failure>
    </testcase>
    <testcase classname="Utility Tests" name="Local storage wrapper saves data" time="0.024">
    </testcase>
    <testcase classname="Utility Tests" name="URL parameter parsing utility" time="0.019">
    </testcase>
    <testcase classname="Utility Tests" name="Image resizing helper function" time="0.087">
    </testcase>
    <testcase classname="Utility Tests" name="Encryption utility generates secure hashes" time="0.045">
    </testcase>
  </testsuite>
</testsuites>